<html xmlns:math="http://exslt.org/math" xmlns:testng="http://testng.org">
   <head>
      <title>TestNG Results</title>
      <meta http-equiv="content-type" content="text/html; charset=utf-8"></meta>
      <meta http-equiv="pragma" content="no-cache"></meta>
      <meta http-equiv="cache-control" content="max-age=0"></meta>
      <meta http-equiv="cache-control" content="no-cache"></meta>
      <meta http-equiv="cache-control" content="no-store"></meta>
      <LINK rel="stylesheet" href="style.css"></LINK>
      <script type="text/javascript" src="main.js"></script>
   </head>
   <body>
      <table width="100%" style="font-size: 16px; margin-bottom: 10px;" cellspacing="1">
         <tr>
            <td width="100%">
               Test case
               
               <b>P2P_PPM模式下购买手机系列A产品的测试场景点</b>
            </td>
            <td style="background-color: #FFBBBB; padding: 3px 3px 3px 0;" align="center">
               <div style="width: 50px;">23</div>
            </td>
            <td style="background-color: lightgreen; padding: 3px 3px 3px 0;" align="center">
               <div style="width: 50px;">1</div>
            </td>
            <td style="background-color: #FFFFBB; padding: 3px 3px 3px 0;" align="center">
               <div style="width: 50px;">0</div>
            </td>
            <td align="center" style="background-color: #eaf0f7; padding: 3px 3px 3px 0;">
               <div style="width: 50px;">24</div>
            </td>
            <td align="center"
                style="font-weight: bold; background-color: #eaf0f7; padding: 3px 3px 3px 0;">
               <div style="width: 50px;">4%</div>
            </td>
         </tr>
      </table>
      <div style="width: 200px;">
         <label for="groupMethodsCheckBox" style="font-weight: bold; margin: 0;">
            <input id="groupMethodsCheckBox" type="checkbox" onclick="switchTestMethodsView(this)"></input>
            Group by class
            
         </label>
         <br></br>
         <label for="methodsFilter_ALL" style="font-weight: bold; margin: 0;">
            <input id="methodsFilter_ALL" type="checkbox"
                   onclick="testMethodsFilterChanged(this, 'ALL')"></input>
            All
            
         </label>
      </div>
      <label for="methodsFilter_FAIL" style="margin-left: 20px;">
         <input id="methodsFilter_FAIL" type="checkbox"
                onclick="testMethodsFilterChanged(this, 'FAIL')"
                checked=""></input>
         Failed
         
      </label>
      <label for="methodsFilter_PASS">
         <input id="methodsFilter_PASS" type="checkbox"
                onclick="testMethodsFilterChanged(this, 'PASS')"
                checked=""></input>
         Passed
         
      </label>
      <label for="methodsFilter_SKIP">
         <input id="methodsFilter_SKIP" type="checkbox"
                onclick="testMethodsFilterChanged(this, 'SKIP')"
                checked=""></input>
         Skipped
         
      </label>
      <label for="methodsFilter_CONF">
         <input id="methodsFilter_CONF" type="checkbox"
                onclick="testMethodsFilterChanged(this, 'CONF')"></input>
         Config
         
      </label>
      <br></br>
      <div id="testMethodsByStatus">
         <table class="testMethodsTable" cellpadding="0" cellspacing="0">
            <tr class="methodsTableHeader">
               <td width="100%">Name</td>
               <td nowrap="true">Started</td>
               <td nowrap="true">Duration</td>
               <td>Exception</td>
            </tr>
            <tr id="TestCases.P2P_PPM_Mobile_SeriesA_case1_byStatus_failed_FAIL1_row"
                class="testMethodStatusFAIL">
               <td width="100%" class="firstMethodCell">
                  <a onclick="toggleDetailsVisibility('TestCases.P2P_PPM_Mobile_SeriesA_case1_byStatus_failed_FAIL1_details')">case1()</a>
               </td>
               <td nowrap="true">18:19:02</td>
               <td nowrap="true" align="right">10s
                  
               </td>
               <td nowrap="true">
                  <a onclick="toggleDetailsVisibility('TestCases.P2P_PPM_Mobile_SeriesA_case1_byStatus_failed_FAIL1_exception')">java.lang.IndexOutOfBoundsException: 
                     Index: 0, Size: 0
                     
                  </a>
                   
                  
               </td>
            </tr>
            <tr>
               <td colspan="4"
                   style="padding: 0; background-color: white; border-style: none; height: 0px;">
                  <div id="TestCases.P2P_PPM_Mobile_SeriesA_case1_byStatus_failed_FAIL1_details"
                       class="testMethodDetails">
                     <div>
                        <b>Name:
                           
                        </b>case1
                     </div>
                     <div>
                        <b>Signature:
                           
                        </b>case1()[pri:0, instance:TestCases.P2P_PPM_Mobile_SeriesA@57829d67]
                     </div>
                     <div>
                        <b>Start time:
                           
                        </b>18:19:02
                     </div>
                     <div>
                        <b>End time:
                           
                        </b>18:19:12
                     </div>
                     <div>
                        <b>Duration:
                           
                        </b>10s
                        
                     </div>
                  </div>
               </td>
            </tr>
            <tr>
               <td colspan="4"
                   style="padding: 0; background-color: white; border-style: none; height: 0px;">
                  <div id="TestCases.P2P_PPM_Mobile_SeriesA_case1_byStatus_failed_FAIL1_exception"
                       class="testMethodDetails">
                     <pre style="padding: 5px; margin: 0;">java.lang.IndexOutOfBoundsException: Index: 0, Size: 0
                        	at java.util.ArrayList.rangeCheck(ArrayList.java:653)
                        	at java.util.ArrayList.get(ArrayList.java:429)
                        	at com.dafycredit.giveu.test.util.Appium_Util.getElement(Appium_Util.java:90)
                        	at com.dafycredit.giveu.test.base.Step_Action$3.run(Step_Action.java:52)
                        	at com.dafycredit.giveu.test.service.RunUnit_Service.runCase(RunUnit_Service.java:101)
                        	at TestCases.P2P_PPM_Mobile_SeriesA.case1(P2P_PPM_Mobile_SeriesA.java:30)
                        	at sun.reflect.NativeMethodAccessorImpl.invoke0(Native Method)
                        	at sun.reflect.NativeMethodAccessorImpl.invoke(NativeMethodAccessorImpl.java:62)
                        	at sun.reflect.DelegatingMethodAccessorImpl.invoke(DelegatingMethodAccessorImpl.java:43)
                        	at java.lang.reflect.Method.invoke(Method.java:498)
                        	at org.testng.internal.MethodInvocationHelper.invokeMethod(MethodInvocationHelper.java:86)
                        	at org.testng.internal.InvokeMethodRunnable.runOne(InvokeMethodRunnable.java:54)
                        	at org.testng.internal.InvokeMethodRunnable.run(InvokeMethodRunnable.java:44)
                        	at java.util.concurrent.Executors$RunnableAdapter.call(Executors.java:511)
                        	at java.util.concurrent.FutureTask.run(FutureTask.java:266)
                        	at java.util.concurrent.ThreadPoolExecutor.runWorker(ThreadPoolExecutor.java:1142)
                        	at java.util.concurrent.ThreadPoolExecutor$Worker.run(ThreadPoolExecutor.java:617)
                        	at java.lang.Thread.run(Thread.java:745)
                     </pre>
                  </div>
               </td>
            </tr>
            <tr id="TestCases.P2P_PPM_Mobile_SeriesA_case2_byStatus_failed_FAIL2_row"
                class="testMethodStatusFAIL">
               <td width="100%" class="firstMethodCell">
                  <a onclick="toggleDetailsVisibility('TestCases.P2P_PPM_Mobile_SeriesA_case2_byStatus_failed_FAIL2_details')">case2()</a>
               </td>
               <td nowrap="true">18:19:12</td>
               <td nowrap="true" align="right">31s
                  
               </td>
               <td nowrap="true">
                  <a onclick="toggleDetailsVisibility('TestCases.P2P_PPM_Mobile_SeriesA_case2_byStatus_failed_FAIL2_exception')">java.lang.reflect.InvocationTargetException: </a>
                   
                  
               </td>
            </tr>
            <tr>
               <td colspan="4"
                   style="padding: 0; background-color: white; border-style: none; height: 0px;">
                  <div id="TestCases.P2P_PPM_Mobile_SeriesA_case2_byStatus_failed_FAIL2_details"
                       class="testMethodDetails">
                     <div>
                        <b>Name:
                           
                        </b>case2
                     </div>
                     <div>
                        <b>Signature:
                           
                        </b>case2()[pri:0, instance:TestCases.P2P_PPM_Mobile_SeriesA@57829d67]
                     </div>
                     <div>
                        <b>Start time:
                           
                        </b>18:19:12
                     </div>
                     <div>
                        <b>End time:
                           
                        </b>18:19:42
                     </div>
                     <div>
                        <b>Duration:
                           
                        </b>31s
                        
                     </div>
                  </div>
               </td>
            </tr>
            <tr>
               <td colspan="4"
                   style="padding: 0; background-color: white; border-style: none; height: 0px;">
                  <div id="TestCases.P2P_PPM_Mobile_SeriesA_case2_byStatus_failed_FAIL2_exception"
                       class="testMethodDetails">
                     <pre style="padding: 5px; margin: 0;">java.lang.reflect.InvocationTargetException
                        	at sun.reflect.GeneratedMethodAccessor22.invoke(Unknown Source)
                        	at sun.reflect.DelegatingMethodAccessorImpl.invoke(DelegatingMethodAccessorImpl.java:43)
                        	at java.lang.reflect.Method.invoke(Method.java:498)
                        	at com.dafycredit.giveu.test.service.RunUnit_Service.runCase(RunUnit_Service.java:99)
                        	at TestCases.P2P_PPM_Mobile_SeriesA.case2(P2P_PPM_Mobile_SeriesA.java:36)
                        	at sun.reflect.NativeMethodAccessorImpl.invoke0(Native Method)
                        	at sun.reflect.NativeMethodAccessorImpl.invoke(NativeMethodAccessorImpl.java:62)
                        	at sun.reflect.DelegatingMethodAccessorImpl.invoke(DelegatingMethodAccessorImpl.java:43)
                        	at java.lang.reflect.Method.invoke(Method.java:498)
                        	at org.testng.internal.MethodInvocationHelper.invokeMethod(MethodInvocationHelper.java:86)
                        	at org.testng.internal.InvokeMethodRunnable.runOne(InvokeMethodRunnable.java:54)
                        	at org.testng.internal.InvokeMethodRunnable.run(InvokeMethodRunnable.java:44)
                        	at java.util.concurrent.Executors$RunnableAdapter.call(Executors.java:511)
                        	at java.util.concurrent.FutureTask.run(FutureTask.java:266)
                        	at java.util.concurrent.ThreadPoolExecutor.runWorker(ThreadPoolExecutor.java:1142)
                        	at java.util.concurrent.ThreadPoolExecutor$Worker.run(ThreadPoolExecutor.java:617)
                        	at java.lang.Thread.run(Thread.java:745)
                        Caused by: java.lang.IndexOutOfBoundsException: Index: 0, Size: 0
                        	at java.util.ArrayList.rangeCheck(ArrayList.java:653)
                        	at java.util.ArrayList.get(ArrayList.java:429)
                        	at com.dafycredit.giveu.test.util.Appium_Util.getElement(Appium_Util.java:90)
                        	at com.dafycredit.giveu.test.handler.ClickAction_Handler.click(ClickAction_Handler.java:30)
                        	... 17 more
                     </pre>
                  </div>
               </td>
            </tr>
            <tr id="TestCases.P2P_PPM_Mobile_SeriesA_case3_byStatus_failed_FAIL3_row"
                class="testMethodStatusFAIL">
               <td width="100%" class="firstMethodCell">
                  <a onclick="toggleDetailsVisibility('TestCases.P2P_PPM_Mobile_SeriesA_case3_byStatus_failed_FAIL3_details')">case3()</a>
               </td>
               <td nowrap="true">18:19:42</td>
               <td nowrap="true" align="right">30s
                  
               </td>
               <td nowrap="true">
                  <a onclick="toggleDetailsVisibility('TestCases.P2P_PPM_Mobile_SeriesA_case3_byStatus_failed_FAIL3_exception')">java.lang.reflect.InvocationTargetException: </a>
                   
                  
               </td>
            </tr>
            <tr>
               <td colspan="4"
                   style="padding: 0; background-color: white; border-style: none; height: 0px;">
                  <div id="TestCases.P2P_PPM_Mobile_SeriesA_case3_byStatus_failed_FAIL3_details"
                       class="testMethodDetails">
                     <div>
                        <b>Name:
                           
                        </b>case3
                     </div>
                     <div>
                        <b>Signature:
                           
                        </b>case3()[pri:0, instance:TestCases.P2P_PPM_Mobile_SeriesA@57829d67]
                     </div>
                     <div>
                        <b>Start time:
                           
                        </b>18:19:42
                     </div>
                     <div>
                        <b>End time:
                           
                        </b>18:20:12
                     </div>
                     <div>
                        <b>Duration:
                           
                        </b>30s
                        
                     </div>
                  </div>
               </td>
            </tr>
            <tr>
               <td colspan="4"
                   style="padding: 0; background-color: white; border-style: none; height: 0px;">
                  <div id="TestCases.P2P_PPM_Mobile_SeriesA_case3_byStatus_failed_FAIL3_exception"
                       class="testMethodDetails">
                     <pre style="padding: 5px; margin: 0;">java.lang.reflect.InvocationTargetException
                        	at sun.reflect.GeneratedMethodAccessor22.invoke(Unknown Source)
                        	at sun.reflect.DelegatingMethodAccessorImpl.invoke(DelegatingMethodAccessorImpl.java:43)
                        	at java.lang.reflect.Method.invoke(Method.java:498)
                        	at com.dafycredit.giveu.test.service.RunUnit_Service.runCase(RunUnit_Service.java:99)
                        	at TestCases.P2P_PPM_Mobile_SeriesA.case3(P2P_PPM_Mobile_SeriesA.java:42)
                        	at sun.reflect.NativeMethodAccessorImpl.invoke0(Native Method)
                        	at sun.reflect.NativeMethodAccessorImpl.invoke(NativeMethodAccessorImpl.java:62)
                        	at sun.reflect.DelegatingMethodAccessorImpl.invoke(DelegatingMethodAccessorImpl.java:43)
                        	at java.lang.reflect.Method.invoke(Method.java:498)
                        	at org.testng.internal.MethodInvocationHelper.invokeMethod(MethodInvocationHelper.java:86)
                        	at org.testng.internal.InvokeMethodRunnable.runOne(InvokeMethodRunnable.java:54)
                        	at org.testng.internal.InvokeMethodRunnable.run(InvokeMethodRunnable.java:44)
                        	at java.util.concurrent.Executors$RunnableAdapter.call(Executors.java:511)
                        	at java.util.concurrent.FutureTask.run(FutureTask.java:266)
                        	at java.util.concurrent.ThreadPoolExecutor.runWorker(ThreadPoolExecutor.java:1142)
                        	at java.util.concurrent.ThreadPoolExecutor$Worker.run(ThreadPoolExecutor.java:617)
                        	at java.lang.Thread.run(Thread.java:745)
                        Caused by: java.lang.IndexOutOfBoundsException: Index: 0, Size: 0
                        	at java.util.ArrayList.rangeCheck(ArrayList.java:653)
                        	at java.util.ArrayList.get(ArrayList.java:429)
                        	at com.dafycredit.giveu.test.util.Appium_Util.getElement(Appium_Util.java:90)
                        	at com.dafycredit.giveu.test.handler.ClickAction_Handler.click(ClickAction_Handler.java:30)
                        	... 17 more
                     </pre>
                  </div>
               </td>
            </tr>
            <tr id="TestCases.P2P_PPM_Mobile_SeriesA_case4_byStatus_failed_FAIL4_row"
                class="testMethodStatusFAIL">
               <td width="100%" class="firstMethodCell">
                  <a onclick="toggleDetailsVisibility('TestCases.P2P_PPM_Mobile_SeriesA_case4_byStatus_failed_FAIL4_details')">case4()</a>
               </td>
               <td nowrap="true">18:20:12</td>
               <td nowrap="true" align="right">30s
                  
               </td>
               <td nowrap="true">
                  <a onclick="toggleDetailsVisibility('TestCases.P2P_PPM_Mobile_SeriesA_case4_byStatus_failed_FAIL4_exception')">java.lang.reflect.InvocationTargetException: </a>
                   
                  
               </td>
            </tr>
            <tr>
               <td colspan="4"
                   style="padding: 0; background-color: white; border-style: none; height: 0px;">
                  <div id="TestCases.P2P_PPM_Mobile_SeriesA_case4_byStatus_failed_FAIL4_details"
                       class="testMethodDetails">
                     <div>
                        <b>Name:
                           
                        </b>case4
                     </div>
                     <div>
                        <b>Signature:
                           
                        </b>case4()[pri:0, instance:TestCases.P2P_PPM_Mobile_SeriesA@57829d67]
                     </div>
                     <div>
                        <b>Start time:
                           
                        </b>18:20:12
                     </div>
                     <div>
                        <b>End time:
                           
                        </b>18:20:43
                     </div>
                     <div>
                        <b>Duration:
                           
                        </b>30s
                        
                     </div>
                  </div>
               </td>
            </tr>
            <tr>
               <td colspan="4"
                   style="padding: 0; background-color: white; border-style: none; height: 0px;">
                  <div id="TestCases.P2P_PPM_Mobile_SeriesA_case4_byStatus_failed_FAIL4_exception"
                       class="testMethodDetails">
                     <pre style="padding: 5px; margin: 0;">java.lang.reflect.InvocationTargetException
                        	at sun.reflect.GeneratedMethodAccessor22.invoke(Unknown Source)
                        	at sun.reflect.DelegatingMethodAccessorImpl.invoke(DelegatingMethodAccessorImpl.java:43)
                        	at java.lang.reflect.Method.invoke(Method.java:498)
                        	at com.dafycredit.giveu.test.service.RunUnit_Service.runCase(RunUnit_Service.java:99)
                        	at TestCases.P2P_PPM_Mobile_SeriesA.case4(P2P_PPM_Mobile_SeriesA.java:48)
                        	at sun.reflect.NativeMethodAccessorImpl.invoke0(Native Method)
                        	at sun.reflect.NativeMethodAccessorImpl.invoke(NativeMethodAccessorImpl.java:62)
                        	at sun.reflect.DelegatingMethodAccessorImpl.invoke(DelegatingMethodAccessorImpl.java:43)
                        	at java.lang.reflect.Method.invoke(Method.java:498)
                        	at org.testng.internal.MethodInvocationHelper.invokeMethod(MethodInvocationHelper.java:86)
                        	at org.testng.internal.InvokeMethodRunnable.runOne(InvokeMethodRunnable.java:54)
                        	at org.testng.internal.InvokeMethodRunnable.run(InvokeMethodRunnable.java:44)
                        	at java.util.concurrent.Executors$RunnableAdapter.call(Executors.java:511)
                        	at java.util.concurrent.FutureTask.run(FutureTask.java:266)
                        	at java.util.concurrent.ThreadPoolExecutor.runWorker(ThreadPoolExecutor.java:1142)
                        	at java.util.concurrent.ThreadPoolExecutor$Worker.run(ThreadPoolExecutor.java:617)
                        	at java.lang.Thread.run(Thread.java:745)
                        Caused by: java.lang.IndexOutOfBoundsException: Index: 0, Size: 0
                        	at java.util.ArrayList.rangeCheck(ArrayList.java:653)
                        	at java.util.ArrayList.get(ArrayList.java:429)
                        	at com.dafycredit.giveu.test.util.Appium_Util.getElement(Appium_Util.java:90)
                        	at com.dafycredit.giveu.test.handler.ClickAction_Handler.click(ClickAction_Handler.java:30)
                        	... 17 more
                     </pre>
                  </div>
               </td>
            </tr>
            <tr id="TestCases.P2P_PPM_Mobile_SeriesA_case5_byStatus_failed_FAIL5_row"
                class="testMethodStatusFAIL">
               <td width="100%" class="firstMethodCell">
                  <a onclick="toggleDetailsVisibility('TestCases.P2P_PPM_Mobile_SeriesA_case5_byStatus_failed_FAIL5_details')">case5()</a>
               </td>
               <td nowrap="true">18:20:43</td>
               <td nowrap="true" align="right">31s
                  
               </td>
               <td nowrap="true">
                  <a onclick="toggleDetailsVisibility('TestCases.P2P_PPM_Mobile_SeriesA_case5_byStatus_failed_FAIL5_exception')">java.lang.reflect.InvocationTargetException: </a>
                   
                  
               </td>
            </tr>
            <tr>
               <td colspan="4"
                   style="padding: 0; background-color: white; border-style: none; height: 0px;">
                  <div id="TestCases.P2P_PPM_Mobile_SeriesA_case5_byStatus_failed_FAIL5_details"
                       class="testMethodDetails">
                     <div>
                        <b>Name:
                           
                        </b>case5
                     </div>
                     <div>
                        <b>Signature:
                           
                        </b>case5()[pri:0, instance:TestCases.P2P_PPM_Mobile_SeriesA@57829d67]
                     </div>
                     <div>
                        <b>Start time:
                           
                        </b>18:20:43
                     </div>
                     <div>
                        <b>End time:
                           
                        </b>18:21:13
                     </div>
                     <div>
                        <b>Duration:
                           
                        </b>31s
                        
                     </div>
                  </div>
               </td>
            </tr>
            <tr>
               <td colspan="4"
                   style="padding: 0; background-color: white; border-style: none; height: 0px;">
                  <div id="TestCases.P2P_PPM_Mobile_SeriesA_case5_byStatus_failed_FAIL5_exception"
                       class="testMethodDetails">
                     <pre style="padding: 5px; margin: 0;">java.lang.reflect.InvocationTargetException
                        	at sun.reflect.GeneratedMethodAccessor22.invoke(Unknown Source)
                        	at sun.reflect.DelegatingMethodAccessorImpl.invoke(DelegatingMethodAccessorImpl.java:43)
                        	at java.lang.reflect.Method.invoke(Method.java:498)
                        	at com.dafycredit.giveu.test.service.RunUnit_Service.runCase(RunUnit_Service.java:99)
                        	at TestCases.P2P_PPM_Mobile_SeriesA.case5(P2P_PPM_Mobile_SeriesA.java:54)
                        	at sun.reflect.NativeMethodAccessorImpl.invoke0(Native Method)
                        	at sun.reflect.NativeMethodAccessorImpl.invoke(NativeMethodAccessorImpl.java:62)
                        	at sun.reflect.DelegatingMethodAccessorImpl.invoke(DelegatingMethodAccessorImpl.java:43)
                        	at java.lang.reflect.Method.invoke(Method.java:498)
                        	at org.testng.internal.MethodInvocationHelper.invokeMethod(MethodInvocationHelper.java:86)
                        	at org.testng.internal.InvokeMethodRunnable.runOne(InvokeMethodRunnable.java:54)
                        	at org.testng.internal.InvokeMethodRunnable.run(InvokeMethodRunnable.java:44)
                        	at java.util.concurrent.Executors$RunnableAdapter.call(Executors.java:511)
                        	at java.util.concurrent.FutureTask.run(FutureTask.java:266)
                        	at java.util.concurrent.ThreadPoolExecutor.runWorker(ThreadPoolExecutor.java:1142)
                        	at java.util.concurrent.ThreadPoolExecutor$Worker.run(ThreadPoolExecutor.java:617)
                        	at java.lang.Thread.run(Thread.java:745)
                        Caused by: java.lang.IndexOutOfBoundsException: Index: 0, Size: 0
                        	at java.util.ArrayList.rangeCheck(ArrayList.java:653)
                        	at java.util.ArrayList.get(ArrayList.java:429)
                        	at com.dafycredit.giveu.test.util.Appium_Util.getElement(Appium_Util.java:90)
                        	at com.dafycredit.giveu.test.handler.ClickAction_Handler.click(ClickAction_Handler.java:30)
                        	... 17 more
                     </pre>
                  </div>
               </td>
            </tr>
            <tr id="TestCases.P2P_PPM_Mobile_SeriesA_case6_byStatus_failed_FAIL6_row"
                class="testMethodStatusFAIL">
               <td width="100%" class="firstMethodCell">
                  <a onclick="toggleDetailsVisibility('TestCases.P2P_PPM_Mobile_SeriesA_case6_byStatus_failed_FAIL6_details')">case6()</a>
               </td>
               <td nowrap="true">18:21:13</td>
               <td nowrap="true" align="right">30s
                  
               </td>
               <td nowrap="true">
                  <a onclick="toggleDetailsVisibility('TestCases.P2P_PPM_Mobile_SeriesA_case6_byStatus_failed_FAIL6_exception')">java.lang.reflect.InvocationTargetException: </a>
                   
                  
               </td>
            </tr>
            <tr>
               <td colspan="4"
                   style="padding: 0; background-color: white; border-style: none; height: 0px;">
                  <div id="TestCases.P2P_PPM_Mobile_SeriesA_case6_byStatus_failed_FAIL6_details"
                       class="testMethodDetails">
                     <div>
                        <b>Name:
                           
                        </b>case6
                     </div>
                     <div>
                        <b>Signature:
                           
                        </b>case6()[pri:0, instance:TestCases.P2P_PPM_Mobile_SeriesA@57829d67]
                     </div>
                     <div>
                        <b>Start time:
                           
                        </b>18:21:13
                     </div>
                     <div>
                        <b>End time:
                           
                        </b>18:21:44
                     </div>
                     <div>
                        <b>Duration:
                           
                        </b>30s
                        
                     </div>
                  </div>
               </td>
            </tr>
            <tr>
               <td colspan="4"
                   style="padding: 0; background-color: white; border-style: none; height: 0px;">
                  <div id="TestCases.P2P_PPM_Mobile_SeriesA_case6_byStatus_failed_FAIL6_exception"
                       class="testMethodDetails">
                     <pre style="padding: 5px; margin: 0;">java.lang.reflect.InvocationTargetException
                        	at sun.reflect.GeneratedMethodAccessor22.invoke(Unknown Source)
                        	at sun.reflect.DelegatingMethodAccessorImpl.invoke(DelegatingMethodAccessorImpl.java:43)
                        	at java.lang.reflect.Method.invoke(Method.java:498)
                        	at com.dafycredit.giveu.test.service.RunUnit_Service.runCase(RunUnit_Service.java:99)
                        	at TestCases.P2P_PPM_Mobile_SeriesA.case6(P2P_PPM_Mobile_SeriesA.java:60)
                        	at sun.reflect.NativeMethodAccessorImpl.invoke0(Native Method)
                        	at sun.reflect.NativeMethodAccessorImpl.invoke(NativeMethodAccessorImpl.java:62)
                        	at sun.reflect.DelegatingMethodAccessorImpl.invoke(DelegatingMethodAccessorImpl.java:43)
                        	at java.lang.reflect.Method.invoke(Method.java:498)
                        	at org.testng.internal.MethodInvocationHelper.invokeMethod(MethodInvocationHelper.java:86)
                        	at org.testng.internal.InvokeMethodRunnable.runOne(InvokeMethodRunnable.java:54)
                        	at org.testng.internal.InvokeMethodRunnable.run(InvokeMethodRunnable.java:44)
                        	at java.util.concurrent.Executors$RunnableAdapter.call(Executors.java:511)
                        	at java.util.concurrent.FutureTask.run(FutureTask.java:266)
                        	at java.util.concurrent.ThreadPoolExecutor.runWorker(ThreadPoolExecutor.java:1142)
                        	at java.util.concurrent.ThreadPoolExecutor$Worker.run(ThreadPoolExecutor.java:617)
                        	at java.lang.Thread.run(Thread.java:745)
                        Caused by: java.lang.IndexOutOfBoundsException: Index: 0, Size: 0
                        	at java.util.ArrayList.rangeCheck(ArrayList.java:653)
                        	at java.util.ArrayList.get(ArrayList.java:429)
                        	at com.dafycredit.giveu.test.util.Appium_Util.getElement(Appium_Util.java:90)
                        	at com.dafycredit.giveu.test.handler.ClickAction_Handler.click(ClickAction_Handler.java:30)
                        	... 17 more
                     </pre>
                  </div>
               </td>
            </tr>
            <tr id="TestCases.P2P_PPM_Mobile_SeriesA_case7_byStatus_failed_FAIL7_row"
                class="testMethodStatusFAIL">
               <td width="100%" class="firstMethodCell">
                  <a onclick="toggleDetailsVisibility('TestCases.P2P_PPM_Mobile_SeriesA_case7_byStatus_failed_FAIL7_details')">case7()</a>
               </td>
               <td nowrap="true">18:21:44</td>
               <td nowrap="true" align="right">11s
                  
               </td>
               <td nowrap="true">
                  <a onclick="toggleDetailsVisibility('TestCases.P2P_PPM_Mobile_SeriesA_case7_byStatus_failed_FAIL7_exception')">java.lang.IndexOutOfBoundsException: 
                     Index: 0, Size: 0
                     
                  </a>
                   
                  
               </td>
            </tr>
            <tr>
               <td colspan="4"
                   style="padding: 0; background-color: white; border-style: none; height: 0px;">
                  <div id="TestCases.P2P_PPM_Mobile_SeriesA_case7_byStatus_failed_FAIL7_details"
                       class="testMethodDetails">
                     <div>
                        <b>Name:
                           
                        </b>case7
                     </div>
                     <div>
                        <b>Signature:
                           
                        </b>case7()[pri:0, instance:TestCases.P2P_PPM_Mobile_SeriesA@57829d67]
                     </div>
                     <div>
                        <b>Start time:
                           
                        </b>18:21:44
                     </div>
                     <div>
                        <b>End time:
                           
                        </b>18:21:54
                     </div>
                     <div>
                        <b>Duration:
                           
                        </b>11s
                        
                     </div>
                  </div>
               </td>
            </tr>
            <tr>
               <td colspan="4"
                   style="padding: 0; background-color: white; border-style: none; height: 0px;">
                  <div id="TestCases.P2P_PPM_Mobile_SeriesA_case7_byStatus_failed_FAIL7_exception"
                       class="testMethodDetails">
                     <pre style="padding: 5px; margin: 0;">java.lang.IndexOutOfBoundsException: Index: 0, Size: 0
                        	at java.util.ArrayList.rangeCheck(ArrayList.java:653)
                        	at java.util.ArrayList.get(ArrayList.java:429)
                        	at com.dafycredit.giveu.test.util.Appium_Util.getElement(Appium_Util.java:90)
                        	at com.dafycredit.giveu.test.base.Step_Action$3.run(Step_Action.java:52)
                        	at com.dafycredit.giveu.test.service.RunUnit_Service.runCase(RunUnit_Service.java:101)
                        	at TestCases.P2P_PPM_Mobile_SeriesA.case7(P2P_PPM_Mobile_SeriesA.java:66)
                        	at sun.reflect.NativeMethodAccessorImpl.invoke0(Native Method)
                        	at sun.reflect.NativeMethodAccessorImpl.invoke(NativeMethodAccessorImpl.java:62)
                        	at sun.reflect.DelegatingMethodAccessorImpl.invoke(DelegatingMethodAccessorImpl.java:43)
                        	at java.lang.reflect.Method.invoke(Method.java:498)
                        	at org.testng.internal.MethodInvocationHelper.invokeMethod(MethodInvocationHelper.java:86)
                        	at org.testng.internal.InvokeMethodRunnable.runOne(InvokeMethodRunnable.java:54)
                        	at org.testng.internal.InvokeMethodRunnable.run(InvokeMethodRunnable.java:44)
                        	at java.util.concurrent.Executors$RunnableAdapter.call(Executors.java:511)
                        	at java.util.concurrent.FutureTask.run(FutureTask.java:266)
                        	at java.util.concurrent.ThreadPoolExecutor.runWorker(ThreadPoolExecutor.java:1142)
                        	at java.util.concurrent.ThreadPoolExecutor$Worker.run(ThreadPoolExecutor.java:617)
                        	at java.lang.Thread.run(Thread.java:745)
                     </pre>
                  </div>
               </td>
            </tr>
            <tr id="TestCases.P2P_PPM_Mobile_SeriesA_case8_byStatus_failed_FAIL8_row"
                class="testMethodStatusFAIL">
               <td width="100%" class="firstMethodCell">
                  <a onclick="toggleDetailsVisibility('TestCases.P2P_PPM_Mobile_SeriesA_case8_byStatus_failed_FAIL8_details')">case8()</a>
               </td>
               <td nowrap="true">18:21:54</td>
               <td nowrap="true" align="right">31s
                  
               </td>
               <td nowrap="true">
                  <a onclick="toggleDetailsVisibility('TestCases.P2P_PPM_Mobile_SeriesA_case8_byStatus_failed_FAIL8_exception')">java.lang.reflect.InvocationTargetException: </a>
                   
                  
               </td>
            </tr>
            <tr>
               <td colspan="4"
                   style="padding: 0; background-color: white; border-style: none; height: 0px;">
                  <div id="TestCases.P2P_PPM_Mobile_SeriesA_case8_byStatus_failed_FAIL8_details"
                       class="testMethodDetails">
                     <div>
                        <b>Name:
                           
                        </b>case8
                     </div>
                     <div>
                        <b>Signature:
                           
                        </b>case8()[pri:0, instance:TestCases.P2P_PPM_Mobile_SeriesA@57829d67]
                     </div>
                     <div>
                        <b>Start time:
                           
                        </b>18:21:54
                     </div>
                     <div>
                        <b>End time:
                           
                        </b>18:22:25
                     </div>
                     <div>
                        <b>Duration:
                           
                        </b>31s
                        
                     </div>
                  </div>
               </td>
            </tr>
            <tr>
               <td colspan="4"
                   style="padding: 0; background-color: white; border-style: none; height: 0px;">
                  <div id="TestCases.P2P_PPM_Mobile_SeriesA_case8_byStatus_failed_FAIL8_exception"
                       class="testMethodDetails">
                     <pre style="padding: 5px; margin: 0;">java.lang.reflect.InvocationTargetException
                        	at sun.reflect.GeneratedMethodAccessor22.invoke(Unknown Source)
                        	at sun.reflect.DelegatingMethodAccessorImpl.invoke(DelegatingMethodAccessorImpl.java:43)
                        	at java.lang.reflect.Method.invoke(Method.java:498)
                        	at com.dafycredit.giveu.test.service.RunUnit_Service.runCase(RunUnit_Service.java:99)
                        	at TestCases.P2P_PPM_Mobile_SeriesA.case8(P2P_PPM_Mobile_SeriesA.java:72)
                        	at sun.reflect.NativeMethodAccessorImpl.invoke0(Native Method)
                        	at sun.reflect.NativeMethodAccessorImpl.invoke(NativeMethodAccessorImpl.java:62)
                        	at sun.reflect.DelegatingMethodAccessorImpl.invoke(DelegatingMethodAccessorImpl.java:43)
                        	at java.lang.reflect.Method.invoke(Method.java:498)
                        	at org.testng.internal.MethodInvocationHelper.invokeMethod(MethodInvocationHelper.java:86)
                        	at org.testng.internal.InvokeMethodRunnable.runOne(InvokeMethodRunnable.java:54)
                        	at org.testng.internal.InvokeMethodRunnable.run(InvokeMethodRunnable.java:44)
                        	at java.util.concurrent.Executors$RunnableAdapter.call(Executors.java:511)
                        	at java.util.concurrent.FutureTask.run(FutureTask.java:266)
                        	at java.util.concurrent.ThreadPoolExecutor.runWorker(ThreadPoolExecutor.java:1142)
                        	at java.util.concurrent.ThreadPoolExecutor$Worker.run(ThreadPoolExecutor.java:617)
                        	at java.lang.Thread.run(Thread.java:745)
                        Caused by: java.lang.IndexOutOfBoundsException: Index: 0, Size: 0
                        	at java.util.ArrayList.rangeCheck(ArrayList.java:653)
                        	at java.util.ArrayList.get(ArrayList.java:429)
                        	at com.dafycredit.giveu.test.util.Appium_Util.getElement(Appium_Util.java:90)
                        	at com.dafycredit.giveu.test.handler.ClickAction_Handler.click(ClickAction_Handler.java:30)
                        	... 17 more
                     </pre>
                  </div>
               </td>
            </tr>
            <tr id="TestCases.P2P_PPM_Mobile_SeriesA_case9_byStatus_failed_FAIL9_row"
                class="testMethodStatusFAIL">
               <td width="100%" class="firstMethodCell">
                  <a onclick="toggleDetailsVisibility('TestCases.P2P_PPM_Mobile_SeriesA_case9_byStatus_failed_FAIL9_details')">case9()</a>
               </td>
               <td nowrap="true">18:22:25</td>
               <td nowrap="true" align="right">30s
                  
               </td>
               <td nowrap="true">
                  <a onclick="toggleDetailsVisibility('TestCases.P2P_PPM_Mobile_SeriesA_case9_byStatus_failed_FAIL9_exception')">java.lang.reflect.InvocationTargetException: </a>
                   
                  
               </td>
            </tr>
            <tr>
               <td colspan="4"
                   style="padding: 0; background-color: white; border-style: none; height: 0px;">
                  <div id="TestCases.P2P_PPM_Mobile_SeriesA_case9_byStatus_failed_FAIL9_details"
                       class="testMethodDetails">
                     <div>
                        <b>Name:
                           
                        </b>case9
                     </div>
                     <div>
                        <b>Signature:
                           
                        </b>case9()[pri:0, instance:TestCases.P2P_PPM_Mobile_SeriesA@57829d67]
                     </div>
                     <div>
                        <b>Start time:
                           
                        </b>18:22:25
                     </div>
                     <div>
                        <b>End time:
                           
                        </b>18:22:55
                     </div>
                     <div>
                        <b>Duration:
                           
                        </b>30s
                        
                     </div>
                  </div>
               </td>
            </tr>
            <tr>
               <td colspan="4"
                   style="padding: 0; background-color: white; border-style: none; height: 0px;">
                  <div id="TestCases.P2P_PPM_Mobile_SeriesA_case9_byStatus_failed_FAIL9_exception"
                       class="testMethodDetails">
                     <pre style="padding: 5px; margin: 0;">java.lang.reflect.InvocationTargetException
                        	at sun.reflect.GeneratedMethodAccessor22.invoke(Unknown Source)
                        	at sun.reflect.DelegatingMethodAccessorImpl.invoke(DelegatingMethodAccessorImpl.java:43)
                        	at java.lang.reflect.Method.invoke(Method.java:498)
                        	at com.dafycredit.giveu.test.service.RunUnit_Service.runCase(RunUnit_Service.java:99)
                        	at TestCases.P2P_PPM_Mobile_SeriesA.case9(P2P_PPM_Mobile_SeriesA.java:78)
                        	at sun.reflect.NativeMethodAccessorImpl.invoke0(Native Method)
                        	at sun.reflect.NativeMethodAccessorImpl.invoke(NativeMethodAccessorImpl.java:62)
                        	at sun.reflect.DelegatingMethodAccessorImpl.invoke(DelegatingMethodAccessorImpl.java:43)
                        	at java.lang.reflect.Method.invoke(Method.java:498)
                        	at org.testng.internal.MethodInvocationHelper.invokeMethod(MethodInvocationHelper.java:86)
                        	at org.testng.internal.InvokeMethodRunnable.runOne(InvokeMethodRunnable.java:54)
                        	at org.testng.internal.InvokeMethodRunnable.run(InvokeMethodRunnable.java:44)
                        	at java.util.concurrent.Executors$RunnableAdapter.call(Executors.java:511)
                        	at java.util.concurrent.FutureTask.run(FutureTask.java:266)
                        	at java.util.concurrent.ThreadPoolExecutor.runWorker(ThreadPoolExecutor.java:1142)
                        	at java.util.concurrent.ThreadPoolExecutor$Worker.run(ThreadPoolExecutor.java:617)
                        	at java.lang.Thread.run(Thread.java:745)
                        Caused by: java.lang.IndexOutOfBoundsException: Index: 0, Size: 0
                        	at java.util.ArrayList.rangeCheck(ArrayList.java:653)
                        	at java.util.ArrayList.get(ArrayList.java:429)
                        	at com.dafycredit.giveu.test.util.Appium_Util.getElement(Appium_Util.java:90)
                        	at com.dafycredit.giveu.test.handler.ClickAction_Handler.click(ClickAction_Handler.java:30)
                        	... 17 more
                     </pre>
                  </div>
               </td>
            </tr>
            <tr id="TestCases.P2P_PPM_Mobile_SeriesA_case_10_byStatus_failed_FAIL10_row"
                class="testMethodStatusFAIL">
               <td width="100%" class="firstMethodCell">
                  <a onclick="toggleDetailsVisibility('TestCases.P2P_PPM_Mobile_SeriesA_case_10_byStatus_failed_FAIL10_details')">case_10()</a>
               </td>
               <td nowrap="true">18:22:55</td>
               <td nowrap="true" align="right">30s
                  
               </td>
               <td nowrap="true">
                  <a onclick="toggleDetailsVisibility('TestCases.P2P_PPM_Mobile_SeriesA_case_10_byStatus_failed_FAIL10_exception')">java.lang.reflect.InvocationTargetException: </a>
                   
                  
               </td>
            </tr>
            <tr>
               <td colspan="4"
                   style="padding: 0; background-color: white; border-style: none; height: 0px;">
                  <div id="TestCases.P2P_PPM_Mobile_SeriesA_case_10_byStatus_failed_FAIL10_details"
                       class="testMethodDetails">
                     <div>
                        <b>Name:
                           
                        </b>case_10
                     </div>
                     <div>
                        <b>Signature:
                           
                        </b>case_10()[pri:0, instance:TestCases.P2P_PPM_Mobile_SeriesA@57829d67]
                     </div>
                     <div>
                        <b>Start time:
                           
                        </b>18:22:55
                     </div>
                     <div>
                        <b>End time:
                           
                        </b>18:23:25
                     </div>
                     <div>
                        <b>Duration:
                           
                        </b>30s
                        
                     </div>
                  </div>
               </td>
            </tr>
            <tr>
               <td colspan="4"
                   style="padding: 0; background-color: white; border-style: none; height: 0px;">
                  <div id="TestCases.P2P_PPM_Mobile_SeriesA_case_10_byStatus_failed_FAIL10_exception"
                       class="testMethodDetails">
                     <pre style="padding: 5px; margin: 0;">java.lang.reflect.InvocationTargetException
                        	at sun.reflect.GeneratedMethodAccessor22.invoke(Unknown Source)
                        	at sun.reflect.DelegatingMethodAccessorImpl.invoke(DelegatingMethodAccessorImpl.java:43)
                        	at java.lang.reflect.Method.invoke(Method.java:498)
                        	at com.dafycredit.giveu.test.service.RunUnit_Service.runCase(RunUnit_Service.java:99)
                        	at TestCases.P2P_PPM_Mobile_SeriesA.case_10(P2P_PPM_Mobile_SeriesA.java:84)
                        	at sun.reflect.NativeMethodAccessorImpl.invoke0(Native Method)
                        	at sun.reflect.NativeMethodAccessorImpl.invoke(NativeMethodAccessorImpl.java:62)
                        	at sun.reflect.DelegatingMethodAccessorImpl.invoke(DelegatingMethodAccessorImpl.java:43)
                        	at java.lang.reflect.Method.invoke(Method.java:498)
                        	at org.testng.internal.MethodInvocationHelper.invokeMethod(MethodInvocationHelper.java:86)
                        	at org.testng.internal.InvokeMethodRunnable.runOne(InvokeMethodRunnable.java:54)
                        	at org.testng.internal.InvokeMethodRunnable.run(InvokeMethodRunnable.java:44)
                        	at java.util.concurrent.Executors$RunnableAdapter.call(Executors.java:511)
                        	at java.util.concurrent.FutureTask.run(FutureTask.java:266)
                        	at java.util.concurrent.ThreadPoolExecutor.runWorker(ThreadPoolExecutor.java:1142)
                        	at java.util.concurrent.ThreadPoolExecutor$Worker.run(ThreadPoolExecutor.java:617)
                        	at java.lang.Thread.run(Thread.java:745)
                        Caused by: java.lang.IndexOutOfBoundsException: Index: 0, Size: 0
                        	at java.util.ArrayList.rangeCheck(ArrayList.java:653)
                        	at java.util.ArrayList.get(ArrayList.java:429)
                        	at com.dafycredit.giveu.test.util.Appium_Util.getElement(Appium_Util.java:90)
                        	at com.dafycredit.giveu.test.handler.ClickAction_Handler.click(ClickAction_Handler.java:30)
                        	... 17 more
                     </pre>
                  </div>
               </td>
            </tr>
            <tr id="TestCases.P2P_PPM_Mobile_SeriesA_case_11_byStatus_failed_FAIL11_row"
                class="testMethodStatusFAIL">
               <td width="100%" class="firstMethodCell">
                  <a onclick="toggleDetailsVisibility('TestCases.P2P_PPM_Mobile_SeriesA_case_11_byStatus_failed_FAIL11_details')">case_11()</a>
               </td>
               <td nowrap="true">18:23:25</td>
               <td nowrap="true" align="right">30s
                  
               </td>
               <td nowrap="true">
                  <a onclick="toggleDetailsVisibility('TestCases.P2P_PPM_Mobile_SeriesA_case_11_byStatus_failed_FAIL11_exception')">java.lang.reflect.InvocationTargetException: </a>
                   
                  
               </td>
            </tr>
            <tr>
               <td colspan="4"
                   style="padding: 0; background-color: white; border-style: none; height: 0px;">
                  <div id="TestCases.P2P_PPM_Mobile_SeriesA_case_11_byStatus_failed_FAIL11_details"
                       class="testMethodDetails">
                     <div>
                        <b>Name:
                           
                        </b>case_11
                     </div>
                     <div>
                        <b>Signature:
                           
                        </b>case_11()[pri:0, instance:TestCases.P2P_PPM_Mobile_SeriesA@57829d67]
                     </div>
                     <div>
                        <b>Start time:
                           
                        </b>18:23:25
                     </div>
                     <div>
                        <b>End time:
                           
                        </b>18:23:56
                     </div>
                     <div>
                        <b>Duration:
                           
                        </b>30s
                        
                     </div>
                  </div>
               </td>
            </tr>
            <tr>
               <td colspan="4"
                   style="padding: 0; background-color: white; border-style: none; height: 0px;">
                  <div id="TestCases.P2P_PPM_Mobile_SeriesA_case_11_byStatus_failed_FAIL11_exception"
                       class="testMethodDetails">
                     <pre style="padding: 5px; margin: 0;">java.lang.reflect.InvocationTargetException
                        	at sun.reflect.GeneratedMethodAccessor22.invoke(Unknown Source)
                        	at sun.reflect.DelegatingMethodAccessorImpl.invoke(DelegatingMethodAccessorImpl.java:43)
                        	at java.lang.reflect.Method.invoke(Method.java:498)
                        	at com.dafycredit.giveu.test.service.RunUnit_Service.runCase(RunUnit_Service.java:99)
                        	at TestCases.P2P_PPM_Mobile_SeriesA.case_11(P2P_PPM_Mobile_SeriesA.java:90)
                        	at sun.reflect.NativeMethodAccessorImpl.invoke0(Native Method)
                        	at sun.reflect.NativeMethodAccessorImpl.invoke(NativeMethodAccessorImpl.java:62)
                        	at sun.reflect.DelegatingMethodAccessorImpl.invoke(DelegatingMethodAccessorImpl.java:43)
                        	at java.lang.reflect.Method.invoke(Method.java:498)
                        	at org.testng.internal.MethodInvocationHelper.invokeMethod(MethodInvocationHelper.java:86)
                        	at org.testng.internal.InvokeMethodRunnable.runOne(InvokeMethodRunnable.java:54)
                        	at org.testng.internal.InvokeMethodRunnable.run(InvokeMethodRunnable.java:44)
                        	at java.util.concurrent.Executors$RunnableAdapter.call(Executors.java:511)
                        	at java.util.concurrent.FutureTask.run(FutureTask.java:266)
                        	at java.util.concurrent.ThreadPoolExecutor.runWorker(ThreadPoolExecutor.java:1142)
                        	at java.util.concurrent.ThreadPoolExecutor$Worker.run(ThreadPoolExecutor.java:617)
                        	at java.lang.Thread.run(Thread.java:745)
                        Caused by: java.lang.IndexOutOfBoundsException: Index: 0, Size: 0
                        	at java.util.ArrayList.rangeCheck(ArrayList.java:653)
                        	at java.util.ArrayList.get(ArrayList.java:429)
                        	at com.dafycredit.giveu.test.util.Appium_Util.getElement(Appium_Util.java:90)
                        	at com.dafycredit.giveu.test.handler.ClickAction_Handler.click(ClickAction_Handler.java:30)
                        	... 17 more
                     </pre>
                  </div>
               </td>
            </tr>
            <tr id="TestCases.P2P_PPM_Mobile_SeriesA_case_12_byStatus_failed_FAIL12_row"
                class="testMethodStatusFAIL">
               <td width="100%" class="firstMethodCell">
                  <a onclick="toggleDetailsVisibility('TestCases.P2P_PPM_Mobile_SeriesA_case_12_byStatus_failed_FAIL12_details')">case_12()</a>
               </td>
               <td nowrap="true">18:23:56</td>
               <td nowrap="true" align="right">30s
                  
               </td>
               <td nowrap="true">
                  <a onclick="toggleDetailsVisibility('TestCases.P2P_PPM_Mobile_SeriesA_case_12_byStatus_failed_FAIL12_exception')">java.lang.reflect.InvocationTargetException: </a>
                   
                  
               </td>
            </tr>
            <tr>
               <td colspan="4"
                   style="padding: 0; background-color: white; border-style: none; height: 0px;">
                  <div id="TestCases.P2P_PPM_Mobile_SeriesA_case_12_byStatus_failed_FAIL12_details"
                       class="testMethodDetails">
                     <div>
                        <b>Name:
                           
                        </b>case_12
                     </div>
                     <div>
                        <b>Signature:
                           
                        </b>case_12()[pri:0, instance:TestCases.P2P_PPM_Mobile_SeriesA@57829d67]
                     </div>
                     <div>
                        <b>Start time:
                           
                        </b>18:23:56
                     </div>
                     <div>
                        <b>End time:
                           
                        </b>18:24:26
                     </div>
                     <div>
                        <b>Duration:
                           
                        </b>30s
                        
                     </div>
                  </div>
               </td>
            </tr>
            <tr>
               <td colspan="4"
                   style="padding: 0; background-color: white; border-style: none; height: 0px;">
                  <div id="TestCases.P2P_PPM_Mobile_SeriesA_case_12_byStatus_failed_FAIL12_exception"
                       class="testMethodDetails">
                     <pre style="padding: 5px; margin: 0;">java.lang.reflect.InvocationTargetException
                        	at sun.reflect.GeneratedMethodAccessor22.invoke(Unknown Source)
                        	at sun.reflect.DelegatingMethodAccessorImpl.invoke(DelegatingMethodAccessorImpl.java:43)
                        	at java.lang.reflect.Method.invoke(Method.java:498)
                        	at com.dafycredit.giveu.test.service.RunUnit_Service.runCase(RunUnit_Service.java:99)
                        	at TestCases.P2P_PPM_Mobile_SeriesA.case_12(P2P_PPM_Mobile_SeriesA.java:96)
                        	at sun.reflect.NativeMethodAccessorImpl.invoke0(Native Method)
                        	at sun.reflect.NativeMethodAccessorImpl.invoke(NativeMethodAccessorImpl.java:62)
                        	at sun.reflect.DelegatingMethodAccessorImpl.invoke(DelegatingMethodAccessorImpl.java:43)
                        	at java.lang.reflect.Method.invoke(Method.java:498)
                        	at org.testng.internal.MethodInvocationHelper.invokeMethod(MethodInvocationHelper.java:86)
                        	at org.testng.internal.InvokeMethodRunnable.runOne(InvokeMethodRunnable.java:54)
                        	at org.testng.internal.InvokeMethodRunnable.run(InvokeMethodRunnable.java:44)
                        	at java.util.concurrent.Executors$RunnableAdapter.call(Executors.java:511)
                        	at java.util.concurrent.FutureTask.run(FutureTask.java:266)
                        	at java.util.concurrent.ThreadPoolExecutor.runWorker(ThreadPoolExecutor.java:1142)
                        	at java.util.concurrent.ThreadPoolExecutor$Worker.run(ThreadPoolExecutor.java:617)
                        	at java.lang.Thread.run(Thread.java:745)
                        Caused by: java.lang.IndexOutOfBoundsException: Index: 0, Size: 0
                        	at java.util.ArrayList.rangeCheck(ArrayList.java:653)
                        	at java.util.ArrayList.get(ArrayList.java:429)
                        	at com.dafycredit.giveu.test.util.Appium_Util.getElement(Appium_Util.java:90)
                        	at com.dafycredit.giveu.test.handler.ClickAction_Handler.click(ClickAction_Handler.java:30)
                        	... 17 more
                     </pre>
                  </div>
               </td>
            </tr>
            <tr id="TestCases.P2P_PPM_Mobile_SeriesA_case_13_byStatus_failed_FAIL13_row"
                class="testMethodStatusFAIL">
               <td width="100%" class="firstMethodCell">
                  <a onclick="toggleDetailsVisibility('TestCases.P2P_PPM_Mobile_SeriesA_case_13_byStatus_failed_FAIL13_details')">case_13()</a>
               </td>
               <td nowrap="true">18:24:26</td>
               <td nowrap="true" align="right">11s
                  
               </td>
               <td nowrap="true">
                  <a onclick="toggleDetailsVisibility('TestCases.P2P_PPM_Mobile_SeriesA_case_13_byStatus_failed_FAIL13_exception')">java.lang.IndexOutOfBoundsException: 
                     Index: 0, Size: 0
                     
                  </a>
                   
                  
               </td>
            </tr>
            <tr>
               <td colspan="4"
                   style="padding: 0; background-color: white; border-style: none; height: 0px;">
                  <div id="TestCases.P2P_PPM_Mobile_SeriesA_case_13_byStatus_failed_FAIL13_details"
                       class="testMethodDetails">
                     <div>
                        <b>Name:
                           
                        </b>case_13
                     </div>
                     <div>
                        <b>Signature:
                           
                        </b>case_13()[pri:0, instance:TestCases.P2P_PPM_Mobile_SeriesA@57829d67]
                     </div>
                     <div>
                        <b>Start time:
                           
                        </b>18:24:26
                     </div>
                     <div>
                        <b>End time:
                           
                        </b>18:24:37
                     </div>
                     <div>
                        <b>Duration:
                           
                        </b>11s
                        
                     </div>
                  </div>
               </td>
            </tr>
            <tr>
               <td colspan="4"
                   style="padding: 0; background-color: white; border-style: none; height: 0px;">
                  <div id="TestCases.P2P_PPM_Mobile_SeriesA_case_13_byStatus_failed_FAIL13_exception"
                       class="testMethodDetails">
                     <pre style="padding: 5px; margin: 0;">java.lang.IndexOutOfBoundsException: Index: 0, Size: 0
                        	at java.util.ArrayList.rangeCheck(ArrayList.java:653)
                        	at java.util.ArrayList.get(ArrayList.java:429)
                        	at com.dafycredit.giveu.test.util.Appium_Util.getElement(Appium_Util.java:90)
                        	at com.dafycredit.giveu.test.base.Step_Action$3.run(Step_Action.java:52)
                        	at com.dafycredit.giveu.test.service.RunUnit_Service.runCase(RunUnit_Service.java:101)
                        	at TestCases.P2P_PPM_Mobile_SeriesA.case_13(P2P_PPM_Mobile_SeriesA.java:102)
                        	at sun.reflect.NativeMethodAccessorImpl.invoke0(Native Method)
                        	at sun.reflect.NativeMethodAccessorImpl.invoke(NativeMethodAccessorImpl.java:62)
                        	at sun.reflect.DelegatingMethodAccessorImpl.invoke(DelegatingMethodAccessorImpl.java:43)
                        	at java.lang.reflect.Method.invoke(Method.java:498)
                        	at org.testng.internal.MethodInvocationHelper.invokeMethod(MethodInvocationHelper.java:86)
                        	at org.testng.internal.InvokeMethodRunnable.runOne(InvokeMethodRunnable.java:54)
                        	at org.testng.internal.InvokeMethodRunnable.run(InvokeMethodRunnable.java:44)
                        	at java.util.concurrent.Executors$RunnableAdapter.call(Executors.java:511)
                        	at java.util.concurrent.FutureTask.run(FutureTask.java:266)
                        	at java.util.concurrent.ThreadPoolExecutor.runWorker(ThreadPoolExecutor.java:1142)
                        	at java.util.concurrent.ThreadPoolExecutor$Worker.run(ThreadPoolExecutor.java:617)
                        	at java.lang.Thread.run(Thread.java:745)
                     </pre>
                  </div>
               </td>
            </tr>
            <tr id="TestCases.P2P_PPM_Mobile_SeriesA_case_14_byStatus_failed_FAIL14_row"
                class="testMethodStatusFAIL">
               <td width="100%" class="firstMethodCell">
                  <a onclick="toggleDetailsVisibility('TestCases.P2P_PPM_Mobile_SeriesA_case_14_byStatus_failed_FAIL14_details')">case_14()</a>
               </td>
               <td nowrap="true">18:24:37</td>
               <td nowrap="true" align="right">30s
                  
               </td>
               <td nowrap="true">
                  <a onclick="toggleDetailsVisibility('TestCases.P2P_PPM_Mobile_SeriesA_case_14_byStatus_failed_FAIL14_exception')">java.lang.reflect.InvocationTargetException: </a>
                   
                  
               </td>
            </tr>
            <tr>
               <td colspan="4"
                   style="padding: 0; background-color: white; border-style: none; height: 0px;">
                  <div id="TestCases.P2P_PPM_Mobile_SeriesA_case_14_byStatus_failed_FAIL14_details"
                       class="testMethodDetails">
                     <div>
                        <b>Name:
                           
                        </b>case_14
                     </div>
                     <div>
                        <b>Signature:
                           
                        </b>case_14()[pri:0, instance:TestCases.P2P_PPM_Mobile_SeriesA@57829d67]
                     </div>
                     <div>
                        <b>Start time:
                           
                        </b>18:24:37
                     </div>
                     <div>
                        <b>End time:
                           
                        </b>18:25:07
                     </div>
                     <div>
                        <b>Duration:
                           
                        </b>30s
                        
                     </div>
                  </div>
               </td>
            </tr>
            <tr>
               <td colspan="4"
                   style="padding: 0; background-color: white; border-style: none; height: 0px;">
                  <div id="TestCases.P2P_PPM_Mobile_SeriesA_case_14_byStatus_failed_FAIL14_exception"
                       class="testMethodDetails">
                     <pre style="padding: 5px; margin: 0;">java.lang.reflect.InvocationTargetException
                        	at sun.reflect.GeneratedMethodAccessor22.invoke(Unknown Source)
                        	at sun.reflect.DelegatingMethodAccessorImpl.invoke(DelegatingMethodAccessorImpl.java:43)
                        	at java.lang.reflect.Method.invoke(Method.java:498)
                        	at com.dafycredit.giveu.test.service.RunUnit_Service.runCase(RunUnit_Service.java:99)
                        	at TestCases.P2P_PPM_Mobile_SeriesA.case_14(P2P_PPM_Mobile_SeriesA.java:108)
                        	at sun.reflect.NativeMethodAccessorImpl.invoke0(Native Method)
                        	at sun.reflect.NativeMethodAccessorImpl.invoke(NativeMethodAccessorImpl.java:62)
                        	at sun.reflect.DelegatingMethodAccessorImpl.invoke(DelegatingMethodAccessorImpl.java:43)
                        	at java.lang.reflect.Method.invoke(Method.java:498)
                        	at org.testng.internal.MethodInvocationHelper.invokeMethod(MethodInvocationHelper.java:86)
                        	at org.testng.internal.InvokeMethodRunnable.runOne(InvokeMethodRunnable.java:54)
                        	at org.testng.internal.InvokeMethodRunnable.run(InvokeMethodRunnable.java:44)
                        	at java.util.concurrent.Executors$RunnableAdapter.call(Executors.java:511)
                        	at java.util.concurrent.FutureTask.run(FutureTask.java:266)
                        	at java.util.concurrent.ThreadPoolExecutor.runWorker(ThreadPoolExecutor.java:1142)
                        	at java.util.concurrent.ThreadPoolExecutor$Worker.run(ThreadPoolExecutor.java:617)
                        	at java.lang.Thread.run(Thread.java:745)
                        Caused by: java.lang.IndexOutOfBoundsException: Index: 0, Size: 0
                        	at java.util.ArrayList.rangeCheck(ArrayList.java:653)
                        	at java.util.ArrayList.get(ArrayList.java:429)
                        	at com.dafycredit.giveu.test.util.Appium_Util.getElement(Appium_Util.java:90)
                        	at com.dafycredit.giveu.test.handler.ClickAction_Handler.click(ClickAction_Handler.java:30)
                        	... 17 more
                     </pre>
                  </div>
               </td>
            </tr>
            <tr id="TestCases.P2P_PPM_Mobile_SeriesA_case_15_byStatus_failed_FAIL15_row"
                class="testMethodStatusFAIL">
               <td width="100%" class="firstMethodCell">
                  <a onclick="toggleDetailsVisibility('TestCases.P2P_PPM_Mobile_SeriesA_case_15_byStatus_failed_FAIL15_details')">case_15()</a>
               </td>
               <td nowrap="true">18:25:07</td>
               <td nowrap="true" align="right">10s
                  
               </td>
               <td nowrap="true">
                  <a onclick="toggleDetailsVisibility('TestCases.P2P_PPM_Mobile_SeriesA_case_15_byStatus_failed_FAIL15_exception')">java.lang.IndexOutOfBoundsException: 
                     Index: 0, Size: 0
                     
                  </a>
                   
                  
               </td>
            </tr>
            <tr>
               <td colspan="4"
                   style="padding: 0; background-color: white; border-style: none; height: 0px;">
                  <div id="TestCases.P2P_PPM_Mobile_SeriesA_case_15_byStatus_failed_FAIL15_details"
                       class="testMethodDetails">
                     <div>
                        <b>Name:
                           
                        </b>case_15
                     </div>
                     <div>
                        <b>Signature:
                           
                        </b>case_15()[pri:0, instance:TestCases.P2P_PPM_Mobile_SeriesA@57829d67]
                     </div>
                     <div>
                        <b>Start time:
                           
                        </b>18:25:07
                     </div>
                     <div>
                        <b>End time:
                           
                        </b>18:25:17
                     </div>
                     <div>
                        <b>Duration:
                           
                        </b>10s
                        
                     </div>
                  </div>
               </td>
            </tr>
            <tr>
               <td colspan="4"
                   style="padding: 0; background-color: white; border-style: none; height: 0px;">
                  <div id="TestCases.P2P_PPM_Mobile_SeriesA_case_15_byStatus_failed_FAIL15_exception"
                       class="testMethodDetails">
                     <pre style="padding: 5px; margin: 0;">java.lang.IndexOutOfBoundsException: Index: 0, Size: 0
                        	at java.util.ArrayList.rangeCheck(ArrayList.java:653)
                        	at java.util.ArrayList.get(ArrayList.java:429)
                        	at com.dafycredit.giveu.test.util.Appium_Util.getElement(Appium_Util.java:90)
                        	at com.dafycredit.giveu.test.base.Step_Action$2.run(Step_Action.java:41)
                        	at com.dafycredit.giveu.test.service.RunUnit_Service.runCase(RunUnit_Service.java:101)
                        	at TestCases.P2P_PPM_Mobile_SeriesA.case_15(P2P_PPM_Mobile_SeriesA.java:114)
                        	at sun.reflect.NativeMethodAccessorImpl.invoke0(Native Method)
                        	at sun.reflect.NativeMethodAccessorImpl.invoke(NativeMethodAccessorImpl.java:62)
                        	at sun.reflect.DelegatingMethodAccessorImpl.invoke(DelegatingMethodAccessorImpl.java:43)
                        	at java.lang.reflect.Method.invoke(Method.java:498)
                        	at org.testng.internal.MethodInvocationHelper.invokeMethod(MethodInvocationHelper.java:86)
                        	at org.testng.internal.InvokeMethodRunnable.runOne(InvokeMethodRunnable.java:54)
                        	at org.testng.internal.InvokeMethodRunnable.run(InvokeMethodRunnable.java:44)
                        	at java.util.concurrent.Executors$RunnableAdapter.call(Executors.java:511)
                        	at java.util.concurrent.FutureTask.run(FutureTask.java:266)
                        	at java.util.concurrent.ThreadPoolExecutor.runWorker(ThreadPoolExecutor.java:1142)
                        	at java.util.concurrent.ThreadPoolExecutor$Worker.run(ThreadPoolExecutor.java:617)
                        	at java.lang.Thread.run(Thread.java:745)
                     </pre>
                  </div>
               </td>
            </tr>
            <tr id="TestCases.P2P_PPM_Mobile_SeriesA_case_16_byStatus_failed_FAIL16_row"
                class="testMethodStatusFAIL">
               <td width="100%" class="firstMethodCell">
                  <a onclick="toggleDetailsVisibility('TestCases.P2P_PPM_Mobile_SeriesA_case_16_byStatus_failed_FAIL16_details')">case_16()</a>
               </td>
               <td nowrap="true">18:25:17</td>
               <td nowrap="true" align="right">30s
                  
               </td>
               <td nowrap="true">
                  <a onclick="toggleDetailsVisibility('TestCases.P2P_PPM_Mobile_SeriesA_case_16_byStatus_failed_FAIL16_exception')">java.lang.reflect.InvocationTargetException: </a>
                   
                  
               </td>
            </tr>
            <tr>
               <td colspan="4"
                   style="padding: 0; background-color: white; border-style: none; height: 0px;">
                  <div id="TestCases.P2P_PPM_Mobile_SeriesA_case_16_byStatus_failed_FAIL16_details"
                       class="testMethodDetails">
                     <div>
                        <b>Name:
                           
                        </b>case_16
                     </div>
                     <div>
                        <b>Signature:
                           
                        </b>case_16()[pri:0, instance:TestCases.P2P_PPM_Mobile_SeriesA@57829d67]
                     </div>
                     <div>
                        <b>Start time:
                           
                        </b>18:25:17
                     </div>
                     <div>
                        <b>End time:
                           
                        </b>18:25:47
                     </div>
                     <div>
                        <b>Duration:
                           
                        </b>30s
                        
                     </div>
                  </div>
               </td>
            </tr>
            <tr>
               <td colspan="4"
                   style="padding: 0; background-color: white; border-style: none; height: 0px;">
                  <div id="TestCases.P2P_PPM_Mobile_SeriesA_case_16_byStatus_failed_FAIL16_exception"
                       class="testMethodDetails">
                     <pre style="padding: 5px; margin: 0;">java.lang.reflect.InvocationTargetException
                        	at sun.reflect.GeneratedMethodAccessor22.invoke(Unknown Source)
                        	at sun.reflect.DelegatingMethodAccessorImpl.invoke(DelegatingMethodAccessorImpl.java:43)
                        	at java.lang.reflect.Method.invoke(Method.java:498)
                        	at com.dafycredit.giveu.test.service.RunUnit_Service.runCase(RunUnit_Service.java:99)
                        	at TestCases.P2P_PPM_Mobile_SeriesA.case_16(P2P_PPM_Mobile_SeriesA.java:120)
                        	at sun.reflect.NativeMethodAccessorImpl.invoke0(Native Method)
                        	at sun.reflect.NativeMethodAccessorImpl.invoke(NativeMethodAccessorImpl.java:62)
                        	at sun.reflect.DelegatingMethodAccessorImpl.invoke(DelegatingMethodAccessorImpl.java:43)
                        	at java.lang.reflect.Method.invoke(Method.java:498)
                        	at org.testng.internal.MethodInvocationHelper.invokeMethod(MethodInvocationHelper.java:86)
                        	at org.testng.internal.InvokeMethodRunnable.runOne(InvokeMethodRunnable.java:54)
                        	at org.testng.internal.InvokeMethodRunnable.run(InvokeMethodRunnable.java:44)
                        	at java.util.concurrent.Executors$RunnableAdapter.call(Executors.java:511)
                        	at java.util.concurrent.FutureTask.run(FutureTask.java:266)
                        	at java.util.concurrent.ThreadPoolExecutor.runWorker(ThreadPoolExecutor.java:1142)
                        	at java.util.concurrent.ThreadPoolExecutor$Worker.run(ThreadPoolExecutor.java:617)
                        	at java.lang.Thread.run(Thread.java:745)
                        Caused by: java.lang.IndexOutOfBoundsException: Index: 0, Size: 0
                        	at java.util.ArrayList.rangeCheck(ArrayList.java:653)
                        	at java.util.ArrayList.get(ArrayList.java:429)
                        	at com.dafycredit.giveu.test.util.Appium_Util.getElement(Appium_Util.java:90)
                        	at com.dafycredit.giveu.test.handler.ClickAction_Handler.click(ClickAction_Handler.java:30)
                        	... 17 more
                     </pre>
                  </div>
               </td>
            </tr>
            <tr id="TestCases.P2P_PPM_Mobile_SeriesA_case_17_byStatus_failed_FAIL17_row"
                class="testMethodStatusFAIL">
               <td width="100%" class="firstMethodCell">
                  <a onclick="toggleDetailsVisibility('TestCases.P2P_PPM_Mobile_SeriesA_case_17_byStatus_failed_FAIL17_details')">case_17()</a>
               </td>
               <td nowrap="true">18:25:47</td>
               <td nowrap="true" align="right">10s
                  
               </td>
               <td nowrap="true">
                  <a onclick="toggleDetailsVisibility('TestCases.P2P_PPM_Mobile_SeriesA_case_17_byStatus_failed_FAIL17_exception')">java.lang.IndexOutOfBoundsException: 
                     Index: 0, Size: 0
                     
                  </a>
                   
                  
               </td>
            </tr>
            <tr>
               <td colspan="4"
                   style="padding: 0; background-color: white; border-style: none; height: 0px;">
                  <div id="TestCases.P2P_PPM_Mobile_SeriesA_case_17_byStatus_failed_FAIL17_details"
                       class="testMethodDetails">
                     <div>
                        <b>Name:
                           
                        </b>case_17
                     </div>
                     <div>
                        <b>Signature:
                           
                        </b>case_17()[pri:0, instance:TestCases.P2P_PPM_Mobile_SeriesA@57829d67]
                     </div>
                     <div>
                        <b>Start time:
                           
                        </b>18:25:47
                     </div>
                     <div>
                        <b>End time:
                           
                        </b>18:25:58
                     </div>
                     <div>
                        <b>Duration:
                           
                        </b>10s
                        
                     </div>
                  </div>
               </td>
            </tr>
            <tr>
               <td colspan="4"
                   style="padding: 0; background-color: white; border-style: none; height: 0px;">
                  <div id="TestCases.P2P_PPM_Mobile_SeriesA_case_17_byStatus_failed_FAIL17_exception"
                       class="testMethodDetails">
                     <pre style="padding: 5px; margin: 0;">java.lang.IndexOutOfBoundsException: Index: 0, Size: 0
                        	at java.util.ArrayList.rangeCheck(ArrayList.java:653)
                        	at java.util.ArrayList.get(ArrayList.java:429)
                        	at com.dafycredit.giveu.test.util.Appium_Util.getElement(Appium_Util.java:90)
                        	at com.dafycredit.giveu.test.base.Step_Action$3.run(Step_Action.java:52)
                        	at com.dafycredit.giveu.test.service.RunUnit_Service.runCase(RunUnit_Service.java:101)
                        	at TestCases.P2P_PPM_Mobile_SeriesA.case_17(P2P_PPM_Mobile_SeriesA.java:126)
                        	at sun.reflect.NativeMethodAccessorImpl.invoke0(Native Method)
                        	at sun.reflect.NativeMethodAccessorImpl.invoke(NativeMethodAccessorImpl.java:62)
                        	at sun.reflect.DelegatingMethodAccessorImpl.invoke(DelegatingMethodAccessorImpl.java:43)
                        	at java.lang.reflect.Method.invoke(Method.java:498)
                        	at org.testng.internal.MethodInvocationHelper.invokeMethod(MethodInvocationHelper.java:86)
                        	at org.testng.internal.InvokeMethodRunnable.runOne(InvokeMethodRunnable.java:54)
                        	at org.testng.internal.InvokeMethodRunnable.run(InvokeMethodRunnable.java:44)
                        	at java.util.concurrent.Executors$RunnableAdapter.call(Executors.java:511)
                        	at java.util.concurrent.FutureTask.run(FutureTask.java:266)
                        	at java.util.concurrent.ThreadPoolExecutor.runWorker(ThreadPoolExecutor.java:1142)
                        	at java.util.concurrent.ThreadPoolExecutor$Worker.run(ThreadPoolExecutor.java:617)
                        	at java.lang.Thread.run(Thread.java:745)
                     </pre>
                  </div>
               </td>
            </tr>
            <tr id="TestCases.P2P_PPM_Mobile_SeriesA_case_18_byStatus_failed_FAIL18_row"
                class="testMethodStatusFAIL">
               <td width="100%" class="firstMethodCell">
                  <a onclick="toggleDetailsVisibility('TestCases.P2P_PPM_Mobile_SeriesA_case_18_byStatus_failed_FAIL18_details')">case_18()</a>
               </td>
               <td nowrap="true">18:25:58</td>
               <td nowrap="true" align="right">30s
                  
               </td>
               <td nowrap="true">
                  <a onclick="toggleDetailsVisibility('TestCases.P2P_PPM_Mobile_SeriesA_case_18_byStatus_failed_FAIL18_exception')">java.lang.reflect.InvocationTargetException: </a>
                   
                  
               </td>
            </tr>
            <tr>
               <td colspan="4"
                   style="padding: 0; background-color: white; border-style: none; height: 0px;">
                  <div id="TestCases.P2P_PPM_Mobile_SeriesA_case_18_byStatus_failed_FAIL18_details"
                       class="testMethodDetails">
                     <div>
                        <b>Name:
                           
                        </b>case_18
                     </div>
                     <div>
                        <b>Signature:
                           
                        </b>case_18()[pri:0, instance:TestCases.P2P_PPM_Mobile_SeriesA@57829d67]
                     </div>
                     <div>
                        <b>Start time:
                           
                        </b>18:25:58
                     </div>
                     <div>
                        <b>End time:
                           
                        </b>18:26:28
                     </div>
                     <div>
                        <b>Duration:
                           
                        </b>30s
                        
                     </div>
                  </div>
               </td>
            </tr>
            <tr>
               <td colspan="4"
                   style="padding: 0; background-color: white; border-style: none; height: 0px;">
                  <div id="TestCases.P2P_PPM_Mobile_SeriesA_case_18_byStatus_failed_FAIL18_exception"
                       class="testMethodDetails">
                     <pre style="padding: 5px; margin: 0;">java.lang.reflect.InvocationTargetException
                        	at sun.reflect.GeneratedMethodAccessor22.invoke(Unknown Source)
                        	at sun.reflect.DelegatingMethodAccessorImpl.invoke(DelegatingMethodAccessorImpl.java:43)
                        	at java.lang.reflect.Method.invoke(Method.java:498)
                        	at com.dafycredit.giveu.test.service.RunUnit_Service.runCase(RunUnit_Service.java:99)
                        	at TestCases.P2P_PPM_Mobile_SeriesA.case_18(P2P_PPM_Mobile_SeriesA.java:132)
                        	at sun.reflect.NativeMethodAccessorImpl.invoke0(Native Method)
                        	at sun.reflect.NativeMethodAccessorImpl.invoke(NativeMethodAccessorImpl.java:62)
                        	at sun.reflect.DelegatingMethodAccessorImpl.invoke(DelegatingMethodAccessorImpl.java:43)
                        	at java.lang.reflect.Method.invoke(Method.java:498)
                        	at org.testng.internal.MethodInvocationHelper.invokeMethod(MethodInvocationHelper.java:86)
                        	at org.testng.internal.InvokeMethodRunnable.runOne(InvokeMethodRunnable.java:54)
                        	at org.testng.internal.InvokeMethodRunnable.run(InvokeMethodRunnable.java:44)
                        	at java.util.concurrent.Executors$RunnableAdapter.call(Executors.java:511)
                        	at java.util.concurrent.FutureTask.run(FutureTask.java:266)
                        	at java.util.concurrent.ThreadPoolExecutor.runWorker(ThreadPoolExecutor.java:1142)
                        	at java.util.concurrent.ThreadPoolExecutor$Worker.run(ThreadPoolExecutor.java:617)
                        	at java.lang.Thread.run(Thread.java:745)
                        Caused by: java.lang.IndexOutOfBoundsException: Index: 0, Size: 0
                        	at java.util.ArrayList.rangeCheck(ArrayList.java:653)
                        	at java.util.ArrayList.get(ArrayList.java:429)
                        	at com.dafycredit.giveu.test.util.Appium_Util.getElement(Appium_Util.java:90)
                        	at com.dafycredit.giveu.test.handler.ClickAction_Handler.click(ClickAction_Handler.java:30)
                        	... 17 more
                     </pre>
                  </div>
               </td>
            </tr>
            <tr id="TestCases.P2P_PPM_Mobile_SeriesA_case_19_byStatus_failed_FAIL19_row"
                class="testMethodStatusFAIL">
               <td width="100%" class="firstMethodCell">
                  <a onclick="toggleDetailsVisibility('TestCases.P2P_PPM_Mobile_SeriesA_case_19_byStatus_failed_FAIL19_details')">case_19()</a>
               </td>
               <td nowrap="true">18:26:28</td>
               <td nowrap="true" align="right">30s
                  
               </td>
               <td nowrap="true">
                  <a onclick="toggleDetailsVisibility('TestCases.P2P_PPM_Mobile_SeriesA_case_19_byStatus_failed_FAIL19_exception')">java.lang.reflect.InvocationTargetException: </a>
                   
                  
               </td>
            </tr>
            <tr>
               <td colspan="4"
                   style="padding: 0; background-color: white; border-style: none; height: 0px;">
                  <div id="TestCases.P2P_PPM_Mobile_SeriesA_case_19_byStatus_failed_FAIL19_details"
                       class="testMethodDetails">
                     <div>
                        <b>Name:
                           
                        </b>case_19
                     </div>
                     <div>
                        <b>Signature:
                           
                        </b>case_19()[pri:0, instance:TestCases.P2P_PPM_Mobile_SeriesA@57829d67]
                     </div>
                     <div>
                        <b>Start time:
                           
                        </b>18:26:28
                     </div>
                     <div>
                        <b>End time:
                           
                        </b>18:26:58
                     </div>
                     <div>
                        <b>Duration:
                           
                        </b>30s
                        
                     </div>
                  </div>
               </td>
            </tr>
            <tr>
               <td colspan="4"
                   style="padding: 0; background-color: white; border-style: none; height: 0px;">
                  <div id="TestCases.P2P_PPM_Mobile_SeriesA_case_19_byStatus_failed_FAIL19_exception"
                       class="testMethodDetails">
                     <pre style="padding: 5px; margin: 0;">java.lang.reflect.InvocationTargetException
                        	at sun.reflect.GeneratedMethodAccessor22.invoke(Unknown Source)
                        	at sun.reflect.DelegatingMethodAccessorImpl.invoke(DelegatingMethodAccessorImpl.java:43)
                        	at java.lang.reflect.Method.invoke(Method.java:498)
                        	at com.dafycredit.giveu.test.service.RunUnit_Service.runCase(RunUnit_Service.java:99)
                        	at TestCases.P2P_PPM_Mobile_SeriesA.case_19(P2P_PPM_Mobile_SeriesA.java:138)
                        	at sun.reflect.NativeMethodAccessorImpl.invoke0(Native Method)
                        	at sun.reflect.NativeMethodAccessorImpl.invoke(NativeMethodAccessorImpl.java:62)
                        	at sun.reflect.DelegatingMethodAccessorImpl.invoke(DelegatingMethodAccessorImpl.java:43)
                        	at java.lang.reflect.Method.invoke(Method.java:498)
                        	at org.testng.internal.MethodInvocationHelper.invokeMethod(MethodInvocationHelper.java:86)
                        	at org.testng.internal.InvokeMethodRunnable.runOne(InvokeMethodRunnable.java:54)
                        	at org.testng.internal.InvokeMethodRunnable.run(InvokeMethodRunnable.java:44)
                        	at java.util.concurrent.Executors$RunnableAdapter.call(Executors.java:511)
                        	at java.util.concurrent.FutureTask.run(FutureTask.java:266)
                        	at java.util.concurrent.ThreadPoolExecutor.runWorker(ThreadPoolExecutor.java:1142)
                        	at java.util.concurrent.ThreadPoolExecutor$Worker.run(ThreadPoolExecutor.java:617)
                        	at java.lang.Thread.run(Thread.java:745)
                        Caused by: java.lang.IndexOutOfBoundsException: Index: 0, Size: 0
                        	at java.util.ArrayList.rangeCheck(ArrayList.java:653)
                        	at java.util.ArrayList.get(ArrayList.java:429)
                        	at com.dafycredit.giveu.test.util.Appium_Util.getElement(Appium_Util.java:90)
                        	at com.dafycredit.giveu.test.handler.ClickAction_Handler.click(ClickAction_Handler.java:30)
                        	... 17 more
                     </pre>
                  </div>
               </td>
            </tr>
            <tr id="TestCases.P2P_PPM_Mobile_SeriesA_case_20_byStatus_failed_FAIL20_row"
                class="testMethodStatusFAIL">
               <td width="100%" class="firstMethodCell">
                  <a onclick="toggleDetailsVisibility('TestCases.P2P_PPM_Mobile_SeriesA_case_20_byStatus_failed_FAIL20_details')">case_20()</a>
               </td>
               <td nowrap="true">18:26:58</td>
               <td nowrap="true" align="right">2m
                  31s
                  
               </td>
               <td nowrap="true">
                  <a onclick="toggleDetailsVisibility('TestCases.P2P_PPM_Mobile_SeriesA_case_20_byStatus_failed_FAIL20_exception')">java.lang.reflect.InvocationTargetException: </a>
                   
                  
               </td>
            </tr>
            <tr>
               <td colspan="4"
                   style="padding: 0; background-color: white; border-style: none; height: 0px;">
                  <div id="TestCases.P2P_PPM_Mobile_SeriesA_case_20_byStatus_failed_FAIL20_details"
                       class="testMethodDetails">
                     <div>
                        <b>Name:
                           
                        </b>case_20
                     </div>
                     <div>
                        <b>Signature:
                           
                        </b>case_20()[pri:0, instance:TestCases.P2P_PPM_Mobile_SeriesA@57829d67]
                     </div>
                     <div>
                        <b>Start time:
                           
                        </b>18:26:58
                     </div>
                     <div>
                        <b>End time:
                           
                        </b>18:28:29
                     </div>
                     <div>
                        <b>Duration:
                           
                        </b>2m
                        31s
                        
                     </div>
                  </div>
               </td>
            </tr>
            <tr>
               <td colspan="4"
                   style="padding: 0; background-color: white; border-style: none; height: 0px;">
                  <div id="TestCases.P2P_PPM_Mobile_SeriesA_case_20_byStatus_failed_FAIL20_exception"
                       class="testMethodDetails">
                     <pre style="padding: 5px; margin: 0;">java.lang.reflect.InvocationTargetException
                        	at sun.reflect.GeneratedMethodAccessor22.invoke(Unknown Source)
                        	at sun.reflect.DelegatingMethodAccessorImpl.invoke(DelegatingMethodAccessorImpl.java:43)
                        	at java.lang.reflect.Method.invoke(Method.java:498)
                        	at com.dafycredit.giveu.test.service.RunUnit_Service.runCase(RunUnit_Service.java:99)
                        	at TestCases.P2P_PPM_Mobile_SeriesA.case_20(P2P_PPM_Mobile_SeriesA.java:144)
                        	at sun.reflect.NativeMethodAccessorImpl.invoke0(Native Method)
                        	at sun.reflect.NativeMethodAccessorImpl.invoke(NativeMethodAccessorImpl.java:62)
                        	at sun.reflect.DelegatingMethodAccessorImpl.invoke(DelegatingMethodAccessorImpl.java:43)
                        	at java.lang.reflect.Method.invoke(Method.java:498)
                        	at org.testng.internal.MethodInvocationHelper.invokeMethod(MethodInvocationHelper.java:86)
                        	at org.testng.internal.InvokeMethodRunnable.runOne(InvokeMethodRunnable.java:54)
                        	at org.testng.internal.InvokeMethodRunnable.run(InvokeMethodRunnable.java:44)
                        	at java.util.concurrent.Executors$RunnableAdapter.call(Executors.java:511)
                        	at java.util.concurrent.FutureTask.run(FutureTask.java:266)
                        	at java.util.concurrent.ThreadPoolExecutor.runWorker(ThreadPoolExecutor.java:1142)
                        	at java.util.concurrent.ThreadPoolExecutor$Worker.run(ThreadPoolExecutor.java:617)
                        	at java.lang.Thread.run(Thread.java:745)
                        Caused by: java.lang.IndexOutOfBoundsException: Index: 0, Size: 0
                        	at java.util.ArrayList.rangeCheck(ArrayList.java:653)
                        	at java.util.ArrayList.get(ArrayList.java:429)
                        	at com.dafycredit.giveu.test.util.Appium_Util.getElement(Appium_Util.java:90)
                        	at com.dafycredit.giveu.test.handler.ClickAction_Handler.click(ClickAction_Handler.java:30)
                        	... 17 more
                     </pre>
                  </div>
               </td>
            </tr>
            <tr id="TestCases.P2P_PPM_Mobile_SeriesA_case_21_byStatus_failed_FAIL21_row"
                class="testMethodStatusFAIL">
               <td width="100%" class="firstMethodCell">
                  <a onclick="toggleDetailsVisibility('TestCases.P2P_PPM_Mobile_SeriesA_case_21_byStatus_failed_FAIL21_details')">case_21()</a>
               </td>
               <td nowrap="true">18:28:29</td>
               <td nowrap="true" align="right">32s
                  
               </td>
               <td nowrap="true">
                  <a onclick="toggleDetailsVisibility('TestCases.P2P_PPM_Mobile_SeriesA_case_21_byStatus_failed_FAIL21_exception')">java.lang.reflect.InvocationTargetException: </a>
                   
                  
               </td>
            </tr>
            <tr>
               <td colspan="4"
                   style="padding: 0; background-color: white; border-style: none; height: 0px;">
                  <div id="TestCases.P2P_PPM_Mobile_SeriesA_case_21_byStatus_failed_FAIL21_details"
                       class="testMethodDetails">
                     <div>
                        <b>Name:
                           
                        </b>case_21
                     </div>
                     <div>
                        <b>Signature:
                           
                        </b>case_21()[pri:0, instance:TestCases.P2P_PPM_Mobile_SeriesA@57829d67]
                     </div>
                     <div>
                        <b>Start time:
                           
                        </b>18:28:29
                     </div>
                     <div>
                        <b>End time:
                           
                        </b>18:29:01
                     </div>
                     <div>
                        <b>Duration:
                           
                        </b>32s
                        
                     </div>
                  </div>
               </td>
            </tr>
            <tr>
               <td colspan="4"
                   style="padding: 0; background-color: white; border-style: none; height: 0px;">
                  <div id="TestCases.P2P_PPM_Mobile_SeriesA_case_21_byStatus_failed_FAIL21_exception"
                       class="testMethodDetails">
                     <pre style="padding: 5px; margin: 0;">java.lang.reflect.InvocationTargetException
                        	at sun.reflect.GeneratedMethodAccessor22.invoke(Unknown Source)
                        	at sun.reflect.DelegatingMethodAccessorImpl.invoke(DelegatingMethodAccessorImpl.java:43)
                        	at java.lang.reflect.Method.invoke(Method.java:498)
                        	at com.dafycredit.giveu.test.service.RunUnit_Service.runCase(RunUnit_Service.java:99)
                        	at TestCases.P2P_PPM_Mobile_SeriesA.case_21(P2P_PPM_Mobile_SeriesA.java:150)
                        	at sun.reflect.NativeMethodAccessorImpl.invoke0(Native Method)
                        	at sun.reflect.NativeMethodAccessorImpl.invoke(NativeMethodAccessorImpl.java:62)
                        	at sun.reflect.DelegatingMethodAccessorImpl.invoke(DelegatingMethodAccessorImpl.java:43)
                        	at java.lang.reflect.Method.invoke(Method.java:498)
                        	at org.testng.internal.MethodInvocationHelper.invokeMethod(MethodInvocationHelper.java:86)
                        	at org.testng.internal.InvokeMethodRunnable.runOne(InvokeMethodRunnable.java:54)
                        	at org.testng.internal.InvokeMethodRunnable.run(InvokeMethodRunnable.java:44)
                        	at java.util.concurrent.Executors$RunnableAdapter.call(Executors.java:511)
                        	at java.util.concurrent.FutureTask.run(FutureTask.java:266)
                        	at java.util.concurrent.ThreadPoolExecutor.runWorker(ThreadPoolExecutor.java:1142)
                        	at java.util.concurrent.ThreadPoolExecutor$Worker.run(ThreadPoolExecutor.java:617)
                        	at java.lang.Thread.run(Thread.java:745)
                        Caused by: java.lang.IndexOutOfBoundsException: Index: 0, Size: 0
                        	at java.util.ArrayList.rangeCheck(ArrayList.java:653)
                        	at java.util.ArrayList.get(ArrayList.java:429)
                        	at com.dafycredit.giveu.test.util.Appium_Util.getElement(Appium_Util.java:90)
                        	at com.dafycredit.giveu.test.handler.ClickAction_Handler.click(ClickAction_Handler.java:30)
                        	... 17 more
                     </pre>
                  </div>
               </td>
            </tr>
            <tr id="TestCases.P2P_PPM_Mobile_SeriesA_case_22_byStatus_failed_FAIL22_row"
                class="testMethodStatusFAIL">
               <td width="100%" class="firstMethodCell">
                  <a onclick="toggleDetailsVisibility('TestCases.P2P_PPM_Mobile_SeriesA_case_22_byStatus_failed_FAIL22_details')">case_22()</a>
               </td>
               <td nowrap="true">18:29:01</td>
               <td nowrap="true" align="right">29s
                  
               </td>
               <td nowrap="true">
                  <a onclick="toggleDetailsVisibility('TestCases.P2P_PPM_Mobile_SeriesA_case_22_byStatus_failed_FAIL22_exception')">java.lang.reflect.InvocationTargetException: </a>
                   
                  
               </td>
            </tr>
            <tr>
               <td colspan="4"
                   style="padding: 0; background-color: white; border-style: none; height: 0px;">
                  <div id="TestCases.P2P_PPM_Mobile_SeriesA_case_22_byStatus_failed_FAIL22_details"
                       class="testMethodDetails">
                     <div>
                        <b>Name:
                           
                        </b>case_22
                     </div>
                     <div>
                        <b>Signature:
                           
                        </b>case_22()[pri:0, instance:TestCases.P2P_PPM_Mobile_SeriesA@57829d67]
                     </div>
                     <div>
                        <b>Start time:
                           
                        </b>18:29:01
                     </div>
                     <div>
                        <b>End time:
                           
                        </b>18:29:30
                     </div>
                     <div>
                        <b>Duration:
                           
                        </b>29s
                        
                     </div>
                  </div>
               </td>
            </tr>
            <tr>
               <td colspan="4"
                   style="padding: 0; background-color: white; border-style: none; height: 0px;">
                  <div id="TestCases.P2P_PPM_Mobile_SeriesA_case_22_byStatus_failed_FAIL22_exception"
                       class="testMethodDetails">
                     <pre style="padding: 5px; margin: 0;">java.lang.reflect.InvocationTargetException
                        	at sun.reflect.GeneratedMethodAccessor22.invoke(Unknown Source)
                        	at sun.reflect.DelegatingMethodAccessorImpl.invoke(DelegatingMethodAccessorImpl.java:43)
                        	at java.lang.reflect.Method.invoke(Method.java:498)
                        	at com.dafycredit.giveu.test.service.RunUnit_Service.runCase(RunUnit_Service.java:99)
                        	at TestCases.P2P_PPM_Mobile_SeriesA.case_22(P2P_PPM_Mobile_SeriesA.java:156)
                        	at sun.reflect.NativeMethodAccessorImpl.invoke0(Native Method)
                        	at sun.reflect.NativeMethodAccessorImpl.invoke(NativeMethodAccessorImpl.java:62)
                        	at sun.reflect.DelegatingMethodAccessorImpl.invoke(DelegatingMethodAccessorImpl.java:43)
                        	at java.lang.reflect.Method.invoke(Method.java:498)
                        	at org.testng.internal.MethodInvocationHelper.invokeMethod(MethodInvocationHelper.java:86)
                        	at org.testng.internal.InvokeMethodRunnable.runOne(InvokeMethodRunnable.java:54)
                        	at org.testng.internal.InvokeMethodRunnable.run(InvokeMethodRunnable.java:44)
                        	at java.util.concurrent.Executors$RunnableAdapter.call(Executors.java:511)
                        	at java.util.concurrent.FutureTask.run(FutureTask.java:266)
                        	at java.util.concurrent.ThreadPoolExecutor.runWorker(ThreadPoolExecutor.java:1142)
                        	at java.util.concurrent.ThreadPoolExecutor$Worker.run(ThreadPoolExecutor.java:617)
                        	at java.lang.Thread.run(Thread.java:745)
                        Caused by: org.openqa.selenium.remote.UnreachableBrowserException: Error communicating with the remote browser. It may have
                        died.
                        Build info: version: '2.53.0', revision: '35ae25b1534ae328c771e0856c93e187490ca824', time: '2016-03-15 10:43:46'
                        System info: host: 'King', ip: '192.168.98.2', os.name: 'Windows 8.1', os.arch: 'amd64', os.version: '6.3', java.version:
                        '1.8.0_91'
                        Driver info: driver.version: AndroidDriver
                        Capabilities [{appPackage=com.giveu.corder, networkConnectionEnabled=true, noReset=true, warnings={}, databaseEnabled=false,
                        deviceName=b62f7ec6, fullReset=false, platform=LINUX, appActivity=.index.activity.SplashActivity, desired={appPackage=com.giveu.corder,
                        noReset=true, deviceName=Android Emulator, fullReset=false, appActivity=.index.activity.SplashActivity, newCommandTimeout=60000,
                        platformVersion=4.2.2, sessionOverride=true, unicodeKeyboard=true, autoWebview=true, platformName=Android, device=uiautomator,
                        resetKeyboard=true}, newCommandTimeout=60000, platformVersion=6.0.1, webStorageEnabled=false, locationContextEnabled=false,
                        browserName=Android, takesScreenshot=true, javascriptEnabled=true, sessionOverride=true, unicodeKeyboard=true, autoWebview=true,
                        platformName=Android, device=uiautomator, resetKeyboard=true}]
                        Session ID: 4afa3647-b9d3-4434-a52e-265fd71e5b6b
                        	at org.openqa.selenium.remote.RemoteWebDriver.execute(RemoteWebDriver.java:665)
                        	at io.appium.java_client.DefaultGenericMobileDriver.execute(DefaultGenericMobileDriver.java:42)
                        	at io.appium.java_client.AppiumDriver.execute(AppiumDriver.java:1)
                        	at io.appium.java_client.android.AndroidDriver.execute(AndroidDriver.java:1)
                        	at org.openqa.selenium.remote.RemoteWebDriver.findElements(RemoteWebDriver.java:388)
                        	at io.appium.java_client.android.AndroidDriver.findElementsByAndroidUIAutomator(AndroidDriver.java:403)
                        	at com.dafycredit.giveu.test.util.Appium_Util.getElement(Appium_Util.java:77)
                        	at com.dafycredit.giveu.test.handler.ClickAction_Handler.click(ClickAction_Handler.java:30)
                        	... 17 more
                        Caused by: org.openqa.selenium.WebDriverException: java.net.SocketException: Connection reset
                        Build info: version: '2.53.0', revision: '35ae25b1534ae328c771e0856c93e187490ca824', time: '2016-03-15 10:43:46'
                        System info: host: 'King', ip: '192.168.98.2', os.name: 'Windows 8.1', os.arch: 'amd64', os.version: '6.3', java.version:
                        '1.8.0_91'
                        Driver info: driver.version: AndroidDriver
                        	at io.appium.java_client.remote.AppiumCommandExecutor.execute(AppiumCommandExecutor.java:79)
                        	at org.openqa.selenium.remote.RemoteWebDriver.execute(RemoteWebDriver.java:644)
                        	... 24 more
                        Caused by: java.net.SocketException: Connection reset
                        	at java.net.SocketInputStream.read(SocketInputStream.java:209)
                        	at java.net.SocketInputStream.read(SocketInputStream.java:141)
                        	at org.apache.http.impl.conn.LoggingInputStream.read(LoggingInputStream.java:87)
                        	at org.apache.http.impl.io.SessionInputBufferImpl.streamRead(SessionInputBufferImpl.java:136)
                        	at org.apache.http.impl.io.SessionInputBufferImpl.fillBuffer(SessionInputBufferImpl.java:152)
                        	at org.apache.http.impl.io.SessionInputBufferImpl.readLine(SessionInputBufferImpl.java:270)
                        	at org.apache.http.impl.conn.DefaultHttpResponseParser.parseHead(DefaultHttpResponseParser.java:140)
                        	at org.apache.http.impl.conn.DefaultHttpResponseParser.parseHead(DefaultHttpResponseParser.java:57)
                        	at org.apache.http.impl.io.AbstractMessageParser.parse(AbstractMessageParser.java:260)
                        	at org.apache.http.impl.DefaultBHttpClientConnection.receiveResponseHeader(DefaultBHttpClientConnection.java:161)
                        	at sun.reflect.GeneratedMethodAccessor17.invoke(Unknown Source)
                        	at sun.reflect.DelegatingMethodAccessorImpl.invoke(DelegatingMethodAccessorImpl.java:43)
                        	at java.lang.reflect.Method.invoke(Method.java:498)
                        	at org.apache.http.impl.conn.CPoolProxy.invoke(CPoolProxy.java:138)
                        	at com.sun.proxy.$Proxy5.receiveResponseHeader(Unknown Source)
                        	at org.apache.http.protocol.HttpRequestExecutor.doReceiveResponse(HttpRequestExecutor.java:271)
                        	at org.apache.http.protocol.HttpRequestExecutor.execute(HttpRequestExecutor.java:123)
                        	at org.apache.http.impl.execchain.MainClientExec.execute(MainClientExec.java:254)
                        	at org.apache.http.impl.execchain.ProtocolExec.execute(ProtocolExec.java:195)
                        	at org.apache.http.impl.execchain.RetryExec.execute(RetryExec.java:86)
                        	at org.apache.http.impl.execchain.RedirectExec.execute(RedirectExec.java:108)
                        	at org.apache.http.impl.client.InternalHttpClient.doExecute(InternalHttpClient.java:186)
                        	at org.apache.http.impl.client.CloseableHttpClient.execute(CloseableHttpClient.java:72)
                        	at org.apache.http.impl.client.CloseableHttpClient.execute(CloseableHttpClient.java:57)
                        	at org.openqa.selenium.remote.internal.ApacheHttpClient.fallBackExecute(ApacheHttpClient.java:144)
                        	at org.openqa.selenium.remote.internal.ApacheHttpClient.execute(ApacheHttpClient.java:90)
                        	at org.openqa.selenium.remote.HttpCommandExecutor.execute(HttpCommandExecutor.java:142)
                        	at io.appium.java_client.remote.AppiumCommandExecutor.execute(AppiumCommandExecutor.java:67)
                        	... 25 more
                     </pre>
                  </div>
               </td>
            </tr>
            <tr id="TestCases.P2P_PPM_Mobile_SeriesA_case_23_byStatus_failed_FAIL23_row"
                class="testMethodStatusFAIL">
               <td width="100%" class="firstMethodCell">
                  <a onclick="toggleDetailsVisibility('TestCases.P2P_PPM_Mobile_SeriesA_case_23_byStatus_failed_FAIL23_details')">case_23()</a>
               </td>
               <td nowrap="true">18:29:30</td>
               <td nowrap="true" align="right">1s
                  
               </td>
               <td nowrap="true">
                  <a onclick="toggleDetailsVisibility('TestCases.P2P_PPM_Mobile_SeriesA_case_23_byStatus_failed_FAIL23_exception')">java.lang.reflect.InvocationTargetException: </a>
                   
                  
               </td>
            </tr>
            <tr>
               <td colspan="4"
                   style="padding: 0; background-color: white; border-style: none; height: 0px;">
                  <div id="TestCases.P2P_PPM_Mobile_SeriesA_case_23_byStatus_failed_FAIL23_details"
                       class="testMethodDetails">
                     <div>
                        <b>Name:
                           
                        </b>case_23
                     </div>
                     <div>
                        <b>Signature:
                           
                        </b>case_23()[pri:0, instance:TestCases.P2P_PPM_Mobile_SeriesA@57829d67]
                     </div>
                     <div>
                        <b>Start time:
                           
                        </b>18:29:30
                     </div>
                     <div>
                        <b>End time:
                           
                        </b>18:29:31
                     </div>
                     <div>
                        <b>Duration:
                           
                        </b>1s
                        
                     </div>
                  </div>
               </td>
            </tr>
            <tr>
               <td colspan="4"
                   style="padding: 0; background-color: white; border-style: none; height: 0px;">
                  <div id="TestCases.P2P_PPM_Mobile_SeriesA_case_23_byStatus_failed_FAIL23_exception"
                       class="testMethodDetails">
                     <pre style="padding: 5px; margin: 0;">java.lang.reflect.InvocationTargetException
                        	at sun.reflect.NativeMethodAccessorImpl.invoke0(Native Method)
                        	at sun.reflect.NativeMethodAccessorImpl.invoke(NativeMethodAccessorImpl.java:62)
                        	at sun.reflect.DelegatingMethodAccessorImpl.invoke(DelegatingMethodAccessorImpl.java:43)
                        	at java.lang.reflect.Method.invoke(Method.java:498)
                        	at com.dafycredit.giveu.test.service.RunUnit_Service.runCase(RunUnit_Service.java:99)
                        	at TestCases.P2P_PPM_Mobile_SeriesA.case_23(P2P_PPM_Mobile_SeriesA.java:162)
                        	at sun.reflect.NativeMethodAccessorImpl.invoke0(Native Method)
                        	at sun.reflect.NativeMethodAccessorImpl.invoke(NativeMethodAccessorImpl.java:62)
                        	at sun.reflect.DelegatingMethodAccessorImpl.invoke(DelegatingMethodAccessorImpl.java:43)
                        	at java.lang.reflect.Method.invoke(Method.java:498)
                        	at org.testng.internal.MethodInvocationHelper.invokeMethod(MethodInvocationHelper.java:86)
                        	at org.testng.internal.InvokeMethodRunnable.runOne(InvokeMethodRunnable.java:54)
                        	at org.testng.internal.InvokeMethodRunnable.run(InvokeMethodRunnable.java:44)
                        	at java.util.concurrent.Executors$RunnableAdapter.call(Executors.java:511)
                        	at java.util.concurrent.FutureTask.run(FutureTask.java:266)
                        	at java.util.concurrent.ThreadPoolExecutor.runWorker(ThreadPoolExecutor.java:1142)
                        	at java.util.concurrent.ThreadPoolExecutor$Worker.run(ThreadPoolExecutor.java:617)
                        	at java.lang.Thread.run(Thread.java:745)
                        Caused by: org.openqa.selenium.remote.UnreachableBrowserException: Error communicating with the remote browser. It may have
                        died.
                        Build info: version: '2.53.0', revision: '35ae25b1534ae328c771e0856c93e187490ca824', time: '2016-03-15 10:43:46'
                        System info: host: 'King', ip: '192.168.98.2', os.name: 'Windows 8.1', os.arch: 'amd64', os.version: '6.3', java.version:
                        '1.8.0_91'
                        Driver info: driver.version: AndroidDriver
                        Capabilities [{appPackage=com.giveu.corder, networkConnectionEnabled=true, noReset=true, warnings={}, databaseEnabled=false,
                        deviceName=b62f7ec6, fullReset=false, platform=LINUX, appActivity=.index.activity.SplashActivity, desired={appPackage=com.giveu.corder,
                        noReset=true, deviceName=Android Emulator, fullReset=false, appActivity=.index.activity.SplashActivity, newCommandTimeout=60000,
                        platformVersion=4.2.2, sessionOverride=true, unicodeKeyboard=true, autoWebview=true, platformName=Android, device=uiautomator,
                        resetKeyboard=true}, newCommandTimeout=60000, platformVersion=6.0.1, webStorageEnabled=false, locationContextEnabled=false,
                        browserName=Android, takesScreenshot=true, javascriptEnabled=true, sessionOverride=true, unicodeKeyboard=true, autoWebview=true,
                        platformName=Android, device=uiautomator, resetKeyboard=true}]
                        Session ID: 4afa3647-b9d3-4434-a52e-265fd71e5b6b
                        	at org.openqa.selenium.remote.RemoteWebDriver.execute(RemoteWebDriver.java:665)
                        	at io.appium.java_client.DefaultGenericMobileDriver.execute(DefaultGenericMobileDriver.java:42)
                        	at io.appium.java_client.AppiumDriver.execute(AppiumDriver.java:1)
                        	at io.appium.java_client.android.AndroidDriver.execute(AndroidDriver.java:1)
                        	at org.openqa.selenium.remote.RemoteWebDriver$RemoteWebDriverOptions$RemoteTimeouts.implicitlyWait(RemoteWebDriver.java:865)
                        	at com.dafycredit.giveu.test.handler.DBAction_Handler.dbQuery(DBAction_Handler.java:54)
                        	... 18 more
                        Caused by: org.openqa.selenium.WebDriverException: org.apache.http.conn.HttpHostConnectException: Connect to 127.0.0.1:4723
                        [/127.0.0.1] failed: Connection refused: connect
                        Build info: version: '2.53.0', revision: '35ae25b1534ae328c771e0856c93e187490ca824', time: '2016-03-15 10:43:46'
                        System info: host: 'King', ip: '192.168.98.2', os.name: 'Windows 8.1', os.arch: 'amd64', os.version: '6.3', java.version:
                        '1.8.0_91'
                        Driver info: driver.version: AndroidDriver
                        	at io.appium.java_client.remote.AppiumCommandExecutor.execute(AppiumCommandExecutor.java:79)
                        	at org.openqa.selenium.remote.RemoteWebDriver.execute(RemoteWebDriver.java:644)
                        	... 23 more
                        Caused by: org.apache.http.conn.HttpHostConnectException: Connect to 127.0.0.1:4723 [/127.0.0.1] failed: Connection refused:
                        connect
                        	at org.apache.http.impl.conn.HttpClientConnectionOperator.connect(HttpClientConnectionOperator.java:140)
                        	at org.apache.http.impl.conn.PoolingHttpClientConnectionManager.connect(PoolingHttpClientConnectionManager.java:314)
                        	at org.apache.http.impl.execchain.MainClientExec.establishRoute(MainClientExec.java:363)
                        	at org.apache.http.impl.execchain.MainClientExec.execute(MainClientExec.java:219)
                        	at org.apache.http.impl.execchain.ProtocolExec.execute(ProtocolExec.java:195)
                        	at org.apache.http.impl.execchain.RetryExec.execute(RetryExec.java:86)
                        	at org.apache.http.impl.execchain.RedirectExec.execute(RedirectExec.java:108)
                        	at org.apache.http.impl.client.InternalHttpClient.doExecute(InternalHttpClient.java:186)
                        	at org.apache.http.impl.client.CloseableHttpClient.execute(CloseableHttpClient.java:72)
                        	at org.apache.http.impl.client.CloseableHttpClient.execute(CloseableHttpClient.java:57)
                        	at org.openqa.selenium.remote.internal.ApacheHttpClient.fallBackExecute(ApacheHttpClient.java:144)
                        	at org.openqa.selenium.remote.internal.ApacheHttpClient.execute(ApacheHttpClient.java:90)
                        	at org.openqa.selenium.remote.HttpCommandExecutor.execute(HttpCommandExecutor.java:142)
                        	at io.appium.java_client.remote.AppiumCommandExecutor.execute(AppiumCommandExecutor.java:67)
                        	... 24 more
                        Caused by: java.net.ConnectException: Connection refused: connect
                        	at java.net.DualStackPlainSocketImpl.waitForConnect(Native Method)
                        	at java.net.DualStackPlainSocketImpl.socketConnect(DualStackPlainSocketImpl.java:85)
                        	at java.net.AbstractPlainSocketImpl.doConnect(AbstractPlainSocketImpl.java:350)
                        	at java.net.AbstractPlainSocketImpl.connectToAddress(AbstractPlainSocketImpl.java:206)
                        	at java.net.AbstractPlainSocketImpl.connect(AbstractPlainSocketImpl.java:188)
                        	at java.net.PlainSocketImpl.connect(PlainSocketImpl.java:172)
                        	at java.net.SocksSocketImpl.connect(SocksSocketImpl.java:392)
                        	at java.net.Socket.connect(Socket.java:589)
                        	at org.apache.http.conn.socket.PlainConnectionSocketFactory.connectSocket(PlainConnectionSocketFactory.java:72)
                        	at org.apache.http.impl.conn.HttpClientConnectionOperator.connect(HttpClientConnectionOperator.java:117)
                        	... 37 more
                     </pre>
                  </div>
               </td>
            </tr>
            <tr id="TestCases.P2P_PPM_Mobile_SeriesA_stup_byStatus_passed_PASS1_row"
                class="testMethodStatusPASS testMethodStatusCONF">
               <td width="100%" class="firstMethodCell">
                  <a onclick="toggleDetailsVisibility('TestCases.P2P_PPM_Mobile_SeriesA_stup_byStatus_passed_PASS1_details')">stup()</a>
               </td>
               <td nowrap="true">18:18:31</td>
               <td nowrap="true" align="right">30s
                  
               </td>
               <td nowrap="true">
                   
                  
               </td>
            </tr>
            <tr>
               <td colspan="4"
                   style="padding: 0; background-color: white; border-style: none; height: 0px;">
                  <div id="TestCases.P2P_PPM_Mobile_SeriesA_stup_byStatus_passed_PASS1_details"
                       class="testMethodDetails">
                     <div>
                        <b>Name:
                           
                        </b>stup
                     </div>
                     <div>
                        <b>Signature:
                           
                        </b>stup()[pri:0, instance:TestCases.P2P_PPM_Mobile_SeriesA@57829d67]
                     </div>
                     <div>
                        <b>Start time:
                           
                        </b>18:18:31
                     </div>
                     <div>
                        <b>End time:
                           
                        </b>18:19:01
                     </div>
                     <div>
                        <b>Duration:
                           
                        </b>30s
                        
                     </div>
                  </div>
               </td>
            </tr>
            <tr></tr>
            <tr id="TestCases.P2P_PPM_Mobile_SeriesA_Precondition_byStatus_passed_PASS2_row"
                class="testMethodStatusPASS">
               <td width="100%" class="firstMethodCell">
                  <a onclick="toggleDetailsVisibility('TestCases.P2P_PPM_Mobile_SeriesA_Precondition_byStatus_passed_PASS2_details')">Precondition()</a>
               </td>
               <td nowrap="true">18:19:01</td>
               <td nowrap="true" align="right">527 ms
                  
               </td>
               <td nowrap="true">
                   
                  
               </td>
            </tr>
            <tr>
               <td colspan="4"
                   style="padding: 0; background-color: white; border-style: none; height: 0px;">
                  <div id="TestCases.P2P_PPM_Mobile_SeriesA_Precondition_byStatus_passed_PASS2_details"
                       class="testMethodDetails">
                     <div>
                        <b>Name:
                           
                        </b>Precondition
                     </div>
                     <div>
                        <b>Signature:
                           
                        </b>Precondition()[pri:0, instance:TestCases.P2P_PPM_Mobile_SeriesA@57829d67]
                     </div>
                     <div>
                        <b>Start time:
                           
                        </b>18:19:01
                     </div>
                     <div>
                        <b>End time:
                           
                        </b>18:19:02
                     </div>
                     <div>
                        <b>Duration:
                           
                        </b>527 ms
                        
                     </div>
                  </div>
               </td>
            </tr>
            <tr></tr>
            <tr id="TestCases.P2P_PPM_Mobile_SeriesA_And_byStatus_passed_PASS3_row"
                class="testMethodStatusPASS testMethodStatusCONF">
               <td width="100%" class="firstMethodCell">
                  <a onclick="toggleDetailsVisibility('TestCases.P2P_PPM_Mobile_SeriesA_And_byStatus_passed_PASS3_details')">And()</a>
               </td>
               <td nowrap="true">18:29:31</td>
               <td nowrap="true" align="right">1s
                  
               </td>
               <td nowrap="true">
                   
                  
               </td>
            </tr>
            <tr>
               <td colspan="4"
                   style="padding: 0; background-color: white; border-style: none; height: 0px;">
                  <div id="TestCases.P2P_PPM_Mobile_SeriesA_And_byStatus_passed_PASS3_details"
                       class="testMethodDetails">
                     <div>
                        <b>Name:
                           
                        </b>And
                     </div>
                     <div>
                        <b>Signature:
                           
                        </b>And()[pri:0, instance:TestCases.P2P_PPM_Mobile_SeriesA@57829d67]
                     </div>
                     <div>
                        <b>Start time:
                           
                        </b>18:29:31
                     </div>
                     <div>
                        <b>End time:
                           
                        </b>18:29:32
                     </div>
                     <div>
                        <b>Duration:
                           
                        </b>1s
                        
                     </div>
                  </div>
               </td>
            </tr>
            <tr></tr>
         </table>
      </div>
      <div id="testMethodsByClass" style="display: none;">
         <table class="testMethodsTable" cellpadding="0" cellspacing="0">
            <tr>
               <td colspan="4">
                  <h3 style="display: inline;">TestCases.P2P_PPM_Mobile_SeriesA</h3>
               </td>
            </tr>
            <tr class="methodsTableHeader">
               <td width="100%">Name</td>
               <td nowrap="true">Started</td>
               <td nowrap="true">Duration</td>
               <td>Exception</td>
            </tr>
            <tr id="TestCases.P2P_PPM_Mobile_SeriesA_stup_byClass_PASS1_row"
                class="testMethodStatusPASS testMethodStatusCONF">
               <td width="100%" class="firstMethodCell">
                  <a onclick="toggleDetailsVisibility('TestCases.P2P_PPM_Mobile_SeriesA_stup_byClass_PASS1_details')">stup()</a>
               </td>
               <td nowrap="true">18:18:31</td>
               <td nowrap="true" align="right">30s
                  
               </td>
               <td nowrap="true">
                   
                  
               </td>
            </tr>
            <tr>
               <td colspan="4"
                   style="padding: 0; background-color: white; border-style: none; height: 0px;">
                  <div id="TestCases.P2P_PPM_Mobile_SeriesA_stup_byClass_PASS1_details"
                       class="testMethodDetails">
                     <div>
                        <b>Name:
                           
                        </b>stup
                     </div>
                     <div>
                        <b>Signature:
                           
                        </b>stup()[pri:0, instance:TestCases.P2P_PPM_Mobile_SeriesA@57829d67]
                     </div>
                     <div>
                        <b>Start time:
                           
                        </b>18:18:31
                     </div>
                     <div>
                        <b>End time:
                           
                        </b>18:19:01
                     </div>
                     <div>
                        <b>Duration:
                           
                        </b>30s
                        
                     </div>
                  </div>
               </td>
            </tr>
            <tr></tr>
            <tr id="TestCases.P2P_PPM_Mobile_SeriesA_Precondition_byClass_PASS2_row"
                class="testMethodStatusPASS">
               <td width="100%" class="firstMethodCell">
                  <a onclick="toggleDetailsVisibility('TestCases.P2P_PPM_Mobile_SeriesA_Precondition_byClass_PASS2_details')">Precondition()</a>
               </td>
               <td nowrap="true">18:19:01</td>
               <td nowrap="true" align="right">527 ms
                  
               </td>
               <td nowrap="true">
                   
                  
               </td>
            </tr>
            <tr>
               <td colspan="4"
                   style="padding: 0; background-color: white; border-style: none; height: 0px;">
                  <div id="TestCases.P2P_PPM_Mobile_SeriesA_Precondition_byClass_PASS2_details"
                       class="testMethodDetails">
                     <div>
                        <b>Name:
                           
                        </b>Precondition
                     </div>
                     <div>
                        <b>Signature:
                           
                        </b>Precondition()[pri:0, instance:TestCases.P2P_PPM_Mobile_SeriesA@57829d67]
                     </div>
                     <div>
                        <b>Start time:
                           
                        </b>18:19:01
                     </div>
                     <div>
                        <b>End time:
                           
                        </b>18:19:02
                     </div>
                     <div>
                        <b>Duration:
                           
                        </b>527 ms
                        
                     </div>
                  </div>
               </td>
            </tr>
            <tr></tr>
            <tr id="TestCases.P2P_PPM_Mobile_SeriesA_case1_byClass_FAIL3_row"
                class="testMethodStatusFAIL">
               <td width="100%" class="firstMethodCell">
                  <a onclick="toggleDetailsVisibility('TestCases.P2P_PPM_Mobile_SeriesA_case1_byClass_FAIL3_details')">case1()</a>
               </td>
               <td nowrap="true">18:19:02</td>
               <td nowrap="true" align="right">10s
                  
               </td>
               <td nowrap="true">
                  <a onclick="toggleDetailsVisibility('TestCases.P2P_PPM_Mobile_SeriesA_case1_byClass_FAIL3_exception')">java.lang.IndexOutOfBoundsException: 
                     Index: 0, Size: 0
                     
                  </a>
                   
                  
               </td>
            </tr>
            <tr>
               <td colspan="4"
                   style="padding: 0; background-color: white; border-style: none; height: 0px;">
                  <div id="TestCases.P2P_PPM_Mobile_SeriesA_case1_byClass_FAIL3_details"
                       class="testMethodDetails">
                     <div>
                        <b>Name:
                           
                        </b>case1
                     </div>
                     <div>
                        <b>Signature:
                           
                        </b>case1()[pri:0, instance:TestCases.P2P_PPM_Mobile_SeriesA@57829d67]
                     </div>
                     <div>
                        <b>Start time:
                           
                        </b>18:19:02
                     </div>
                     <div>
                        <b>End time:
                           
                        </b>18:19:12
                     </div>
                     <div>
                        <b>Duration:
                           
                        </b>10s
                        
                     </div>
                  </div>
               </td>
            </tr>
            <tr>
               <td colspan="4"
                   style="padding: 0; background-color: white; border-style: none; height: 0px;">
                  <div id="TestCases.P2P_PPM_Mobile_SeriesA_case1_byClass_FAIL3_exception"
                       class="testMethodDetails">
                     <pre style="padding: 5px; margin: 0;">java.lang.IndexOutOfBoundsException: Index: 0, Size: 0
                        	at java.util.ArrayList.rangeCheck(ArrayList.java:653)
                        	at java.util.ArrayList.get(ArrayList.java:429)
                        	at com.dafycredit.giveu.test.util.Appium_Util.getElement(Appium_Util.java:90)
                        	at com.dafycredit.giveu.test.base.Step_Action$3.run(Step_Action.java:52)
                        	at com.dafycredit.giveu.test.service.RunUnit_Service.runCase(RunUnit_Service.java:101)
                        	at TestCases.P2P_PPM_Mobile_SeriesA.case1(P2P_PPM_Mobile_SeriesA.java:30)
                        	at sun.reflect.NativeMethodAccessorImpl.invoke0(Native Method)
                        	at sun.reflect.NativeMethodAccessorImpl.invoke(NativeMethodAccessorImpl.java:62)
                        	at sun.reflect.DelegatingMethodAccessorImpl.invoke(DelegatingMethodAccessorImpl.java:43)
                        	at java.lang.reflect.Method.invoke(Method.java:498)
                        	at org.testng.internal.MethodInvocationHelper.invokeMethod(MethodInvocationHelper.java:86)
                        	at org.testng.internal.InvokeMethodRunnable.runOne(InvokeMethodRunnable.java:54)
                        	at org.testng.internal.InvokeMethodRunnable.run(InvokeMethodRunnable.java:44)
                        	at java.util.concurrent.Executors$RunnableAdapter.call(Executors.java:511)
                        	at java.util.concurrent.FutureTask.run(FutureTask.java:266)
                        	at java.util.concurrent.ThreadPoolExecutor.runWorker(ThreadPoolExecutor.java:1142)
                        	at java.util.concurrent.ThreadPoolExecutor$Worker.run(ThreadPoolExecutor.java:617)
                        	at java.lang.Thread.run(Thread.java:745)
                     </pre>
                  </div>
               </td>
            </tr>
            <tr id="TestCases.P2P_PPM_Mobile_SeriesA_case2_byClass_FAIL4_row"
                class="testMethodStatusFAIL">
               <td width="100%" class="firstMethodCell">
                  <a onclick="toggleDetailsVisibility('TestCases.P2P_PPM_Mobile_SeriesA_case2_byClass_FAIL4_details')">case2()</a>
               </td>
               <td nowrap="true">18:19:12</td>
               <td nowrap="true" align="right">31s
                  
               </td>
               <td nowrap="true">
                  <a onclick="toggleDetailsVisibility('TestCases.P2P_PPM_Mobile_SeriesA_case2_byClass_FAIL4_exception')">java.lang.reflect.InvocationTargetException: </a>
                   
                  
               </td>
            </tr>
            <tr>
               <td colspan="4"
                   style="padding: 0; background-color: white; border-style: none; height: 0px;">
                  <div id="TestCases.P2P_PPM_Mobile_SeriesA_case2_byClass_FAIL4_details"
                       class="testMethodDetails">
                     <div>
                        <b>Name:
                           
                        </b>case2
                     </div>
                     <div>
                        <b>Signature:
                           
                        </b>case2()[pri:0, instance:TestCases.P2P_PPM_Mobile_SeriesA@57829d67]
                     </div>
                     <div>
                        <b>Start time:
                           
                        </b>18:19:12
                     </div>
                     <div>
                        <b>End time:
                           
                        </b>18:19:42
                     </div>
                     <div>
                        <b>Duration:
                           
                        </b>31s
                        
                     </div>
                  </div>
               </td>
            </tr>
            <tr>
               <td colspan="4"
                   style="padding: 0; background-color: white; border-style: none; height: 0px;">
                  <div id="TestCases.P2P_PPM_Mobile_SeriesA_case2_byClass_FAIL4_exception"
                       class="testMethodDetails">
                     <pre style="padding: 5px; margin: 0;">java.lang.reflect.InvocationTargetException
                        	at sun.reflect.GeneratedMethodAccessor22.invoke(Unknown Source)
                        	at sun.reflect.DelegatingMethodAccessorImpl.invoke(DelegatingMethodAccessorImpl.java:43)
                        	at java.lang.reflect.Method.invoke(Method.java:498)
                        	at com.dafycredit.giveu.test.service.RunUnit_Service.runCase(RunUnit_Service.java:99)
                        	at TestCases.P2P_PPM_Mobile_SeriesA.case2(P2P_PPM_Mobile_SeriesA.java:36)
                        	at sun.reflect.NativeMethodAccessorImpl.invoke0(Native Method)
                        	at sun.reflect.NativeMethodAccessorImpl.invoke(NativeMethodAccessorImpl.java:62)
                        	at sun.reflect.DelegatingMethodAccessorImpl.invoke(DelegatingMethodAccessorImpl.java:43)
                        	at java.lang.reflect.Method.invoke(Method.java:498)
                        	at org.testng.internal.MethodInvocationHelper.invokeMethod(MethodInvocationHelper.java:86)
                        	at org.testng.internal.InvokeMethodRunnable.runOne(InvokeMethodRunnable.java:54)
                        	at org.testng.internal.InvokeMethodRunnable.run(InvokeMethodRunnable.java:44)
                        	at java.util.concurrent.Executors$RunnableAdapter.call(Executors.java:511)
                        	at java.util.concurrent.FutureTask.run(FutureTask.java:266)
                        	at java.util.concurrent.ThreadPoolExecutor.runWorker(ThreadPoolExecutor.java:1142)
                        	at java.util.concurrent.ThreadPoolExecutor$Worker.run(ThreadPoolExecutor.java:617)
                        	at java.lang.Thread.run(Thread.java:745)
                        Caused by: java.lang.IndexOutOfBoundsException: Index: 0, Size: 0
                        	at java.util.ArrayList.rangeCheck(ArrayList.java:653)
                        	at java.util.ArrayList.get(ArrayList.java:429)
                        	at com.dafycredit.giveu.test.util.Appium_Util.getElement(Appium_Util.java:90)
                        	at com.dafycredit.giveu.test.handler.ClickAction_Handler.click(ClickAction_Handler.java:30)
                        	... 17 more
                     </pre>
                  </div>
               </td>
            </tr>
            <tr id="TestCases.P2P_PPM_Mobile_SeriesA_case3_byClass_FAIL5_row"
                class="testMethodStatusFAIL">
               <td width="100%" class="firstMethodCell">
                  <a onclick="toggleDetailsVisibility('TestCases.P2P_PPM_Mobile_SeriesA_case3_byClass_FAIL5_details')">case3()</a>
               </td>
               <td nowrap="true">18:19:42</td>
               <td nowrap="true" align="right">30s
                  
               </td>
               <td nowrap="true">
                  <a onclick="toggleDetailsVisibility('TestCases.P2P_PPM_Mobile_SeriesA_case3_byClass_FAIL5_exception')">java.lang.reflect.InvocationTargetException: </a>
                   
                  
               </td>
            </tr>
            <tr>
               <td colspan="4"
                   style="padding: 0; background-color: white; border-style: none; height: 0px;">
                  <div id="TestCases.P2P_PPM_Mobile_SeriesA_case3_byClass_FAIL5_details"
                       class="testMethodDetails">
                     <div>
                        <b>Name:
                           
                        </b>case3
                     </div>
                     <div>
                        <b>Signature:
                           
                        </b>case3()[pri:0, instance:TestCases.P2P_PPM_Mobile_SeriesA@57829d67]
                     </div>
                     <div>
                        <b>Start time:
                           
                        </b>18:19:42
                     </div>
                     <div>
                        <b>End time:
                           
                        </b>18:20:12
                     </div>
                     <div>
                        <b>Duration:
                           
                        </b>30s
                        
                     </div>
                  </div>
               </td>
            </tr>
            <tr>
               <td colspan="4"
                   style="padding: 0; background-color: white; border-style: none; height: 0px;">
                  <div id="TestCases.P2P_PPM_Mobile_SeriesA_case3_byClass_FAIL5_exception"
                       class="testMethodDetails">
                     <pre style="padding: 5px; margin: 0;">java.lang.reflect.InvocationTargetException
                        	at sun.reflect.GeneratedMethodAccessor22.invoke(Unknown Source)
                        	at sun.reflect.DelegatingMethodAccessorImpl.invoke(DelegatingMethodAccessorImpl.java:43)
                        	at java.lang.reflect.Method.invoke(Method.java:498)
                        	at com.dafycredit.giveu.test.service.RunUnit_Service.runCase(RunUnit_Service.java:99)
                        	at TestCases.P2P_PPM_Mobile_SeriesA.case3(P2P_PPM_Mobile_SeriesA.java:42)
                        	at sun.reflect.NativeMethodAccessorImpl.invoke0(Native Method)
                        	at sun.reflect.NativeMethodAccessorImpl.invoke(NativeMethodAccessorImpl.java:62)
                        	at sun.reflect.DelegatingMethodAccessorImpl.invoke(DelegatingMethodAccessorImpl.java:43)
                        	at java.lang.reflect.Method.invoke(Method.java:498)
                        	at org.testng.internal.MethodInvocationHelper.invokeMethod(MethodInvocationHelper.java:86)
                        	at org.testng.internal.InvokeMethodRunnable.runOne(InvokeMethodRunnable.java:54)
                        	at org.testng.internal.InvokeMethodRunnable.run(InvokeMethodRunnable.java:44)
                        	at java.util.concurrent.Executors$RunnableAdapter.call(Executors.java:511)
                        	at java.util.concurrent.FutureTask.run(FutureTask.java:266)
                        	at java.util.concurrent.ThreadPoolExecutor.runWorker(ThreadPoolExecutor.java:1142)
                        	at java.util.concurrent.ThreadPoolExecutor$Worker.run(ThreadPoolExecutor.java:617)
                        	at java.lang.Thread.run(Thread.java:745)
                        Caused by: java.lang.IndexOutOfBoundsException: Index: 0, Size: 0
                        	at java.util.ArrayList.rangeCheck(ArrayList.java:653)
                        	at java.util.ArrayList.get(ArrayList.java:429)
                        	at com.dafycredit.giveu.test.util.Appium_Util.getElement(Appium_Util.java:90)
                        	at com.dafycredit.giveu.test.handler.ClickAction_Handler.click(ClickAction_Handler.java:30)
                        	... 17 more
                     </pre>
                  </div>
               </td>
            </tr>
            <tr id="TestCases.P2P_PPM_Mobile_SeriesA_case4_byClass_FAIL6_row"
                class="testMethodStatusFAIL">
               <td width="100%" class="firstMethodCell">
                  <a onclick="toggleDetailsVisibility('TestCases.P2P_PPM_Mobile_SeriesA_case4_byClass_FAIL6_details')">case4()</a>
               </td>
               <td nowrap="true">18:20:12</td>
               <td nowrap="true" align="right">30s
                  
               </td>
               <td nowrap="true">
                  <a onclick="toggleDetailsVisibility('TestCases.P2P_PPM_Mobile_SeriesA_case4_byClass_FAIL6_exception')">java.lang.reflect.InvocationTargetException: </a>
                   
                  
               </td>
            </tr>
            <tr>
               <td colspan="4"
                   style="padding: 0; background-color: white; border-style: none; height: 0px;">
                  <div id="TestCases.P2P_PPM_Mobile_SeriesA_case4_byClass_FAIL6_details"
                       class="testMethodDetails">
                     <div>
                        <b>Name:
                           
                        </b>case4
                     </div>
                     <div>
                        <b>Signature:
                           
                        </b>case4()[pri:0, instance:TestCases.P2P_PPM_Mobile_SeriesA@57829d67]
                     </div>
                     <div>
                        <b>Start time:
                           
                        </b>18:20:12
                     </div>
                     <div>
                        <b>End time:
                           
                        </b>18:20:43
                     </div>
                     <div>
                        <b>Duration:
                           
                        </b>30s
                        
                     </div>
                  </div>
               </td>
            </tr>
            <tr>
               <td colspan="4"
                   style="padding: 0; background-color: white; border-style: none; height: 0px;">
                  <div id="TestCases.P2P_PPM_Mobile_SeriesA_case4_byClass_FAIL6_exception"
                       class="testMethodDetails">
                     <pre style="padding: 5px; margin: 0;">java.lang.reflect.InvocationTargetException
                        	at sun.reflect.GeneratedMethodAccessor22.invoke(Unknown Source)
                        	at sun.reflect.DelegatingMethodAccessorImpl.invoke(DelegatingMethodAccessorImpl.java:43)
                        	at java.lang.reflect.Method.invoke(Method.java:498)
                        	at com.dafycredit.giveu.test.service.RunUnit_Service.runCase(RunUnit_Service.java:99)
                        	at TestCases.P2P_PPM_Mobile_SeriesA.case4(P2P_PPM_Mobile_SeriesA.java:48)
                        	at sun.reflect.NativeMethodAccessorImpl.invoke0(Native Method)
                        	at sun.reflect.NativeMethodAccessorImpl.invoke(NativeMethodAccessorImpl.java:62)
                        	at sun.reflect.DelegatingMethodAccessorImpl.invoke(DelegatingMethodAccessorImpl.java:43)
                        	at java.lang.reflect.Method.invoke(Method.java:498)
                        	at org.testng.internal.MethodInvocationHelper.invokeMethod(MethodInvocationHelper.java:86)
                        	at org.testng.internal.InvokeMethodRunnable.runOne(InvokeMethodRunnable.java:54)
                        	at org.testng.internal.InvokeMethodRunnable.run(InvokeMethodRunnable.java:44)
                        	at java.util.concurrent.Executors$RunnableAdapter.call(Executors.java:511)
                        	at java.util.concurrent.FutureTask.run(FutureTask.java:266)
                        	at java.util.concurrent.ThreadPoolExecutor.runWorker(ThreadPoolExecutor.java:1142)
                        	at java.util.concurrent.ThreadPoolExecutor$Worker.run(ThreadPoolExecutor.java:617)
                        	at java.lang.Thread.run(Thread.java:745)
                        Caused by: java.lang.IndexOutOfBoundsException: Index: 0, Size: 0
                        	at java.util.ArrayList.rangeCheck(ArrayList.java:653)
                        	at java.util.ArrayList.get(ArrayList.java:429)
                        	at com.dafycredit.giveu.test.util.Appium_Util.getElement(Appium_Util.java:90)
                        	at com.dafycredit.giveu.test.handler.ClickAction_Handler.click(ClickAction_Handler.java:30)
                        	... 17 more
                     </pre>
                  </div>
               </td>
            </tr>
            <tr id="TestCases.P2P_PPM_Mobile_SeriesA_case5_byClass_FAIL7_row"
                class="testMethodStatusFAIL">
               <td width="100%" class="firstMethodCell">
                  <a onclick="toggleDetailsVisibility('TestCases.P2P_PPM_Mobile_SeriesA_case5_byClass_FAIL7_details')">case5()</a>
               </td>
               <td nowrap="true">18:20:43</td>
               <td nowrap="true" align="right">31s
                  
               </td>
               <td nowrap="true">
                  <a onclick="toggleDetailsVisibility('TestCases.P2P_PPM_Mobile_SeriesA_case5_byClass_FAIL7_exception')">java.lang.reflect.InvocationTargetException: </a>
                   
                  
               </td>
            </tr>
            <tr>
               <td colspan="4"
                   style="padding: 0; background-color: white; border-style: none; height: 0px;">
                  <div id="TestCases.P2P_PPM_Mobile_SeriesA_case5_byClass_FAIL7_details"
                       class="testMethodDetails">
                     <div>
                        <b>Name:
                           
                        </b>case5
                     </div>
                     <div>
                        <b>Signature:
                           
                        </b>case5()[pri:0, instance:TestCases.P2P_PPM_Mobile_SeriesA@57829d67]
                     </div>
                     <div>
                        <b>Start time:
                           
                        </b>18:20:43
                     </div>
                     <div>
                        <b>End time:
                           
                        </b>18:21:13
                     </div>
                     <div>
                        <b>Duration:
                           
                        </b>31s
                        
                     </div>
                  </div>
               </td>
            </tr>
            <tr>
               <td colspan="4"
                   style="padding: 0; background-color: white; border-style: none; height: 0px;">
                  <div id="TestCases.P2P_PPM_Mobile_SeriesA_case5_byClass_FAIL7_exception"
                       class="testMethodDetails">
                     <pre style="padding: 5px; margin: 0;">java.lang.reflect.InvocationTargetException
                        	at sun.reflect.GeneratedMethodAccessor22.invoke(Unknown Source)
                        	at sun.reflect.DelegatingMethodAccessorImpl.invoke(DelegatingMethodAccessorImpl.java:43)
                        	at java.lang.reflect.Method.invoke(Method.java:498)
                        	at com.dafycredit.giveu.test.service.RunUnit_Service.runCase(RunUnit_Service.java:99)
                        	at TestCases.P2P_PPM_Mobile_SeriesA.case5(P2P_PPM_Mobile_SeriesA.java:54)
                        	at sun.reflect.NativeMethodAccessorImpl.invoke0(Native Method)
                        	at sun.reflect.NativeMethodAccessorImpl.invoke(NativeMethodAccessorImpl.java:62)
                        	at sun.reflect.DelegatingMethodAccessorImpl.invoke(DelegatingMethodAccessorImpl.java:43)
                        	at java.lang.reflect.Method.invoke(Method.java:498)
                        	at org.testng.internal.MethodInvocationHelper.invokeMethod(MethodInvocationHelper.java:86)
                        	at org.testng.internal.InvokeMethodRunnable.runOne(InvokeMethodRunnable.java:54)
                        	at org.testng.internal.InvokeMethodRunnable.run(InvokeMethodRunnable.java:44)
                        	at java.util.concurrent.Executors$RunnableAdapter.call(Executors.java:511)
                        	at java.util.concurrent.FutureTask.run(FutureTask.java:266)
                        	at java.util.concurrent.ThreadPoolExecutor.runWorker(ThreadPoolExecutor.java:1142)
                        	at java.util.concurrent.ThreadPoolExecutor$Worker.run(ThreadPoolExecutor.java:617)
                        	at java.lang.Thread.run(Thread.java:745)
                        Caused by: java.lang.IndexOutOfBoundsException: Index: 0, Size: 0
                        	at java.util.ArrayList.rangeCheck(ArrayList.java:653)
                        	at java.util.ArrayList.get(ArrayList.java:429)
                        	at com.dafycredit.giveu.test.util.Appium_Util.getElement(Appium_Util.java:90)
                        	at com.dafycredit.giveu.test.handler.ClickAction_Handler.click(ClickAction_Handler.java:30)
                        	... 17 more
                     </pre>
                  </div>
               </td>
            </tr>
            <tr id="TestCases.P2P_PPM_Mobile_SeriesA_case6_byClass_FAIL8_row"
                class="testMethodStatusFAIL">
               <td width="100%" class="firstMethodCell">
                  <a onclick="toggleDetailsVisibility('TestCases.P2P_PPM_Mobile_SeriesA_case6_byClass_FAIL8_details')">case6()</a>
               </td>
               <td nowrap="true">18:21:13</td>
               <td nowrap="true" align="right">30s
                  
               </td>
               <td nowrap="true">
                  <a onclick="toggleDetailsVisibility('TestCases.P2P_PPM_Mobile_SeriesA_case6_byClass_FAIL8_exception')">java.lang.reflect.InvocationTargetException: </a>
                   
                  
               </td>
            </tr>
            <tr>
               <td colspan="4"
                   style="padding: 0; background-color: white; border-style: none; height: 0px;">
                  <div id="TestCases.P2P_PPM_Mobile_SeriesA_case6_byClass_FAIL8_details"
                       class="testMethodDetails">
                     <div>
                        <b>Name:
                           
                        </b>case6
                     </div>
                     <div>
                        <b>Signature:
                           
                        </b>case6()[pri:0, instance:TestCases.P2P_PPM_Mobile_SeriesA@57829d67]
                     </div>
                     <div>
                        <b>Start time:
                           
                        </b>18:21:13
                     </div>
                     <div>
                        <b>End time:
                           
                        </b>18:21:44
                     </div>
                     <div>
                        <b>Duration:
                           
                        </b>30s
                        
                     </div>
                  </div>
               </td>
            </tr>
            <tr>
               <td colspan="4"
                   style="padding: 0; background-color: white; border-style: none; height: 0px;">
                  <div id="TestCases.P2P_PPM_Mobile_SeriesA_case6_byClass_FAIL8_exception"
                       class="testMethodDetails">
                     <pre style="padding: 5px; margin: 0;">java.lang.reflect.InvocationTargetException
                        	at sun.reflect.GeneratedMethodAccessor22.invoke(Unknown Source)
                        	at sun.reflect.DelegatingMethodAccessorImpl.invoke(DelegatingMethodAccessorImpl.java:43)
                        	at java.lang.reflect.Method.invoke(Method.java:498)
                        	at com.dafycredit.giveu.test.service.RunUnit_Service.runCase(RunUnit_Service.java:99)
                        	at TestCases.P2P_PPM_Mobile_SeriesA.case6(P2P_PPM_Mobile_SeriesA.java:60)
                        	at sun.reflect.NativeMethodAccessorImpl.invoke0(Native Method)
                        	at sun.reflect.NativeMethodAccessorImpl.invoke(NativeMethodAccessorImpl.java:62)
                        	at sun.reflect.DelegatingMethodAccessorImpl.invoke(DelegatingMethodAccessorImpl.java:43)
                        	at java.lang.reflect.Method.invoke(Method.java:498)
                        	at org.testng.internal.MethodInvocationHelper.invokeMethod(MethodInvocationHelper.java:86)
                        	at org.testng.internal.InvokeMethodRunnable.runOne(InvokeMethodRunnable.java:54)
                        	at org.testng.internal.InvokeMethodRunnable.run(InvokeMethodRunnable.java:44)
                        	at java.util.concurrent.Executors$RunnableAdapter.call(Executors.java:511)
                        	at java.util.concurrent.FutureTask.run(FutureTask.java:266)
                        	at java.util.concurrent.ThreadPoolExecutor.runWorker(ThreadPoolExecutor.java:1142)
                        	at java.util.concurrent.ThreadPoolExecutor$Worker.run(ThreadPoolExecutor.java:617)
                        	at java.lang.Thread.run(Thread.java:745)
                        Caused by: java.lang.IndexOutOfBoundsException: Index: 0, Size: 0
                        	at java.util.ArrayList.rangeCheck(ArrayList.java:653)
                        	at java.util.ArrayList.get(ArrayList.java:429)
                        	at com.dafycredit.giveu.test.util.Appium_Util.getElement(Appium_Util.java:90)
                        	at com.dafycredit.giveu.test.handler.ClickAction_Handler.click(ClickAction_Handler.java:30)
                        	... 17 more
                     </pre>
                  </div>
               </td>
            </tr>
            <tr id="TestCases.P2P_PPM_Mobile_SeriesA_case7_byClass_FAIL9_row"
                class="testMethodStatusFAIL">
               <td width="100%" class="firstMethodCell">
                  <a onclick="toggleDetailsVisibility('TestCases.P2P_PPM_Mobile_SeriesA_case7_byClass_FAIL9_details')">case7()</a>
               </td>
               <td nowrap="true">18:21:44</td>
               <td nowrap="true" align="right">11s
                  
               </td>
               <td nowrap="true">
                  <a onclick="toggleDetailsVisibility('TestCases.P2P_PPM_Mobile_SeriesA_case7_byClass_FAIL9_exception')">java.lang.IndexOutOfBoundsException: 
                     Index: 0, Size: 0
                     
                  </a>
                   
                  
               </td>
            </tr>
            <tr>
               <td colspan="4"
                   style="padding: 0; background-color: white; border-style: none; height: 0px;">
                  <div id="TestCases.P2P_PPM_Mobile_SeriesA_case7_byClass_FAIL9_details"
                       class="testMethodDetails">
                     <div>
                        <b>Name:
                           
                        </b>case7
                     </div>
                     <div>
                        <b>Signature:
                           
                        </b>case7()[pri:0, instance:TestCases.P2P_PPM_Mobile_SeriesA@57829d67]
                     </div>
                     <div>
                        <b>Start time:
                           
                        </b>18:21:44
                     </div>
                     <div>
                        <b>End time:
                           
                        </b>18:21:54
                     </div>
                     <div>
                        <b>Duration:
                           
                        </b>11s
                        
                     </div>
                  </div>
               </td>
            </tr>
            <tr>
               <td colspan="4"
                   style="padding: 0; background-color: white; border-style: none; height: 0px;">
                  <div id="TestCases.P2P_PPM_Mobile_SeriesA_case7_byClass_FAIL9_exception"
                       class="testMethodDetails">
                     <pre style="padding: 5px; margin: 0;">java.lang.IndexOutOfBoundsException: Index: 0, Size: 0
                        	at java.util.ArrayList.rangeCheck(ArrayList.java:653)
                        	at java.util.ArrayList.get(ArrayList.java:429)
                        	at com.dafycredit.giveu.test.util.Appium_Util.getElement(Appium_Util.java:90)
                        	at com.dafycredit.giveu.test.base.Step_Action$3.run(Step_Action.java:52)
                        	at com.dafycredit.giveu.test.service.RunUnit_Service.runCase(RunUnit_Service.java:101)
                        	at TestCases.P2P_PPM_Mobile_SeriesA.case7(P2P_PPM_Mobile_SeriesA.java:66)
                        	at sun.reflect.NativeMethodAccessorImpl.invoke0(Native Method)
                        	at sun.reflect.NativeMethodAccessorImpl.invoke(NativeMethodAccessorImpl.java:62)
                        	at sun.reflect.DelegatingMethodAccessorImpl.invoke(DelegatingMethodAccessorImpl.java:43)
                        	at java.lang.reflect.Method.invoke(Method.java:498)
                        	at org.testng.internal.MethodInvocationHelper.invokeMethod(MethodInvocationHelper.java:86)
                        	at org.testng.internal.InvokeMethodRunnable.runOne(InvokeMethodRunnable.java:54)
                        	at org.testng.internal.InvokeMethodRunnable.run(InvokeMethodRunnable.java:44)
                        	at java.util.concurrent.Executors$RunnableAdapter.call(Executors.java:511)
                        	at java.util.concurrent.FutureTask.run(FutureTask.java:266)
                        	at java.util.concurrent.ThreadPoolExecutor.runWorker(ThreadPoolExecutor.java:1142)
                        	at java.util.concurrent.ThreadPoolExecutor$Worker.run(ThreadPoolExecutor.java:617)
                        	at java.lang.Thread.run(Thread.java:745)
                     </pre>
                  </div>
               </td>
            </tr>
            <tr id="TestCases.P2P_PPM_Mobile_SeriesA_case8_byClass_FAIL10_row"
                class="testMethodStatusFAIL">
               <td width="100%" class="firstMethodCell">
                  <a onclick="toggleDetailsVisibility('TestCases.P2P_PPM_Mobile_SeriesA_case8_byClass_FAIL10_details')">case8()</a>
               </td>
               <td nowrap="true">18:21:54</td>
               <td nowrap="true" align="right">31s
                  
               </td>
               <td nowrap="true">
                  <a onclick="toggleDetailsVisibility('TestCases.P2P_PPM_Mobile_SeriesA_case8_byClass_FAIL10_exception')">java.lang.reflect.InvocationTargetException: </a>
                   
                  
               </td>
            </tr>
            <tr>
               <td colspan="4"
                   style="padding: 0; background-color: white; border-style: none; height: 0px;">
                  <div id="TestCases.P2P_PPM_Mobile_SeriesA_case8_byClass_FAIL10_details"
                       class="testMethodDetails">
                     <div>
                        <b>Name:
                           
                        </b>case8
                     </div>
                     <div>
                        <b>Signature:
                           
                        </b>case8()[pri:0, instance:TestCases.P2P_PPM_Mobile_SeriesA@57829d67]
                     </div>
                     <div>
                        <b>Start time:
                           
                        </b>18:21:54
                     </div>
                     <div>
                        <b>End time:
                           
                        </b>18:22:25
                     </div>
                     <div>
                        <b>Duration:
                           
                        </b>31s
                        
                     </div>
                  </div>
               </td>
            </tr>
            <tr>
               <td colspan="4"
                   style="padding: 0; background-color: white; border-style: none; height: 0px;">
                  <div id="TestCases.P2P_PPM_Mobile_SeriesA_case8_byClass_FAIL10_exception"
                       class="testMethodDetails">
                     <pre style="padding: 5px; margin: 0;">java.lang.reflect.InvocationTargetException
                        	at sun.reflect.GeneratedMethodAccessor22.invoke(Unknown Source)
                        	at sun.reflect.DelegatingMethodAccessorImpl.invoke(DelegatingMethodAccessorImpl.java:43)
                        	at java.lang.reflect.Method.invoke(Method.java:498)
                        	at com.dafycredit.giveu.test.service.RunUnit_Service.runCase(RunUnit_Service.java:99)
                        	at TestCases.P2P_PPM_Mobile_SeriesA.case8(P2P_PPM_Mobile_SeriesA.java:72)
                        	at sun.reflect.NativeMethodAccessorImpl.invoke0(Native Method)
                        	at sun.reflect.NativeMethodAccessorImpl.invoke(NativeMethodAccessorImpl.java:62)
                        	at sun.reflect.DelegatingMethodAccessorImpl.invoke(DelegatingMethodAccessorImpl.java:43)
                        	at java.lang.reflect.Method.invoke(Method.java:498)
                        	at org.testng.internal.MethodInvocationHelper.invokeMethod(MethodInvocationHelper.java:86)
                        	at org.testng.internal.InvokeMethodRunnable.runOne(InvokeMethodRunnable.java:54)
                        	at org.testng.internal.InvokeMethodRunnable.run(InvokeMethodRunnable.java:44)
                        	at java.util.concurrent.Executors$RunnableAdapter.call(Executors.java:511)
                        	at java.util.concurrent.FutureTask.run(FutureTask.java:266)
                        	at java.util.concurrent.ThreadPoolExecutor.runWorker(ThreadPoolExecutor.java:1142)
                        	at java.util.concurrent.ThreadPoolExecutor$Worker.run(ThreadPoolExecutor.java:617)
                        	at java.lang.Thread.run(Thread.java:745)
                        Caused by: java.lang.IndexOutOfBoundsException: Index: 0, Size: 0
                        	at java.util.ArrayList.rangeCheck(ArrayList.java:653)
                        	at java.util.ArrayList.get(ArrayList.java:429)
                        	at com.dafycredit.giveu.test.util.Appium_Util.getElement(Appium_Util.java:90)
                        	at com.dafycredit.giveu.test.handler.ClickAction_Handler.click(ClickAction_Handler.java:30)
                        	... 17 more
                     </pre>
                  </div>
               </td>
            </tr>
            <tr id="TestCases.P2P_PPM_Mobile_SeriesA_case9_byClass_FAIL11_row"
                class="testMethodStatusFAIL">
               <td width="100%" class="firstMethodCell">
                  <a onclick="toggleDetailsVisibility('TestCases.P2P_PPM_Mobile_SeriesA_case9_byClass_FAIL11_details')">case9()</a>
               </td>
               <td nowrap="true">18:22:25</td>
               <td nowrap="true" align="right">30s
                  
               </td>
               <td nowrap="true">
                  <a onclick="toggleDetailsVisibility('TestCases.P2P_PPM_Mobile_SeriesA_case9_byClass_FAIL11_exception')">java.lang.reflect.InvocationTargetException: </a>
                   
                  
               </td>
            </tr>
            <tr>
               <td colspan="4"
                   style="padding: 0; background-color: white; border-style: none; height: 0px;">
                  <div id="TestCases.P2P_PPM_Mobile_SeriesA_case9_byClass_FAIL11_details"
                       class="testMethodDetails">
                     <div>
                        <b>Name:
                           
                        </b>case9
                     </div>
                     <div>
                        <b>Signature:
                           
                        </b>case9()[pri:0, instance:TestCases.P2P_PPM_Mobile_SeriesA@57829d67]
                     </div>
                     <div>
                        <b>Start time:
                           
                        </b>18:22:25
                     </div>
                     <div>
                        <b>End time:
                           
                        </b>18:22:55
                     </div>
                     <div>
                        <b>Duration:
                           
                        </b>30s
                        
                     </div>
                  </div>
               </td>
            </tr>
            <tr>
               <td colspan="4"
                   style="padding: 0; background-color: white; border-style: none; height: 0px;">
                  <div id="TestCases.P2P_PPM_Mobile_SeriesA_case9_byClass_FAIL11_exception"
                       class="testMethodDetails">
                     <pre style="padding: 5px; margin: 0;">java.lang.reflect.InvocationTargetException
                        	at sun.reflect.GeneratedMethodAccessor22.invoke(Unknown Source)
                        	at sun.reflect.DelegatingMethodAccessorImpl.invoke(DelegatingMethodAccessorImpl.java:43)
                        	at java.lang.reflect.Method.invoke(Method.java:498)
                        	at com.dafycredit.giveu.test.service.RunUnit_Service.runCase(RunUnit_Service.java:99)
                        	at TestCases.P2P_PPM_Mobile_SeriesA.case9(P2P_PPM_Mobile_SeriesA.java:78)
                        	at sun.reflect.NativeMethodAccessorImpl.invoke0(Native Method)
                        	at sun.reflect.NativeMethodAccessorImpl.invoke(NativeMethodAccessorImpl.java:62)
                        	at sun.reflect.DelegatingMethodAccessorImpl.invoke(DelegatingMethodAccessorImpl.java:43)
                        	at java.lang.reflect.Method.invoke(Method.java:498)
                        	at org.testng.internal.MethodInvocationHelper.invokeMethod(MethodInvocationHelper.java:86)
                        	at org.testng.internal.InvokeMethodRunnable.runOne(InvokeMethodRunnable.java:54)
                        	at org.testng.internal.InvokeMethodRunnable.run(InvokeMethodRunnable.java:44)
                        	at java.util.concurrent.Executors$RunnableAdapter.call(Executors.java:511)
                        	at java.util.concurrent.FutureTask.run(FutureTask.java:266)
                        	at java.util.concurrent.ThreadPoolExecutor.runWorker(ThreadPoolExecutor.java:1142)
                        	at java.util.concurrent.ThreadPoolExecutor$Worker.run(ThreadPoolExecutor.java:617)
                        	at java.lang.Thread.run(Thread.java:745)
                        Caused by: java.lang.IndexOutOfBoundsException: Index: 0, Size: 0
                        	at java.util.ArrayList.rangeCheck(ArrayList.java:653)
                        	at java.util.ArrayList.get(ArrayList.java:429)
                        	at com.dafycredit.giveu.test.util.Appium_Util.getElement(Appium_Util.java:90)
                        	at com.dafycredit.giveu.test.handler.ClickAction_Handler.click(ClickAction_Handler.java:30)
                        	... 17 more
                     </pre>
                  </div>
               </td>
            </tr>
            <tr id="TestCases.P2P_PPM_Mobile_SeriesA_case_10_byClass_FAIL12_row"
                class="testMethodStatusFAIL">
               <td width="100%" class="firstMethodCell">
                  <a onclick="toggleDetailsVisibility('TestCases.P2P_PPM_Mobile_SeriesA_case_10_byClass_FAIL12_details')">case_10()</a>
               </td>
               <td nowrap="true">18:22:55</td>
               <td nowrap="true" align="right">30s
                  
               </td>
               <td nowrap="true">
                  <a onclick="toggleDetailsVisibility('TestCases.P2P_PPM_Mobile_SeriesA_case_10_byClass_FAIL12_exception')">java.lang.reflect.InvocationTargetException: </a>
                   
                  
               </td>
            </tr>
            <tr>
               <td colspan="4"
                   style="padding: 0; background-color: white; border-style: none; height: 0px;">
                  <div id="TestCases.P2P_PPM_Mobile_SeriesA_case_10_byClass_FAIL12_details"
                       class="testMethodDetails">
                     <div>
                        <b>Name:
                           
                        </b>case_10
                     </div>
                     <div>
                        <b>Signature:
                           
                        </b>case_10()[pri:0, instance:TestCases.P2P_PPM_Mobile_SeriesA@57829d67]
                     </div>
                     <div>
                        <b>Start time:
                           
                        </b>18:22:55
                     </div>
                     <div>
                        <b>End time:
                           
                        </b>18:23:25
                     </div>
                     <div>
                        <b>Duration:
                           
                        </b>30s
                        
                     </div>
                  </div>
               </td>
            </tr>
            <tr>
               <td colspan="4"
                   style="padding: 0; background-color: white; border-style: none; height: 0px;">
                  <div id="TestCases.P2P_PPM_Mobile_SeriesA_case_10_byClass_FAIL12_exception"
                       class="testMethodDetails">
                     <pre style="padding: 5px; margin: 0;">java.lang.reflect.InvocationTargetException
                        	at sun.reflect.GeneratedMethodAccessor22.invoke(Unknown Source)
                        	at sun.reflect.DelegatingMethodAccessorImpl.invoke(DelegatingMethodAccessorImpl.java:43)
                        	at java.lang.reflect.Method.invoke(Method.java:498)
                        	at com.dafycredit.giveu.test.service.RunUnit_Service.runCase(RunUnit_Service.java:99)
                        	at TestCases.P2P_PPM_Mobile_SeriesA.case_10(P2P_PPM_Mobile_SeriesA.java:84)
                        	at sun.reflect.NativeMethodAccessorImpl.invoke0(Native Method)
                        	at sun.reflect.NativeMethodAccessorImpl.invoke(NativeMethodAccessorImpl.java:62)
                        	at sun.reflect.DelegatingMethodAccessorImpl.invoke(DelegatingMethodAccessorImpl.java:43)
                        	at java.lang.reflect.Method.invoke(Method.java:498)
                        	at org.testng.internal.MethodInvocationHelper.invokeMethod(MethodInvocationHelper.java:86)
                        	at org.testng.internal.InvokeMethodRunnable.runOne(InvokeMethodRunnable.java:54)
                        	at org.testng.internal.InvokeMethodRunnable.run(InvokeMethodRunnable.java:44)
                        	at java.util.concurrent.Executors$RunnableAdapter.call(Executors.java:511)
                        	at java.util.concurrent.FutureTask.run(FutureTask.java:266)
                        	at java.util.concurrent.ThreadPoolExecutor.runWorker(ThreadPoolExecutor.java:1142)
                        	at java.util.concurrent.ThreadPoolExecutor$Worker.run(ThreadPoolExecutor.java:617)
                        	at java.lang.Thread.run(Thread.java:745)
                        Caused by: java.lang.IndexOutOfBoundsException: Index: 0, Size: 0
                        	at java.util.ArrayList.rangeCheck(ArrayList.java:653)
                        	at java.util.ArrayList.get(ArrayList.java:429)
                        	at com.dafycredit.giveu.test.util.Appium_Util.getElement(Appium_Util.java:90)
                        	at com.dafycredit.giveu.test.handler.ClickAction_Handler.click(ClickAction_Handler.java:30)
                        	... 17 more
                     </pre>
                  </div>
               </td>
            </tr>
            <tr id="TestCases.P2P_PPM_Mobile_SeriesA_case_11_byClass_FAIL13_row"
                class="testMethodStatusFAIL">
               <td width="100%" class="firstMethodCell">
                  <a onclick="toggleDetailsVisibility('TestCases.P2P_PPM_Mobile_SeriesA_case_11_byClass_FAIL13_details')">case_11()</a>
               </td>
               <td nowrap="true">18:23:25</td>
               <td nowrap="true" align="right">30s
                  
               </td>
               <td nowrap="true">
                  <a onclick="toggleDetailsVisibility('TestCases.P2P_PPM_Mobile_SeriesA_case_11_byClass_FAIL13_exception')">java.lang.reflect.InvocationTargetException: </a>
                   
                  
               </td>
            </tr>
            <tr>
               <td colspan="4"
                   style="padding: 0; background-color: white; border-style: none; height: 0px;">
                  <div id="TestCases.P2P_PPM_Mobile_SeriesA_case_11_byClass_FAIL13_details"
                       class="testMethodDetails">
                     <div>
                        <b>Name:
                           
                        </b>case_11
                     </div>
                     <div>
                        <b>Signature:
                           
                        </b>case_11()[pri:0, instance:TestCases.P2P_PPM_Mobile_SeriesA@57829d67]
                     </div>
                     <div>
                        <b>Start time:
                           
                        </b>18:23:25
                     </div>
                     <div>
                        <b>End time:
                           
                        </b>18:23:56
                     </div>
                     <div>
                        <b>Duration:
                           
                        </b>30s
                        
                     </div>
                  </div>
               </td>
            </tr>
            <tr>
               <td colspan="4"
                   style="padding: 0; background-color: white; border-style: none; height: 0px;">
                  <div id="TestCases.P2P_PPM_Mobile_SeriesA_case_11_byClass_FAIL13_exception"
                       class="testMethodDetails">
                     <pre style="padding: 5px; margin: 0;">java.lang.reflect.InvocationTargetException
                        	at sun.reflect.GeneratedMethodAccessor22.invoke(Unknown Source)
                        	at sun.reflect.DelegatingMethodAccessorImpl.invoke(DelegatingMethodAccessorImpl.java:43)
                        	at java.lang.reflect.Method.invoke(Method.java:498)
                        	at com.dafycredit.giveu.test.service.RunUnit_Service.runCase(RunUnit_Service.java:99)
                        	at TestCases.P2P_PPM_Mobile_SeriesA.case_11(P2P_PPM_Mobile_SeriesA.java:90)
                        	at sun.reflect.NativeMethodAccessorImpl.invoke0(Native Method)
                        	at sun.reflect.NativeMethodAccessorImpl.invoke(NativeMethodAccessorImpl.java:62)
                        	at sun.reflect.DelegatingMethodAccessorImpl.invoke(DelegatingMethodAccessorImpl.java:43)
                        	at java.lang.reflect.Method.invoke(Method.java:498)
                        	at org.testng.internal.MethodInvocationHelper.invokeMethod(MethodInvocationHelper.java:86)
                        	at org.testng.internal.InvokeMethodRunnable.runOne(InvokeMethodRunnable.java:54)
                        	at org.testng.internal.InvokeMethodRunnable.run(InvokeMethodRunnable.java:44)
                        	at java.util.concurrent.Executors$RunnableAdapter.call(Executors.java:511)
                        	at java.util.concurrent.FutureTask.run(FutureTask.java:266)
                        	at java.util.concurrent.ThreadPoolExecutor.runWorker(ThreadPoolExecutor.java:1142)
                        	at java.util.concurrent.ThreadPoolExecutor$Worker.run(ThreadPoolExecutor.java:617)
                        	at java.lang.Thread.run(Thread.java:745)
                        Caused by: java.lang.IndexOutOfBoundsException: Index: 0, Size: 0
                        	at java.util.ArrayList.rangeCheck(ArrayList.java:653)
                        	at java.util.ArrayList.get(ArrayList.java:429)
                        	at com.dafycredit.giveu.test.util.Appium_Util.getElement(Appium_Util.java:90)
                        	at com.dafycredit.giveu.test.handler.ClickAction_Handler.click(ClickAction_Handler.java:30)
                        	... 17 more
                     </pre>
                  </div>
               </td>
            </tr>
            <tr id="TestCases.P2P_PPM_Mobile_SeriesA_case_12_byClass_FAIL14_row"
                class="testMethodStatusFAIL">
               <td width="100%" class="firstMethodCell">
                  <a onclick="toggleDetailsVisibility('TestCases.P2P_PPM_Mobile_SeriesA_case_12_byClass_FAIL14_details')">case_12()</a>
               </td>
               <td nowrap="true">18:23:56</td>
               <td nowrap="true" align="right">30s
                  
               </td>
               <td nowrap="true">
                  <a onclick="toggleDetailsVisibility('TestCases.P2P_PPM_Mobile_SeriesA_case_12_byClass_FAIL14_exception')">java.lang.reflect.InvocationTargetException: </a>
                   
                  
               </td>
            </tr>
            <tr>
               <td colspan="4"
                   style="padding: 0; background-color: white; border-style: none; height: 0px;">
                  <div id="TestCases.P2P_PPM_Mobile_SeriesA_case_12_byClass_FAIL14_details"
                       class="testMethodDetails">
                     <div>
                        <b>Name:
                           
                        </b>case_12
                     </div>
                     <div>
                        <b>Signature:
                           
                        </b>case_12()[pri:0, instance:TestCases.P2P_PPM_Mobile_SeriesA@57829d67]
                     </div>
                     <div>
                        <b>Start time:
                           
                        </b>18:23:56
                     </div>
                     <div>
                        <b>End time:
                           
                        </b>18:24:26
                     </div>
                     <div>
                        <b>Duration:
                           
                        </b>30s
                        
                     </div>
                  </div>
               </td>
            </tr>
            <tr>
               <td colspan="4"
                   style="padding: 0; background-color: white; border-style: none; height: 0px;">
                  <div id="TestCases.P2P_PPM_Mobile_SeriesA_case_12_byClass_FAIL14_exception"
                       class="testMethodDetails">
                     <pre style="padding: 5px; margin: 0;">java.lang.reflect.InvocationTargetException
                        	at sun.reflect.GeneratedMethodAccessor22.invoke(Unknown Source)
                        	at sun.reflect.DelegatingMethodAccessorImpl.invoke(DelegatingMethodAccessorImpl.java:43)
                        	at java.lang.reflect.Method.invoke(Method.java:498)
                        	at com.dafycredit.giveu.test.service.RunUnit_Service.runCase(RunUnit_Service.java:99)
                        	at TestCases.P2P_PPM_Mobile_SeriesA.case_12(P2P_PPM_Mobile_SeriesA.java:96)
                        	at sun.reflect.NativeMethodAccessorImpl.invoke0(Native Method)
                        	at sun.reflect.NativeMethodAccessorImpl.invoke(NativeMethodAccessorImpl.java:62)
                        	at sun.reflect.DelegatingMethodAccessorImpl.invoke(DelegatingMethodAccessorImpl.java:43)
                        	at java.lang.reflect.Method.invoke(Method.java:498)
                        	at org.testng.internal.MethodInvocationHelper.invokeMethod(MethodInvocationHelper.java:86)
                        	at org.testng.internal.InvokeMethodRunnable.runOne(InvokeMethodRunnable.java:54)
                        	at org.testng.internal.InvokeMethodRunnable.run(InvokeMethodRunnable.java:44)
                        	at java.util.concurrent.Executors$RunnableAdapter.call(Executors.java:511)
                        	at java.util.concurrent.FutureTask.run(FutureTask.java:266)
                        	at java.util.concurrent.ThreadPoolExecutor.runWorker(ThreadPoolExecutor.java:1142)
                        	at java.util.concurrent.ThreadPoolExecutor$Worker.run(ThreadPoolExecutor.java:617)
                        	at java.lang.Thread.run(Thread.java:745)
                        Caused by: java.lang.IndexOutOfBoundsException: Index: 0, Size: 0
                        	at java.util.ArrayList.rangeCheck(ArrayList.java:653)
                        	at java.util.ArrayList.get(ArrayList.java:429)
                        	at com.dafycredit.giveu.test.util.Appium_Util.getElement(Appium_Util.java:90)
                        	at com.dafycredit.giveu.test.handler.ClickAction_Handler.click(ClickAction_Handler.java:30)
                        	... 17 more
                     </pre>
                  </div>
               </td>
            </tr>
            <tr id="TestCases.P2P_PPM_Mobile_SeriesA_case_13_byClass_FAIL15_row"
                class="testMethodStatusFAIL">
               <td width="100%" class="firstMethodCell">
                  <a onclick="toggleDetailsVisibility('TestCases.P2P_PPM_Mobile_SeriesA_case_13_byClass_FAIL15_details')">case_13()</a>
               </td>
               <td nowrap="true">18:24:26</td>
               <td nowrap="true" align="right">11s
                  
               </td>
               <td nowrap="true">
                  <a onclick="toggleDetailsVisibility('TestCases.P2P_PPM_Mobile_SeriesA_case_13_byClass_FAIL15_exception')">java.lang.IndexOutOfBoundsException: 
                     Index: 0, Size: 0
                     
                  </a>
                   
                  
               </td>
            </tr>
            <tr>
               <td colspan="4"
                   style="padding: 0; background-color: white; border-style: none; height: 0px;">
                  <div id="TestCases.P2P_PPM_Mobile_SeriesA_case_13_byClass_FAIL15_details"
                       class="testMethodDetails">
                     <div>
                        <b>Name:
                           
                        </b>case_13
                     </div>
                     <div>
                        <b>Signature:
                           
                        </b>case_13()[pri:0, instance:TestCases.P2P_PPM_Mobile_SeriesA@57829d67]
                     </div>
                     <div>
                        <b>Start time:
                           
                        </b>18:24:26
                     </div>
                     <div>
                        <b>End time:
                           
                        </b>18:24:37
                     </div>
                     <div>
                        <b>Duration:
                           
                        </b>11s
                        
                     </div>
                  </div>
               </td>
            </tr>
            <tr>
               <td colspan="4"
                   style="padding: 0; background-color: white; border-style: none; height: 0px;">
                  <div id="TestCases.P2P_PPM_Mobile_SeriesA_case_13_byClass_FAIL15_exception"
                       class="testMethodDetails">
                     <pre style="padding: 5px; margin: 0;">java.lang.IndexOutOfBoundsException: Index: 0, Size: 0
                        	at java.util.ArrayList.rangeCheck(ArrayList.java:653)
                        	at java.util.ArrayList.get(ArrayList.java:429)
                        	at com.dafycredit.giveu.test.util.Appium_Util.getElement(Appium_Util.java:90)
                        	at com.dafycredit.giveu.test.base.Step_Action$3.run(Step_Action.java:52)
                        	at com.dafycredit.giveu.test.service.RunUnit_Service.runCase(RunUnit_Service.java:101)
                        	at TestCases.P2P_PPM_Mobile_SeriesA.case_13(P2P_PPM_Mobile_SeriesA.java:102)
                        	at sun.reflect.NativeMethodAccessorImpl.invoke0(Native Method)
                        	at sun.reflect.NativeMethodAccessorImpl.invoke(NativeMethodAccessorImpl.java:62)
                        	at sun.reflect.DelegatingMethodAccessorImpl.invoke(DelegatingMethodAccessorImpl.java:43)
                        	at java.lang.reflect.Method.invoke(Method.java:498)
                        	at org.testng.internal.MethodInvocationHelper.invokeMethod(MethodInvocationHelper.java:86)
                        	at org.testng.internal.InvokeMethodRunnable.runOne(InvokeMethodRunnable.java:54)
                        	at org.testng.internal.InvokeMethodRunnable.run(InvokeMethodRunnable.java:44)
                        	at java.util.concurrent.Executors$RunnableAdapter.call(Executors.java:511)
                        	at java.util.concurrent.FutureTask.run(FutureTask.java:266)
                        	at java.util.concurrent.ThreadPoolExecutor.runWorker(ThreadPoolExecutor.java:1142)
                        	at java.util.concurrent.ThreadPoolExecutor$Worker.run(ThreadPoolExecutor.java:617)
                        	at java.lang.Thread.run(Thread.java:745)
                     </pre>
                  </div>
               </td>
            </tr>
            <tr id="TestCases.P2P_PPM_Mobile_SeriesA_case_14_byClass_FAIL16_row"
                class="testMethodStatusFAIL">
               <td width="100%" class="firstMethodCell">
                  <a onclick="toggleDetailsVisibility('TestCases.P2P_PPM_Mobile_SeriesA_case_14_byClass_FAIL16_details')">case_14()</a>
               </td>
               <td nowrap="true">18:24:37</td>
               <td nowrap="true" align="right">30s
                  
               </td>
               <td nowrap="true">
                  <a onclick="toggleDetailsVisibility('TestCases.P2P_PPM_Mobile_SeriesA_case_14_byClass_FAIL16_exception')">java.lang.reflect.InvocationTargetException: </a>
                   
                  
               </td>
            </tr>
            <tr>
               <td colspan="4"
                   style="padding: 0; background-color: white; border-style: none; height: 0px;">
                  <div id="TestCases.P2P_PPM_Mobile_SeriesA_case_14_byClass_FAIL16_details"
                       class="testMethodDetails">
                     <div>
                        <b>Name:
                           
                        </b>case_14
                     </div>
                     <div>
                        <b>Signature:
                           
                        </b>case_14()[pri:0, instance:TestCases.P2P_PPM_Mobile_SeriesA@57829d67]
                     </div>
                     <div>
                        <b>Start time:
                           
                        </b>18:24:37
                     </div>
                     <div>
                        <b>End time:
                           
                        </b>18:25:07
                     </div>
                     <div>
                        <b>Duration:
                           
                        </b>30s
                        
                     </div>
                  </div>
               </td>
            </tr>
            <tr>
               <td colspan="4"
                   style="padding: 0; background-color: white; border-style: none; height: 0px;">
                  <div id="TestCases.P2P_PPM_Mobile_SeriesA_case_14_byClass_FAIL16_exception"
                       class="testMethodDetails">
                     <pre style="padding: 5px; margin: 0;">java.lang.reflect.InvocationTargetException
                        	at sun.reflect.GeneratedMethodAccessor22.invoke(Unknown Source)
                        	at sun.reflect.DelegatingMethodAccessorImpl.invoke(DelegatingMethodAccessorImpl.java:43)
                        	at java.lang.reflect.Method.invoke(Method.java:498)
                        	at com.dafycredit.giveu.test.service.RunUnit_Service.runCase(RunUnit_Service.java:99)
                        	at TestCases.P2P_PPM_Mobile_SeriesA.case_14(P2P_PPM_Mobile_SeriesA.java:108)
                        	at sun.reflect.NativeMethodAccessorImpl.invoke0(Native Method)
                        	at sun.reflect.NativeMethodAccessorImpl.invoke(NativeMethodAccessorImpl.java:62)
                        	at sun.reflect.DelegatingMethodAccessorImpl.invoke(DelegatingMethodAccessorImpl.java:43)
                        	at java.lang.reflect.Method.invoke(Method.java:498)
                        	at org.testng.internal.MethodInvocationHelper.invokeMethod(MethodInvocationHelper.java:86)
                        	at org.testng.internal.InvokeMethodRunnable.runOne(InvokeMethodRunnable.java:54)
                        	at org.testng.internal.InvokeMethodRunnable.run(InvokeMethodRunnable.java:44)
                        	at java.util.concurrent.Executors$RunnableAdapter.call(Executors.java:511)
                        	at java.util.concurrent.FutureTask.run(FutureTask.java:266)
                        	at java.util.concurrent.ThreadPoolExecutor.runWorker(ThreadPoolExecutor.java:1142)
                        	at java.util.concurrent.ThreadPoolExecutor$Worker.run(ThreadPoolExecutor.java:617)
                        	at java.lang.Thread.run(Thread.java:745)
                        Caused by: java.lang.IndexOutOfBoundsException: Index: 0, Size: 0
                        	at java.util.ArrayList.rangeCheck(ArrayList.java:653)
                        	at java.util.ArrayList.get(ArrayList.java:429)
                        	at com.dafycredit.giveu.test.util.Appium_Util.getElement(Appium_Util.java:90)
                        	at com.dafycredit.giveu.test.handler.ClickAction_Handler.click(ClickAction_Handler.java:30)
                        	... 17 more
                     </pre>
                  </div>
               </td>
            </tr>
            <tr id="TestCases.P2P_PPM_Mobile_SeriesA_case_15_byClass_FAIL17_row"
                class="testMethodStatusFAIL">
               <td width="100%" class="firstMethodCell">
                  <a onclick="toggleDetailsVisibility('TestCases.P2P_PPM_Mobile_SeriesA_case_15_byClass_FAIL17_details')">case_15()</a>
               </td>
               <td nowrap="true">18:25:07</td>
               <td nowrap="true" align="right">10s
                  
               </td>
               <td nowrap="true">
                  <a onclick="toggleDetailsVisibility('TestCases.P2P_PPM_Mobile_SeriesA_case_15_byClass_FAIL17_exception')">java.lang.IndexOutOfBoundsException: 
                     Index: 0, Size: 0
                     
                  </a>
                   
                  
               </td>
            </tr>
            <tr>
               <td colspan="4"
                   style="padding: 0; background-color: white; border-style: none; height: 0px;">
                  <div id="TestCases.P2P_PPM_Mobile_SeriesA_case_15_byClass_FAIL17_details"
                       class="testMethodDetails">
                     <div>
                        <b>Name:
                           
                        </b>case_15
                     </div>
                     <div>
                        <b>Signature:
                           
                        </b>case_15()[pri:0, instance:TestCases.P2P_PPM_Mobile_SeriesA@57829d67]
                     </div>
                     <div>
                        <b>Start time:
                           
                        </b>18:25:07
                     </div>
                     <div>
                        <b>End time:
                           
                        </b>18:25:17
                     </div>
                     <div>
                        <b>Duration:
                           
                        </b>10s
                        
                     </div>
                  </div>
               </td>
            </tr>
            <tr>
               <td colspan="4"
                   style="padding: 0; background-color: white; border-style: none; height: 0px;">
                  <div id="TestCases.P2P_PPM_Mobile_SeriesA_case_15_byClass_FAIL17_exception"
                       class="testMethodDetails">
                     <pre style="padding: 5px; margin: 0;">java.lang.IndexOutOfBoundsException: Index: 0, Size: 0
                        	at java.util.ArrayList.rangeCheck(ArrayList.java:653)
                        	at java.util.ArrayList.get(ArrayList.java:429)
                        	at com.dafycredit.giveu.test.util.Appium_Util.getElement(Appium_Util.java:90)
                        	at com.dafycredit.giveu.test.base.Step_Action$2.run(Step_Action.java:41)
                        	at com.dafycredit.giveu.test.service.RunUnit_Service.runCase(RunUnit_Service.java:101)
                        	at TestCases.P2P_PPM_Mobile_SeriesA.case_15(P2P_PPM_Mobile_SeriesA.java:114)
                        	at sun.reflect.NativeMethodAccessorImpl.invoke0(Native Method)
                        	at sun.reflect.NativeMethodAccessorImpl.invoke(NativeMethodAccessorImpl.java:62)
                        	at sun.reflect.DelegatingMethodAccessorImpl.invoke(DelegatingMethodAccessorImpl.java:43)
                        	at java.lang.reflect.Method.invoke(Method.java:498)
                        	at org.testng.internal.MethodInvocationHelper.invokeMethod(MethodInvocationHelper.java:86)
                        	at org.testng.internal.InvokeMethodRunnable.runOne(InvokeMethodRunnable.java:54)
                        	at org.testng.internal.InvokeMethodRunnable.run(InvokeMethodRunnable.java:44)
                        	at java.util.concurrent.Executors$RunnableAdapter.call(Executors.java:511)
                        	at java.util.concurrent.FutureTask.run(FutureTask.java:266)
                        	at java.util.concurrent.ThreadPoolExecutor.runWorker(ThreadPoolExecutor.java:1142)
                        	at java.util.concurrent.ThreadPoolExecutor$Worker.run(ThreadPoolExecutor.java:617)
                        	at java.lang.Thread.run(Thread.java:745)
                     </pre>
                  </div>
               </td>
            </tr>
            <tr id="TestCases.P2P_PPM_Mobile_SeriesA_case_16_byClass_FAIL18_row"
                class="testMethodStatusFAIL">
               <td width="100%" class="firstMethodCell">
                  <a onclick="toggleDetailsVisibility('TestCases.P2P_PPM_Mobile_SeriesA_case_16_byClass_FAIL18_details')">case_16()</a>
               </td>
               <td nowrap="true">18:25:17</td>
               <td nowrap="true" align="right">30s
                  
               </td>
               <td nowrap="true">
                  <a onclick="toggleDetailsVisibility('TestCases.P2P_PPM_Mobile_SeriesA_case_16_byClass_FAIL18_exception')">java.lang.reflect.InvocationTargetException: </a>
                   
                  
               </td>
            </tr>
            <tr>
               <td colspan="4"
                   style="padding: 0; background-color: white; border-style: none; height: 0px;">
                  <div id="TestCases.P2P_PPM_Mobile_SeriesA_case_16_byClass_FAIL18_details"
                       class="testMethodDetails">
                     <div>
                        <b>Name:
                           
                        </b>case_16
                     </div>
                     <div>
                        <b>Signature:
                           
                        </b>case_16()[pri:0, instance:TestCases.P2P_PPM_Mobile_SeriesA@57829d67]
                     </div>
                     <div>
                        <b>Start time:
                           
                        </b>18:25:17
                     </div>
                     <div>
                        <b>End time:
                           
                        </b>18:25:47
                     </div>
                     <div>
                        <b>Duration:
                           
                        </b>30s
                        
                     </div>
                  </div>
               </td>
            </tr>
            <tr>
               <td colspan="4"
                   style="padding: 0; background-color: white; border-style: none; height: 0px;">
                  <div id="TestCases.P2P_PPM_Mobile_SeriesA_case_16_byClass_FAIL18_exception"
                       class="testMethodDetails">
                     <pre style="padding: 5px; margin: 0;">java.lang.reflect.InvocationTargetException
                        	at sun.reflect.GeneratedMethodAccessor22.invoke(Unknown Source)
                        	at sun.reflect.DelegatingMethodAccessorImpl.invoke(DelegatingMethodAccessorImpl.java:43)
                        	at java.lang.reflect.Method.invoke(Method.java:498)
                        	at com.dafycredit.giveu.test.service.RunUnit_Service.runCase(RunUnit_Service.java:99)
                        	at TestCases.P2P_PPM_Mobile_SeriesA.case_16(P2P_PPM_Mobile_SeriesA.java:120)
                        	at sun.reflect.NativeMethodAccessorImpl.invoke0(Native Method)
                        	at sun.reflect.NativeMethodAccessorImpl.invoke(NativeMethodAccessorImpl.java:62)
                        	at sun.reflect.DelegatingMethodAccessorImpl.invoke(DelegatingMethodAccessorImpl.java:43)
                        	at java.lang.reflect.Method.invoke(Method.java:498)
                        	at org.testng.internal.MethodInvocationHelper.invokeMethod(MethodInvocationHelper.java:86)
                        	at org.testng.internal.InvokeMethodRunnable.runOne(InvokeMethodRunnable.java:54)
                        	at org.testng.internal.InvokeMethodRunnable.run(InvokeMethodRunnable.java:44)
                        	at java.util.concurrent.Executors$RunnableAdapter.call(Executors.java:511)
                        	at java.util.concurrent.FutureTask.run(FutureTask.java:266)
                        	at java.util.concurrent.ThreadPoolExecutor.runWorker(ThreadPoolExecutor.java:1142)
                        	at java.util.concurrent.ThreadPoolExecutor$Worker.run(ThreadPoolExecutor.java:617)
                        	at java.lang.Thread.run(Thread.java:745)
                        Caused by: java.lang.IndexOutOfBoundsException: Index: 0, Size: 0
                        	at java.util.ArrayList.rangeCheck(ArrayList.java:653)
                        	at java.util.ArrayList.get(ArrayList.java:429)
                        	at com.dafycredit.giveu.test.util.Appium_Util.getElement(Appium_Util.java:90)
                        	at com.dafycredit.giveu.test.handler.ClickAction_Handler.click(ClickAction_Handler.java:30)
                        	... 17 more
                     </pre>
                  </div>
               </td>
            </tr>
            <tr id="TestCases.P2P_PPM_Mobile_SeriesA_case_17_byClass_FAIL19_row"
                class="testMethodStatusFAIL">
               <td width="100%" class="firstMethodCell">
                  <a onclick="toggleDetailsVisibility('TestCases.P2P_PPM_Mobile_SeriesA_case_17_byClass_FAIL19_details')">case_17()</a>
               </td>
               <td nowrap="true">18:25:47</td>
               <td nowrap="true" align="right">10s
                  
               </td>
               <td nowrap="true">
                  <a onclick="toggleDetailsVisibility('TestCases.P2P_PPM_Mobile_SeriesA_case_17_byClass_FAIL19_exception')">java.lang.IndexOutOfBoundsException: 
                     Index: 0, Size: 0
                     
                  </a>
                   
                  
               </td>
            </tr>
            <tr>
               <td colspan="4"
                   style="padding: 0; background-color: white; border-style: none; height: 0px;">
                  <div id="TestCases.P2P_PPM_Mobile_SeriesA_case_17_byClass_FAIL19_details"
                       class="testMethodDetails">
                     <div>
                        <b>Name:
                           
                        </b>case_17
                     </div>
                     <div>
                        <b>Signature:
                           
                        </b>case_17()[pri:0, instance:TestCases.P2P_PPM_Mobile_SeriesA@57829d67]
                     </div>
                     <div>
                        <b>Start time:
                           
                        </b>18:25:47
                     </div>
                     <div>
                        <b>End time:
                           
                        </b>18:25:58
                     </div>
                     <div>
                        <b>Duration:
                           
                        </b>10s
                        
                     </div>
                  </div>
               </td>
            </tr>
            <tr>
               <td colspan="4"
                   style="padding: 0; background-color: white; border-style: none; height: 0px;">
                  <div id="TestCases.P2P_PPM_Mobile_SeriesA_case_17_byClass_FAIL19_exception"
                       class="testMethodDetails">
                     <pre style="padding: 5px; margin: 0;">java.lang.IndexOutOfBoundsException: Index: 0, Size: 0
                        	at java.util.ArrayList.rangeCheck(ArrayList.java:653)
                        	at java.util.ArrayList.get(ArrayList.java:429)
                        	at com.dafycredit.giveu.test.util.Appium_Util.getElement(Appium_Util.java:90)
                        	at com.dafycredit.giveu.test.base.Step_Action$3.run(Step_Action.java:52)
                        	at com.dafycredit.giveu.test.service.RunUnit_Service.runCase(RunUnit_Service.java:101)
                        	at TestCases.P2P_PPM_Mobile_SeriesA.case_17(P2P_PPM_Mobile_SeriesA.java:126)
                        	at sun.reflect.NativeMethodAccessorImpl.invoke0(Native Method)
                        	at sun.reflect.NativeMethodAccessorImpl.invoke(NativeMethodAccessorImpl.java:62)
                        	at sun.reflect.DelegatingMethodAccessorImpl.invoke(DelegatingMethodAccessorImpl.java:43)
                        	at java.lang.reflect.Method.invoke(Method.java:498)
                        	at org.testng.internal.MethodInvocationHelper.invokeMethod(MethodInvocationHelper.java:86)
                        	at org.testng.internal.InvokeMethodRunnable.runOne(InvokeMethodRunnable.java:54)
                        	at org.testng.internal.InvokeMethodRunnable.run(InvokeMethodRunnable.java:44)
                        	at java.util.concurrent.Executors$RunnableAdapter.call(Executors.java:511)
                        	at java.util.concurrent.FutureTask.run(FutureTask.java:266)
                        	at java.util.concurrent.ThreadPoolExecutor.runWorker(ThreadPoolExecutor.java:1142)
                        	at java.util.concurrent.ThreadPoolExecutor$Worker.run(ThreadPoolExecutor.java:617)
                        	at java.lang.Thread.run(Thread.java:745)
                     </pre>
                  </div>
               </td>
            </tr>
            <tr id="TestCases.P2P_PPM_Mobile_SeriesA_case_18_byClass_FAIL20_row"
                class="testMethodStatusFAIL">
               <td width="100%" class="firstMethodCell">
                  <a onclick="toggleDetailsVisibility('TestCases.P2P_PPM_Mobile_SeriesA_case_18_byClass_FAIL20_details')">case_18()</a>
               </td>
               <td nowrap="true">18:25:58</td>
               <td nowrap="true" align="right">30s
                  
               </td>
               <td nowrap="true">
                  <a onclick="toggleDetailsVisibility('TestCases.P2P_PPM_Mobile_SeriesA_case_18_byClass_FAIL20_exception')">java.lang.reflect.InvocationTargetException: </a>
                   
                  
               </td>
            </tr>
            <tr>
               <td colspan="4"
                   style="padding: 0; background-color: white; border-style: none; height: 0px;">
                  <div id="TestCases.P2P_PPM_Mobile_SeriesA_case_18_byClass_FAIL20_details"
                       class="testMethodDetails">
                     <div>
                        <b>Name:
                           
                        </b>case_18
                     </div>
                     <div>
                        <b>Signature:
                           
                        </b>case_18()[pri:0, instance:TestCases.P2P_PPM_Mobile_SeriesA@57829d67]
                     </div>
                     <div>
                        <b>Start time:
                           
                        </b>18:25:58
                     </div>
                     <div>
                        <b>End time:
                           
                        </b>18:26:28
                     </div>
                     <div>
                        <b>Duration:
                           
                        </b>30s
                        
                     </div>
                  </div>
               </td>
            </tr>
            <tr>
               <td colspan="4"
                   style="padding: 0; background-color: white; border-style: none; height: 0px;">
                  <div id="TestCases.P2P_PPM_Mobile_SeriesA_case_18_byClass_FAIL20_exception"
                       class="testMethodDetails">
                     <pre style="padding: 5px; margin: 0;">java.lang.reflect.InvocationTargetException
                        	at sun.reflect.GeneratedMethodAccessor22.invoke(Unknown Source)
                        	at sun.reflect.DelegatingMethodAccessorImpl.invoke(DelegatingMethodAccessorImpl.java:43)
                        	at java.lang.reflect.Method.invoke(Method.java:498)
                        	at com.dafycredit.giveu.test.service.RunUnit_Service.runCase(RunUnit_Service.java:99)
                        	at TestCases.P2P_PPM_Mobile_SeriesA.case_18(P2P_PPM_Mobile_SeriesA.java:132)
                        	at sun.reflect.NativeMethodAccessorImpl.invoke0(Native Method)
                        	at sun.reflect.NativeMethodAccessorImpl.invoke(NativeMethodAccessorImpl.java:62)
                        	at sun.reflect.DelegatingMethodAccessorImpl.invoke(DelegatingMethodAccessorImpl.java:43)
                        	at java.lang.reflect.Method.invoke(Method.java:498)
                        	at org.testng.internal.MethodInvocationHelper.invokeMethod(MethodInvocationHelper.java:86)
                        	at org.testng.internal.InvokeMethodRunnable.runOne(InvokeMethodRunnable.java:54)
                        	at org.testng.internal.InvokeMethodRunnable.run(InvokeMethodRunnable.java:44)
                        	at java.util.concurrent.Executors$RunnableAdapter.call(Executors.java:511)
                        	at java.util.concurrent.FutureTask.run(FutureTask.java:266)
                        	at java.util.concurrent.ThreadPoolExecutor.runWorker(ThreadPoolExecutor.java:1142)
                        	at java.util.concurrent.ThreadPoolExecutor$Worker.run(ThreadPoolExecutor.java:617)
                        	at java.lang.Thread.run(Thread.java:745)
                        Caused by: java.lang.IndexOutOfBoundsException: Index: 0, Size: 0
                        	at java.util.ArrayList.rangeCheck(ArrayList.java:653)
                        	at java.util.ArrayList.get(ArrayList.java:429)
                        	at com.dafycredit.giveu.test.util.Appium_Util.getElement(Appium_Util.java:90)
                        	at com.dafycredit.giveu.test.handler.ClickAction_Handler.click(ClickAction_Handler.java:30)
                        	... 17 more
                     </pre>
                  </div>
               </td>
            </tr>
            <tr id="TestCases.P2P_PPM_Mobile_SeriesA_case_19_byClass_FAIL21_row"
                class="testMethodStatusFAIL">
               <td width="100%" class="firstMethodCell">
                  <a onclick="toggleDetailsVisibility('TestCases.P2P_PPM_Mobile_SeriesA_case_19_byClass_FAIL21_details')">case_19()</a>
               </td>
               <td nowrap="true">18:26:28</td>
               <td nowrap="true" align="right">30s
                  
               </td>
               <td nowrap="true">
                  <a onclick="toggleDetailsVisibility('TestCases.P2P_PPM_Mobile_SeriesA_case_19_byClass_FAIL21_exception')">java.lang.reflect.InvocationTargetException: </a>
                   
                  
               </td>
            </tr>
            <tr>
               <td colspan="4"
                   style="padding: 0; background-color: white; border-style: none; height: 0px;">
                  <div id="TestCases.P2P_PPM_Mobile_SeriesA_case_19_byClass_FAIL21_details"
                       class="testMethodDetails">
                     <div>
                        <b>Name:
                           
                        </b>case_19
                     </div>
                     <div>
                        <b>Signature:
                           
                        </b>case_19()[pri:0, instance:TestCases.P2P_PPM_Mobile_SeriesA@57829d67]
                     </div>
                     <div>
                        <b>Start time:
                           
                        </b>18:26:28
                     </div>
                     <div>
                        <b>End time:
                           
                        </b>18:26:58
                     </div>
                     <div>
                        <b>Duration:
                           
                        </b>30s
                        
                     </div>
                  </div>
               </td>
            </tr>
            <tr>
               <td colspan="4"
                   style="padding: 0; background-color: white; border-style: none; height: 0px;">
                  <div id="TestCases.P2P_PPM_Mobile_SeriesA_case_19_byClass_FAIL21_exception"
                       class="testMethodDetails">
                     <pre style="padding: 5px; margin: 0;">java.lang.reflect.InvocationTargetException
                        	at sun.reflect.GeneratedMethodAccessor22.invoke(Unknown Source)
                        	at sun.reflect.DelegatingMethodAccessorImpl.invoke(DelegatingMethodAccessorImpl.java:43)
                        	at java.lang.reflect.Method.invoke(Method.java:498)
                        	at com.dafycredit.giveu.test.service.RunUnit_Service.runCase(RunUnit_Service.java:99)
                        	at TestCases.P2P_PPM_Mobile_SeriesA.case_19(P2P_PPM_Mobile_SeriesA.java:138)
                        	at sun.reflect.NativeMethodAccessorImpl.invoke0(Native Method)
                        	at sun.reflect.NativeMethodAccessorImpl.invoke(NativeMethodAccessorImpl.java:62)
                        	at sun.reflect.DelegatingMethodAccessorImpl.invoke(DelegatingMethodAccessorImpl.java:43)
                        	at java.lang.reflect.Method.invoke(Method.java:498)
                        	at org.testng.internal.MethodInvocationHelper.invokeMethod(MethodInvocationHelper.java:86)
                        	at org.testng.internal.InvokeMethodRunnable.runOne(InvokeMethodRunnable.java:54)
                        	at org.testng.internal.InvokeMethodRunnable.run(InvokeMethodRunnable.java:44)
                        	at java.util.concurrent.Executors$RunnableAdapter.call(Executors.java:511)
                        	at java.util.concurrent.FutureTask.run(FutureTask.java:266)
                        	at java.util.concurrent.ThreadPoolExecutor.runWorker(ThreadPoolExecutor.java:1142)
                        	at java.util.concurrent.ThreadPoolExecutor$Worker.run(ThreadPoolExecutor.java:617)
                        	at java.lang.Thread.run(Thread.java:745)
                        Caused by: java.lang.IndexOutOfBoundsException: Index: 0, Size: 0
                        	at java.util.ArrayList.rangeCheck(ArrayList.java:653)
                        	at java.util.ArrayList.get(ArrayList.java:429)
                        	at com.dafycredit.giveu.test.util.Appium_Util.getElement(Appium_Util.java:90)
                        	at com.dafycredit.giveu.test.handler.ClickAction_Handler.click(ClickAction_Handler.java:30)
                        	... 17 more
                     </pre>
                  </div>
               </td>
            </tr>
            <tr id="TestCases.P2P_PPM_Mobile_SeriesA_case_20_byClass_FAIL22_row"
                class="testMethodStatusFAIL">
               <td width="100%" class="firstMethodCell">
                  <a onclick="toggleDetailsVisibility('TestCases.P2P_PPM_Mobile_SeriesA_case_20_byClass_FAIL22_details')">case_20()</a>
               </td>
               <td nowrap="true">18:26:58</td>
               <td nowrap="true" align="right">2m
                  31s
                  
               </td>
               <td nowrap="true">
                  <a onclick="toggleDetailsVisibility('TestCases.P2P_PPM_Mobile_SeriesA_case_20_byClass_FAIL22_exception')">java.lang.reflect.InvocationTargetException: </a>
                   
                  
               </td>
            </tr>
            <tr>
               <td colspan="4"
                   style="padding: 0; background-color: white; border-style: none; height: 0px;">
                  <div id="TestCases.P2P_PPM_Mobile_SeriesA_case_20_byClass_FAIL22_details"
                       class="testMethodDetails">
                     <div>
                        <b>Name:
                           
                        </b>case_20
                     </div>
                     <div>
                        <b>Signature:
                           
                        </b>case_20()[pri:0, instance:TestCases.P2P_PPM_Mobile_SeriesA@57829d67]
                     </div>
                     <div>
                        <b>Start time:
                           
                        </b>18:26:58
                     </div>
                     <div>
                        <b>End time:
                           
                        </b>18:28:29
                     </div>
                     <div>
                        <b>Duration:
                           
                        </b>2m
                        31s
                        
                     </div>
                  </div>
               </td>
            </tr>
            <tr>
               <td colspan="4"
                   style="padding: 0; background-color: white; border-style: none; height: 0px;">
                  <div id="TestCases.P2P_PPM_Mobile_SeriesA_case_20_byClass_FAIL22_exception"
                       class="testMethodDetails">
                     <pre style="padding: 5px; margin: 0;">java.lang.reflect.InvocationTargetException
                        	at sun.reflect.GeneratedMethodAccessor22.invoke(Unknown Source)
                        	at sun.reflect.DelegatingMethodAccessorImpl.invoke(DelegatingMethodAccessorImpl.java:43)
                        	at java.lang.reflect.Method.invoke(Method.java:498)
                        	at com.dafycredit.giveu.test.service.RunUnit_Service.runCase(RunUnit_Service.java:99)
                        	at TestCases.P2P_PPM_Mobile_SeriesA.case_20(P2P_PPM_Mobile_SeriesA.java:144)
                        	at sun.reflect.NativeMethodAccessorImpl.invoke0(Native Method)
                        	at sun.reflect.NativeMethodAccessorImpl.invoke(NativeMethodAccessorImpl.java:62)
                        	at sun.reflect.DelegatingMethodAccessorImpl.invoke(DelegatingMethodAccessorImpl.java:43)
                        	at java.lang.reflect.Method.invoke(Method.java:498)
                        	at org.testng.internal.MethodInvocationHelper.invokeMethod(MethodInvocationHelper.java:86)
                        	at org.testng.internal.InvokeMethodRunnable.runOne(InvokeMethodRunnable.java:54)
                        	at org.testng.internal.InvokeMethodRunnable.run(InvokeMethodRunnable.java:44)
                        	at java.util.concurrent.Executors$RunnableAdapter.call(Executors.java:511)
                        	at java.util.concurrent.FutureTask.run(FutureTask.java:266)
                        	at java.util.concurrent.ThreadPoolExecutor.runWorker(ThreadPoolExecutor.java:1142)
                        	at java.util.concurrent.ThreadPoolExecutor$Worker.run(ThreadPoolExecutor.java:617)
                        	at java.lang.Thread.run(Thread.java:745)
                        Caused by: java.lang.IndexOutOfBoundsException: Index: 0, Size: 0
                        	at java.util.ArrayList.rangeCheck(ArrayList.java:653)
                        	at java.util.ArrayList.get(ArrayList.java:429)
                        	at com.dafycredit.giveu.test.util.Appium_Util.getElement(Appium_Util.java:90)
                        	at com.dafycredit.giveu.test.handler.ClickAction_Handler.click(ClickAction_Handler.java:30)
                        	... 17 more
                     </pre>
                  </div>
               </td>
            </tr>
            <tr id="TestCases.P2P_PPM_Mobile_SeriesA_case_21_byClass_FAIL23_row"
                class="testMethodStatusFAIL">
               <td width="100%" class="firstMethodCell">
                  <a onclick="toggleDetailsVisibility('TestCases.P2P_PPM_Mobile_SeriesA_case_21_byClass_FAIL23_details')">case_21()</a>
               </td>
               <td nowrap="true">18:28:29</td>
               <td nowrap="true" align="right">32s
                  
               </td>
               <td nowrap="true">
                  <a onclick="toggleDetailsVisibility('TestCases.P2P_PPM_Mobile_SeriesA_case_21_byClass_FAIL23_exception')">java.lang.reflect.InvocationTargetException: </a>
                   
                  
               </td>
            </tr>
            <tr>
               <td colspan="4"
                   style="padding: 0; background-color: white; border-style: none; height: 0px;">
                  <div id="TestCases.P2P_PPM_Mobile_SeriesA_case_21_byClass_FAIL23_details"
                       class="testMethodDetails">
                     <div>
                        <b>Name:
                           
                        </b>case_21
                     </div>
                     <div>
                        <b>Signature:
                           
                        </b>case_21()[pri:0, instance:TestCases.P2P_PPM_Mobile_SeriesA@57829d67]
                     </div>
                     <div>
                        <b>Start time:
                           
                        </b>18:28:29
                     </div>
                     <div>
                        <b>End time:
                           
                        </b>18:29:01
                     </div>
                     <div>
                        <b>Duration:
                           
                        </b>32s
                        
                     </div>
                  </div>
               </td>
            </tr>
            <tr>
               <td colspan="4"
                   style="padding: 0; background-color: white; border-style: none; height: 0px;">
                  <div id="TestCases.P2P_PPM_Mobile_SeriesA_case_21_byClass_FAIL23_exception"
                       class="testMethodDetails">
                     <pre style="padding: 5px; margin: 0;">java.lang.reflect.InvocationTargetException
                        	at sun.reflect.GeneratedMethodAccessor22.invoke(Unknown Source)
                        	at sun.reflect.DelegatingMethodAccessorImpl.invoke(DelegatingMethodAccessorImpl.java:43)
                        	at java.lang.reflect.Method.invoke(Method.java:498)
                        	at com.dafycredit.giveu.test.service.RunUnit_Service.runCase(RunUnit_Service.java:99)
                        	at TestCases.P2P_PPM_Mobile_SeriesA.case_21(P2P_PPM_Mobile_SeriesA.java:150)
                        	at sun.reflect.NativeMethodAccessorImpl.invoke0(Native Method)
                        	at sun.reflect.NativeMethodAccessorImpl.invoke(NativeMethodAccessorImpl.java:62)
                        	at sun.reflect.DelegatingMethodAccessorImpl.invoke(DelegatingMethodAccessorImpl.java:43)
                        	at java.lang.reflect.Method.invoke(Method.java:498)
                        	at org.testng.internal.MethodInvocationHelper.invokeMethod(MethodInvocationHelper.java:86)
                        	at org.testng.internal.InvokeMethodRunnable.runOne(InvokeMethodRunnable.java:54)
                        	at org.testng.internal.InvokeMethodRunnable.run(InvokeMethodRunnable.java:44)
                        	at java.util.concurrent.Executors$RunnableAdapter.call(Executors.java:511)
                        	at java.util.concurrent.FutureTask.run(FutureTask.java:266)
                        	at java.util.concurrent.ThreadPoolExecutor.runWorker(ThreadPoolExecutor.java:1142)
                        	at java.util.concurrent.ThreadPoolExecutor$Worker.run(ThreadPoolExecutor.java:617)
                        	at java.lang.Thread.run(Thread.java:745)
                        Caused by: java.lang.IndexOutOfBoundsException: Index: 0, Size: 0
                        	at java.util.ArrayList.rangeCheck(ArrayList.java:653)
                        	at java.util.ArrayList.get(ArrayList.java:429)
                        	at com.dafycredit.giveu.test.util.Appium_Util.getElement(Appium_Util.java:90)
                        	at com.dafycredit.giveu.test.handler.ClickAction_Handler.click(ClickAction_Handler.java:30)
                        	... 17 more
                     </pre>
                  </div>
               </td>
            </tr>
            <tr id="TestCases.P2P_PPM_Mobile_SeriesA_case_22_byClass_FAIL24_row"
                class="testMethodStatusFAIL">
               <td width="100%" class="firstMethodCell">
                  <a onclick="toggleDetailsVisibility('TestCases.P2P_PPM_Mobile_SeriesA_case_22_byClass_FAIL24_details')">case_22()</a>
               </td>
               <td nowrap="true">18:29:01</td>
               <td nowrap="true" align="right">29s
                  
               </td>
               <td nowrap="true">
                  <a onclick="toggleDetailsVisibility('TestCases.P2P_PPM_Mobile_SeriesA_case_22_byClass_FAIL24_exception')">java.lang.reflect.InvocationTargetException: </a>
                   
                  
               </td>
            </tr>
            <tr>
               <td colspan="4"
                   style="padding: 0; background-color: white; border-style: none; height: 0px;">
                  <div id="TestCases.P2P_PPM_Mobile_SeriesA_case_22_byClass_FAIL24_details"
                       class="testMethodDetails">
                     <div>
                        <b>Name:
                           
                        </b>case_22
                     </div>
                     <div>
                        <b>Signature:
                           
                        </b>case_22()[pri:0, instance:TestCases.P2P_PPM_Mobile_SeriesA@57829d67]
                     </div>
                     <div>
                        <b>Start time:
                           
                        </b>18:29:01
                     </div>
                     <div>
                        <b>End time:
                           
                        </b>18:29:30
                     </div>
                     <div>
                        <b>Duration:
                           
                        </b>29s
                        
                     </div>
                  </div>
               </td>
            </tr>
            <tr>
               <td colspan="4"
                   style="padding: 0; background-color: white; border-style: none; height: 0px;">
                  <div id="TestCases.P2P_PPM_Mobile_SeriesA_case_22_byClass_FAIL24_exception"
                       class="testMethodDetails">
                     <pre style="padding: 5px; margin: 0;">java.lang.reflect.InvocationTargetException
                        	at sun.reflect.GeneratedMethodAccessor22.invoke(Unknown Source)
                        	at sun.reflect.DelegatingMethodAccessorImpl.invoke(DelegatingMethodAccessorImpl.java:43)
                        	at java.lang.reflect.Method.invoke(Method.java:498)
                        	at com.dafycredit.giveu.test.service.RunUnit_Service.runCase(RunUnit_Service.java:99)
                        	at TestCases.P2P_PPM_Mobile_SeriesA.case_22(P2P_PPM_Mobile_SeriesA.java:156)
                        	at sun.reflect.NativeMethodAccessorImpl.invoke0(Native Method)
                        	at sun.reflect.NativeMethodAccessorImpl.invoke(NativeMethodAccessorImpl.java:62)
                        	at sun.reflect.DelegatingMethodAccessorImpl.invoke(DelegatingMethodAccessorImpl.java:43)
                        	at java.lang.reflect.Method.invoke(Method.java:498)
                        	at org.testng.internal.MethodInvocationHelper.invokeMethod(MethodInvocationHelper.java:86)
                        	at org.testng.internal.InvokeMethodRunnable.runOne(InvokeMethodRunnable.java:54)
                        	at org.testng.internal.InvokeMethodRunnable.run(InvokeMethodRunnable.java:44)
                        	at java.util.concurrent.Executors$RunnableAdapter.call(Executors.java:511)
                        	at java.util.concurrent.FutureTask.run(FutureTask.java:266)
                        	at java.util.concurrent.ThreadPoolExecutor.runWorker(ThreadPoolExecutor.java:1142)
                        	at java.util.concurrent.ThreadPoolExecutor$Worker.run(ThreadPoolExecutor.java:617)
                        	at java.lang.Thread.run(Thread.java:745)
                        Caused by: org.openqa.selenium.remote.UnreachableBrowserException: Error communicating with the remote browser. It may have
                        died.
                        Build info: version: '2.53.0', revision: '35ae25b1534ae328c771e0856c93e187490ca824', time: '2016-03-15 10:43:46'
                        System info: host: 'King', ip: '192.168.98.2', os.name: 'Windows 8.1', os.arch: 'amd64', os.version: '6.3', java.version:
                        '1.8.0_91'
                        Driver info: driver.version: AndroidDriver
                        Capabilities [{appPackage=com.giveu.corder, networkConnectionEnabled=true, noReset=true, warnings={}, databaseEnabled=false,
                        deviceName=b62f7ec6, fullReset=false, platform=LINUX, appActivity=.index.activity.SplashActivity, desired={appPackage=com.giveu.corder,
                        noReset=true, deviceName=Android Emulator, fullReset=false, appActivity=.index.activity.SplashActivity, newCommandTimeout=60000,
                        platformVersion=4.2.2, sessionOverride=true, unicodeKeyboard=true, autoWebview=true, platformName=Android, device=uiautomator,
                        resetKeyboard=true}, newCommandTimeout=60000, platformVersion=6.0.1, webStorageEnabled=false, locationContextEnabled=false,
                        browserName=Android, takesScreenshot=true, javascriptEnabled=true, sessionOverride=true, unicodeKeyboard=true, autoWebview=true,
                        platformName=Android, device=uiautomator, resetKeyboard=true}]
                        Session ID: 4afa3647-b9d3-4434-a52e-265fd71e5b6b
                        	at org.openqa.selenium.remote.RemoteWebDriver.execute(RemoteWebDriver.java:665)
                        	at io.appium.java_client.DefaultGenericMobileDriver.execute(DefaultGenericMobileDriver.java:42)
                        	at io.appium.java_client.AppiumDriver.execute(AppiumDriver.java:1)
                        	at io.appium.java_client.android.AndroidDriver.execute(AndroidDriver.java:1)
                        	at org.openqa.selenium.remote.RemoteWebDriver.findElements(RemoteWebDriver.java:388)
                        	at io.appium.java_client.android.AndroidDriver.findElementsByAndroidUIAutomator(AndroidDriver.java:403)
                        	at com.dafycredit.giveu.test.util.Appium_Util.getElement(Appium_Util.java:77)
                        	at com.dafycredit.giveu.test.handler.ClickAction_Handler.click(ClickAction_Handler.java:30)
                        	... 17 more
                        Caused by: org.openqa.selenium.WebDriverException: java.net.SocketException: Connection reset
                        Build info: version: '2.53.0', revision: '35ae25b1534ae328c771e0856c93e187490ca824', time: '2016-03-15 10:43:46'
                        System info: host: 'King', ip: '192.168.98.2', os.name: 'Windows 8.1', os.arch: 'amd64', os.version: '6.3', java.version:
                        '1.8.0_91'
                        Driver info: driver.version: AndroidDriver
                        	at io.appium.java_client.remote.AppiumCommandExecutor.execute(AppiumCommandExecutor.java:79)
                        	at org.openqa.selenium.remote.RemoteWebDriver.execute(RemoteWebDriver.java:644)
                        	... 24 more
                        Caused by: java.net.SocketException: Connection reset
                        	at java.net.SocketInputStream.read(SocketInputStream.java:209)
                        	at java.net.SocketInputStream.read(SocketInputStream.java:141)
                        	at org.apache.http.impl.conn.LoggingInputStream.read(LoggingInputStream.java:87)
                        	at org.apache.http.impl.io.SessionInputBufferImpl.streamRead(SessionInputBufferImpl.java:136)
                        	at org.apache.http.impl.io.SessionInputBufferImpl.fillBuffer(SessionInputBufferImpl.java:152)
                        	at org.apache.http.impl.io.SessionInputBufferImpl.readLine(SessionInputBufferImpl.java:270)
                        	at org.apache.http.impl.conn.DefaultHttpResponseParser.parseHead(DefaultHttpResponseParser.java:140)
                        	at org.apache.http.impl.conn.DefaultHttpResponseParser.parseHead(DefaultHttpResponseParser.java:57)
                        	at org.apache.http.impl.io.AbstractMessageParser.parse(AbstractMessageParser.java:260)
                        	at org.apache.http.impl.DefaultBHttpClientConnection.receiveResponseHeader(DefaultBHttpClientConnection.java:161)
                        	at sun.reflect.GeneratedMethodAccessor17.invoke(Unknown Source)
                        	at sun.reflect.DelegatingMethodAccessorImpl.invoke(DelegatingMethodAccessorImpl.java:43)
                        	at java.lang.reflect.Method.invoke(Method.java:498)
                        	at org.apache.http.impl.conn.CPoolProxy.invoke(CPoolProxy.java:138)
                        	at com.sun.proxy.$Proxy5.receiveResponseHeader(Unknown Source)
                        	at org.apache.http.protocol.HttpRequestExecutor.doReceiveResponse(HttpRequestExecutor.java:271)
                        	at org.apache.http.protocol.HttpRequestExecutor.execute(HttpRequestExecutor.java:123)
                        	at org.apache.http.impl.execchain.MainClientExec.execute(MainClientExec.java:254)
                        	at org.apache.http.impl.execchain.ProtocolExec.execute(ProtocolExec.java:195)
                        	at org.apache.http.impl.execchain.RetryExec.execute(RetryExec.java:86)
                        	at org.apache.http.impl.execchain.RedirectExec.execute(RedirectExec.java:108)
                        	at org.apache.http.impl.client.InternalHttpClient.doExecute(InternalHttpClient.java:186)
                        	at org.apache.http.impl.client.CloseableHttpClient.execute(CloseableHttpClient.java:72)
                        	at org.apache.http.impl.client.CloseableHttpClient.execute(CloseableHttpClient.java:57)
                        	at org.openqa.selenium.remote.internal.ApacheHttpClient.fallBackExecute(ApacheHttpClient.java:144)
                        	at org.openqa.selenium.remote.internal.ApacheHttpClient.execute(ApacheHttpClient.java:90)
                        	at org.openqa.selenium.remote.HttpCommandExecutor.execute(HttpCommandExecutor.java:142)
                        	at io.appium.java_client.remote.AppiumCommandExecutor.execute(AppiumCommandExecutor.java:67)
                        	... 25 more
                     </pre>
                  </div>
               </td>
            </tr>
            <tr id="TestCases.P2P_PPM_Mobile_SeriesA_case_23_byClass_FAIL25_row"
                class="testMethodStatusFAIL">
               <td width="100%" class="firstMethodCell">
                  <a onclick="toggleDetailsVisibility('TestCases.P2P_PPM_Mobile_SeriesA_case_23_byClass_FAIL25_details')">case_23()</a>
               </td>
               <td nowrap="true">18:29:30</td>
               <td nowrap="true" align="right">1s
                  
               </td>
               <td nowrap="true">
                  <a onclick="toggleDetailsVisibility('TestCases.P2P_PPM_Mobile_SeriesA_case_23_byClass_FAIL25_exception')">java.lang.reflect.InvocationTargetException: </a>
                   
                  
               </td>
            </tr>
            <tr>
               <td colspan="4"
                   style="padding: 0; background-color: white; border-style: none; height: 0px;">
                  <div id="TestCases.P2P_PPM_Mobile_SeriesA_case_23_byClass_FAIL25_details"
                       class="testMethodDetails">
                     <div>
                        <b>Name:
                           
                        </b>case_23
                     </div>
                     <div>
                        <b>Signature:
                           
                        </b>case_23()[pri:0, instance:TestCases.P2P_PPM_Mobile_SeriesA@57829d67]
                     </div>
                     <div>
                        <b>Start time:
                           
                        </b>18:29:30
                     </div>
                     <div>
                        <b>End time:
                           
                        </b>18:29:31
                     </div>
                     <div>
                        <b>Duration:
                           
                        </b>1s
                        
                     </div>
                  </div>
               </td>
            </tr>
            <tr>
               <td colspan="4"
                   style="padding: 0; background-color: white; border-style: none; height: 0px;">
                  <div id="TestCases.P2P_PPM_Mobile_SeriesA_case_23_byClass_FAIL25_exception"
                       class="testMethodDetails">
                     <pre style="padding: 5px; margin: 0;">java.lang.reflect.InvocationTargetException
                        	at sun.reflect.NativeMethodAccessorImpl.invoke0(Native Method)
                        	at sun.reflect.NativeMethodAccessorImpl.invoke(NativeMethodAccessorImpl.java:62)
                        	at sun.reflect.DelegatingMethodAccessorImpl.invoke(DelegatingMethodAccessorImpl.java:43)
                        	at java.lang.reflect.Method.invoke(Method.java:498)
                        	at com.dafycredit.giveu.test.service.RunUnit_Service.runCase(RunUnit_Service.java:99)
                        	at TestCases.P2P_PPM_Mobile_SeriesA.case_23(P2P_PPM_Mobile_SeriesA.java:162)
                        	at sun.reflect.NativeMethodAccessorImpl.invoke0(Native Method)
                        	at sun.reflect.NativeMethodAccessorImpl.invoke(NativeMethodAccessorImpl.java:62)
                        	at sun.reflect.DelegatingMethodAccessorImpl.invoke(DelegatingMethodAccessorImpl.java:43)
                        	at java.lang.reflect.Method.invoke(Method.java:498)
                        	at org.testng.internal.MethodInvocationHelper.invokeMethod(MethodInvocationHelper.java:86)
                        	at org.testng.internal.InvokeMethodRunnable.runOne(InvokeMethodRunnable.java:54)
                        	at org.testng.internal.InvokeMethodRunnable.run(InvokeMethodRunnable.java:44)
                        	at java.util.concurrent.Executors$RunnableAdapter.call(Executors.java:511)
                        	at java.util.concurrent.FutureTask.run(FutureTask.java:266)
                        	at java.util.concurrent.ThreadPoolExecutor.runWorker(ThreadPoolExecutor.java:1142)
                        	at java.util.concurrent.ThreadPoolExecutor$Worker.run(ThreadPoolExecutor.java:617)
                        	at java.lang.Thread.run(Thread.java:745)
                        Caused by: org.openqa.selenium.remote.UnreachableBrowserException: Error communicating with the remote browser. It may have
                        died.
                        Build info: version: '2.53.0', revision: '35ae25b1534ae328c771e0856c93e187490ca824', time: '2016-03-15 10:43:46'
                        System info: host: 'King', ip: '192.168.98.2', os.name: 'Windows 8.1', os.arch: 'amd64', os.version: '6.3', java.version:
                        '1.8.0_91'
                        Driver info: driver.version: AndroidDriver
                        Capabilities [{appPackage=com.giveu.corder, networkConnectionEnabled=true, noReset=true, warnings={}, databaseEnabled=false,
                        deviceName=b62f7ec6, fullReset=false, platform=LINUX, appActivity=.index.activity.SplashActivity, desired={appPackage=com.giveu.corder,
                        noReset=true, deviceName=Android Emulator, fullReset=false, appActivity=.index.activity.SplashActivity, newCommandTimeout=60000,
                        platformVersion=4.2.2, sessionOverride=true, unicodeKeyboard=true, autoWebview=true, platformName=Android, device=uiautomator,
                        resetKeyboard=true}, newCommandTimeout=60000, platformVersion=6.0.1, webStorageEnabled=false, locationContextEnabled=false,
                        browserName=Android, takesScreenshot=true, javascriptEnabled=true, sessionOverride=true, unicodeKeyboard=true, autoWebview=true,
                        platformName=Android, device=uiautomator, resetKeyboard=true}]
                        Session ID: 4afa3647-b9d3-4434-a52e-265fd71e5b6b
                        	at org.openqa.selenium.remote.RemoteWebDriver.execute(RemoteWebDriver.java:665)
                        	at io.appium.java_client.DefaultGenericMobileDriver.execute(DefaultGenericMobileDriver.java:42)
                        	at io.appium.java_client.AppiumDriver.execute(AppiumDriver.java:1)
                        	at io.appium.java_client.android.AndroidDriver.execute(AndroidDriver.java:1)
                        	at org.openqa.selenium.remote.RemoteWebDriver$RemoteWebDriverOptions$RemoteTimeouts.implicitlyWait(RemoteWebDriver.java:865)
                        	at com.dafycredit.giveu.test.handler.DBAction_Handler.dbQuery(DBAction_Handler.java:54)
                        	... 18 more
                        Caused by: org.openqa.selenium.WebDriverException: org.apache.http.conn.HttpHostConnectException: Connect to 127.0.0.1:4723
                        [/127.0.0.1] failed: Connection refused: connect
                        Build info: version: '2.53.0', revision: '35ae25b1534ae328c771e0856c93e187490ca824', time: '2016-03-15 10:43:46'
                        System info: host: 'King', ip: '192.168.98.2', os.name: 'Windows 8.1', os.arch: 'amd64', os.version: '6.3', java.version:
                        '1.8.0_91'
                        Driver info: driver.version: AndroidDriver
                        	at io.appium.java_client.remote.AppiumCommandExecutor.execute(AppiumCommandExecutor.java:79)
                        	at org.openqa.selenium.remote.RemoteWebDriver.execute(RemoteWebDriver.java:644)
                        	... 23 more
                        Caused by: org.apache.http.conn.HttpHostConnectException: Connect to 127.0.0.1:4723 [/127.0.0.1] failed: Connection refused:
                        connect
                        	at org.apache.http.impl.conn.HttpClientConnectionOperator.connect(HttpClientConnectionOperator.java:140)
                        	at org.apache.http.impl.conn.PoolingHttpClientConnectionManager.connect(PoolingHttpClientConnectionManager.java:314)
                        	at org.apache.http.impl.execchain.MainClientExec.establishRoute(MainClientExec.java:363)
                        	at org.apache.http.impl.execchain.MainClientExec.execute(MainClientExec.java:219)
                        	at org.apache.http.impl.execchain.ProtocolExec.execute(ProtocolExec.java:195)
                        	at org.apache.http.impl.execchain.RetryExec.execute(RetryExec.java:86)
                        	at org.apache.http.impl.execchain.RedirectExec.execute(RedirectExec.java:108)
                        	at org.apache.http.impl.client.InternalHttpClient.doExecute(InternalHttpClient.java:186)
                        	at org.apache.http.impl.client.CloseableHttpClient.execute(CloseableHttpClient.java:72)
                        	at org.apache.http.impl.client.CloseableHttpClient.execute(CloseableHttpClient.java:57)
                        	at org.openqa.selenium.remote.internal.ApacheHttpClient.fallBackExecute(ApacheHttpClient.java:144)
                        	at org.openqa.selenium.remote.internal.ApacheHttpClient.execute(ApacheHttpClient.java:90)
                        	at org.openqa.selenium.remote.HttpCommandExecutor.execute(HttpCommandExecutor.java:142)
                        	at io.appium.java_client.remote.AppiumCommandExecutor.execute(AppiumCommandExecutor.java:67)
                        	... 24 more
                        Caused by: java.net.ConnectException: Connection refused: connect
                        	at java.net.DualStackPlainSocketImpl.waitForConnect(Native Method)
                        	at java.net.DualStackPlainSocketImpl.socketConnect(DualStackPlainSocketImpl.java:85)
                        	at java.net.AbstractPlainSocketImpl.doConnect(AbstractPlainSocketImpl.java:350)
                        	at java.net.AbstractPlainSocketImpl.connectToAddress(AbstractPlainSocketImpl.java:206)
                        	at java.net.AbstractPlainSocketImpl.connect(AbstractPlainSocketImpl.java:188)
                        	at java.net.PlainSocketImpl.connect(PlainSocketImpl.java:172)
                        	at java.net.SocksSocketImpl.connect(SocksSocketImpl.java:392)
                        	at java.net.Socket.connect(Socket.java:589)
                        	at org.apache.http.conn.socket.PlainConnectionSocketFactory.connectSocket(PlainConnectionSocketFactory.java:72)
                        	at org.apache.http.impl.conn.HttpClientConnectionOperator.connect(HttpClientConnectionOperator.java:117)
                        	... 37 more
                     </pre>
                  </div>
               </td>
            </tr>
            <tr id="TestCases.P2P_PPM_Mobile_SeriesA_And_byClass_PASS26_row"
                class="testMethodStatusPASS testMethodStatusCONF">
               <td width="100%" class="firstMethodCell">
                  <a onclick="toggleDetailsVisibility('TestCases.P2P_PPM_Mobile_SeriesA_And_byClass_PASS26_details')">And()</a>
               </td>
               <td nowrap="true">18:29:31</td>
               <td nowrap="true" align="right">1s
                  
               </td>
               <td nowrap="true">
                   
                  
               </td>
            </tr>
            <tr>
               <td colspan="4"
                   style="padding: 0; background-color: white; border-style: none; height: 0px;">
                  <div id="TestCases.P2P_PPM_Mobile_SeriesA_And_byClass_PASS26_details"
                       class="testMethodDetails">
                     <div>
                        <b>Name:
                           
                        </b>And
                     </div>
                     <div>
                        <b>Signature:
                           
                        </b>And()[pri:0, instance:TestCases.P2P_PPM_Mobile_SeriesA@57829d67]
                     </div>
                     <div>
                        <b>Start time:
                           
                        </b>18:29:31
                     </div>
                     <div>
                        <b>End time:
                           
                        </b>18:29:32
                     </div>
                     <div>
                        <b>Duration:
                           
                        </b>1s
                        
                     </div>
                  </div>
               </td>
            </tr>
            <tr></tr>
         </table>
         <br></br>
      </div>
      <div style="margin-top: 15px; color: gray; text-align: center; font-size: 9px;">
         Generated with
         
         <a href="http://code.google.com/p/testng-xslt/" style="color: #8888aa;"
            target="_blank">
            TestNG XSLT
            
         </a>
      </div>
   </body>
</html>